\BOOKMARK [0][-]{chapter.1}{\376\377\0001\000\040\000<\000i\000m\000g\000\040\000s\000r\000c\000=\000`\000\250\000h\000t\000t\000p\000s\000:\000/\000/\000g\000i\000t\000h\000u\000b\000.\000c\000o\000m\000/\000B\000S\000P\000Q\000E\0002\0000\000-\0002\0001\000/\000B\000S\000P\000Q\0002\0001\000-\000E\0001\000/\000b\000l\000o\000b\000/\000m\000a\000i\000n\000/\000s\000r\000c\000/\000m\000a\000i\000n\000/\000r\000e\000s\000o\000u\000r\000c\000e\000s\000/\000i\000m\000a\000g\000e\000s\000/\000A\000i\000r\000B\000V\000.\000p\000n\000g\000`\000\250\000\040\000a\000l\000t\000=\000`\000\250\000a\000l\000t\000\040\000t\000e\000x\000t\000`\000\250\000\040\000t\000i\000t\000l\000e\000=\000`\000\250\000L\000o\000g\000o\000`\000\250\000/\000>\000\040\000A\000i\000r\000B\000\046\000V\000\040\000p\000r\000o\000j\000e\000c\000t}{}% 1
\BOOKMARK [1][-]{subsubsection.1.0.0.1}{\376\377\0001\000.\0000\000.\0000\000.\0001\000\040\000<\000s\000t\000r\000o\000n\000g\000>\000T\000a\000b\000l\000e\000\040\000o\000f\000\040\000c\000o\000n\000t\000e\000n\000t\000s\000<\000/\000s\000t\000r\000o\000n\000g\000>\000<\000b\000r\000>}{chapter.1}% 2
\BOOKMARK [1][-]{section.1.1}{\376\377\0001\000.\0001\000\040\000A\000b\000o\000u\000t\000\040\000u\000s}{chapter.1}% 3
\BOOKMARK [1][-]{section.1.2}{\376\377\0001\000.\0002\000\040\000A\000b\000o\000u\000t\000\040\000t\000h\000e\000\040\000p\000r\000o\000j\000e\000c\000t}{chapter.1}% 4
\BOOKMARK [1][-]{section.1.3}{\376\377\0001\000.\0003\000\040\000P\000r\000e\000-\000r\000e\000q\000u\000i\000s\000i\000t\000e\000s}{chapter.1}% 5
\BOOKMARK [1][-]{section.1.4}{\376\377\0001\000.\0004\000\040\000B\000u\000i\000l\000d\000i\000n\000g\000\040\000a\000n\000d\000\040\000r\000u\000n\000n\000i\000n\000g\000\040\000t\000h\000e\000\040\000p\000r\000o\000j\000e\000c\000t}{chapter.1}% 6
\BOOKMARK [1][-]{section.1.5}{\376\377\0001\000.\0005\000\040\000G\000e\000n\000e\000r\000a\000t\000i\000n\000g\000\040\000r\000e\000p\000o\000r\000t\000s}{chapter.1}% 7
\BOOKMARK [0][-]{chapter.2}{\376\377\0002\000\040\000N\000a\000m\000e\000s\000p\000a\000c\000e\000\040\000I\000n\000d\000e\000x}{}% 8
\BOOKMARK [1][-]{section.2.1}{\376\377\0002\000.\0001\000\040\000P\000a\000c\000k\000a\000g\000e\000s}{chapter.2}% 9
\BOOKMARK [0][-]{chapter.3}{\376\377\0003\000\040\000H\000i\000e\000r\000a\000r\000c\000h\000i\000c\000a\000l\000\040\000I\000n\000d\000e\000x}{}% 10
\BOOKMARK [1][-]{section.3.1}{\376\377\0003\000.\0001\000\040\000C\000l\000a\000s\000s\000\040\000H\000i\000e\000r\000a\000r\000c\000h\000y}{chapter.3}% 11
\BOOKMARK [0][-]{chapter.4}{\376\377\0004\000\040\000C\000l\000a\000s\000s\000\040\000I\000n\000d\000e\000x}{}% 12
\BOOKMARK [1][-]{section.4.1}{\376\377\0004\000.\0001\000\040\000C\000l\000a\000s\000s\000\040\000L\000i\000s\000t}{chapter.4}% 13
\BOOKMARK [0][-]{chapter.5}{\376\377\0005\000\040\000F\000i\000l\000e\000\040\000I\000n\000d\000e\000x}{}% 14
\BOOKMARK [1][-]{section.5.1}{\376\377\0005\000.\0001\000\040\000F\000i\000l\000e\000\040\000L\000i\000s\000t}{chapter.5}% 15
\BOOKMARK [0][-]{chapter.6}{\376\377\0006\000\040\000N\000a\000m\000e\000s\000p\000a\000c\000e\000\040\000D\000o\000c\000u\000m\000e\000n\000t\000a\000t\000i\000o\000n}{}% 16
\BOOKMARK [1][-]{section.6.1}{\376\377\0006\000.\0001\000\040\000P\000a\000c\000k\000a\000g\000e\000\040\000c\000l\000i\000e\000n\000t\000.\000m\000a\000i\000n}{chapter.6}% 17
\BOOKMARK [2][-]{subsection.6.1.1}{\376\377\0006\000.\0001\000.\0001\000\040\000D\000e\000t\000a\000i\000l\000e\000d\000\040\000D\000e\000s\000c\000r\000i\000p\000t\000i\000o\000n}{section.6.1}% 18
\BOOKMARK [1][-]{section.6.2}{\376\377\0006\000.\0002\000\040\000P\000a\000c\000k\000a\000g\000e\000\040\000e\000s\000.\000d\000e\000u\000s\000t\000o\000.\000b\000s\000p\000q\0002\0001\000e\0001\000.\000c\000l\000i\000e\000n\000t\000.\000c\000o\000n\000t\000r\000o\000l\000l\000e\000r}{chapter.6}% 19
\BOOKMARK [1][-]{section.6.3}{\376\377\0006\000.\0003\000\040\000P\000a\000c\000k\000a\000g\000e\000\040\000e\000s\000.\000d\000e\000u\000s\000t\000o\000.\000b\000s\000p\000q\0002\0001\000e\0001\000.\000c\000l\000i\000e\000n\000t\000.\000g\000u\000i}{chapter.6}% 20
\BOOKMARK [1][-]{section.6.4}{\376\377\0006\000.\0004\000\040\000P\000a\000c\000k\000a\000g\000e\000\040\000e\000s\000.\000d\000e\000u\000s\000t\000o\000.\000b\000s\000p\000q\0002\0001\000e\0001\000.\000c\000l\000i\000e\000n\000t\000.\000m\000a\000i\000n}{chapter.6}% 21
\BOOKMARK [1][-]{section.6.5}{\376\377\0006\000.\0005\000\040\000P\000a\000c\000k\000a\000g\000e\000\040\000e\000s\000.\000d\000e\000u\000s\000t\000o\000.\000b\000s\000p\000q\0002\0001\000e\0001\000.\000s\000e\000r\000i\000a\000l\000i\000z\000a\000t\000i\000o\000n}{chapter.6}% 22
\BOOKMARK [1][-]{section.6.6}{\376\377\0006\000.\0006\000\040\000P\000a\000c\000k\000a\000g\000e\000\040\000e\000s\000.\000d\000e\000u\000s\000t\000o\000.\000b\000s\000p\000q\0002\0001\000e\0001\000.\000s\000e\000r\000v\000e\000r}{chapter.6}% 23
\BOOKMARK [1][-]{section.6.7}{\376\377\0006\000.\0007\000\040\000P\000a\000c\000k\000a\000g\000e\000\040\000e\000s\000.\000d\000e\000u\000s\000t\000o\000.\000b\000s\000p\000q\0002\0001\000e\0001\000.\000s\000e\000r\000v\000e\000r\000.\000d\000a\000o}{chapter.6}% 24
\BOOKMARK [1][-]{section.6.8}{\376\377\0006\000.\0008\000\040\000P\000a\000c\000k\000a\000g\000e\000\040\000e\000s\000.\000d\000e\000u\000s\000t\000o\000.\000b\000s\000p\000q\0002\0001\000e\0001\000.\000s\000e\000r\000v\000e\000r\000.\000d\000a\000t\000a}{chapter.6}% 25
\BOOKMARK [1][-]{section.6.9}{\376\377\0006\000.\0009\000\040\000P\000a\000c\000k\000a\000g\000e\000\040\000e\000s\000.\000d\000e\000u\000s\000t\000o\000.\000b\000s\000p\000q\0002\0001\000e\0001\000.\000s\000e\000r\000v\000e\000r\000.\000d\000t\000o}{chapter.6}% 26
\BOOKMARK [1][-]{section.6.10}{\376\377\0006\000.\0001\0000\000\040\000P\000a\000c\000k\000a\000g\000e\000\040\000e\000s\000.\000d\000e\000u\000s\000t\000o\000.\000b\000s\000p\000q\0002\0001\000e\0001\000.\000s\000e\000r\000v\000e\000r\000.\000r\000e\000m\000o\000t\000e}{chapter.6}% 27
\BOOKMARK [0][-]{chapter.7}{\376\377\0007\000\040\000C\000l\000a\000s\000s\000\040\000D\000o\000c\000u\000m\000e\000n\000t\000a\000t\000i\000o\000n}{}% 28
\BOOKMARK [1][-]{section.7.1}{\376\377\0007\000.\0001\000\040\000e\000s\000.\000d\000e\000u\000s\000t\000o\000.\000b\000s\000p\000q\0002\0001\000e\0001\000.\000s\000e\000r\000v\000e\000r\000.\000r\000e\000m\000o\000t\000e\000.\000A\000i\000r\000B\000V\000\040\000C\000l\000a\000s\000s\000\040\000R\000e\000f\000e\000r\000e\000n\000c\000e}{chapter.7}% 29
\BOOKMARK [2][-]{subsection.7.1.1}{\376\377\0007\000.\0001\000.\0001\000\040\000D\000e\000t\000a\000i\000l\000e\000d\000\040\000D\000e\000s\000c\000r\000i\000p\000t\000i\000o\000n}{section.7.1}% 30
\BOOKMARK [2][-]{subsection.7.1.2}{\376\377\0007\000.\0001\000.\0002\000\040\000C\000o\000n\000s\000t\000r\000u\000c\000t\000o\000r\000\040\000\046\000\040\000D\000e\000s\000t\000r\000u\000c\000t\000o\000r\000\040\000D\000o\000c\000u\000m\000e\000n\000t\000a\000t\000i\000o\000n}{section.7.1}% 31
\BOOKMARK [3][-]{subsubsection.7.1.2.1}{\376\377\0007\000.\0001\000.\0002\000.\0001\000\040\000A\000i\000r\000B\000V\000\050\000\051}{subsection.7.1.2}% 32
\BOOKMARK [2][-]{subsection.7.1.3}{\376\377\0007\000.\0001\000.\0003\000\040\000M\000e\000m\000b\000e\000r\000\040\000F\000u\000n\000c\000t\000i\000o\000n\000\040\000D\000o\000c\000u\000m\000e\000n\000t\000a\000t\000i\000o\000n}{section.7.1}% 33
\BOOKMARK [3][-]{subsubsection.7.1.3.1}{\376\377\0007\000.\0001\000.\0003\000.\0001\000\040\000c\000a\000n\000c\000e\000l\000R\000e\000s\000e\000r\000v\000a\000t\000i\000o\000n\000\050\000\051}{subsection.7.1.3}% 34
\BOOKMARK [3][-]{subsubsection.7.1.3.2}{\376\377\0007\000.\0001\000.\0003\000.\0002\000\040\000d\000e\000l\000e\000t\000e\000U\000s\000e\000r\000\050\000\051}{subsection.7.1.3}% 35
\BOOKMARK [3][-]{subsubsection.7.1.3.3}{\376\377\0007\000.\0001\000.\0003\000.\0003\000\040\000d\000e\000l\000e\000t\000e\000V\000a\000n\000\050\000\051}{subsection.7.1.3}% 36
\BOOKMARK [3][-]{subsubsection.7.1.3.4}{\376\377\0007\000.\0001\000.\0003\000.\0004\000\040\000g\000e\000t\000U\000s\000e\000r\000R\000e\000s\000e\000r\000v\000a\000t\000i\000o\000n\000s\000\050\000\051}{subsection.7.1.3}% 37
\BOOKMARK [3][-]{subsubsection.7.1.3.5}{\376\377\0007\000.\0001\000.\0003\000.\0005\000\040\000g\000e\000t\000U\000s\000e\000r\000V\000a\000n\000s\000\050\000\051}{subsection.7.1.3}% 38
\BOOKMARK [3][-]{subsubsection.7.1.3.6}{\376\377\0007\000.\0001\000.\0003\000.\0006\000\040\000l\000o\000g\000i\000n\000\050\000\051}{subsection.7.1.3}% 39
\BOOKMARK [3][-]{subsubsection.7.1.3.7}{\376\377\0007\000.\0001\000.\0003\000.\0007\000\040\000r\000e\000g\000i\000s\000t\000e\000r\000R\000e\000s\000e\000r\000v\000a\000t\000i\000o\000n\000\050\000\051}{subsection.7.1.3}% 40
\BOOKMARK [3][-]{subsubsection.7.1.3.8}{\376\377\0007\000.\0001\000.\0003\000.\0008\000\040\000r\000e\000g\000i\000s\000t\000e\000r\000R\000e\000s\000e\000r\000v\000a\000t\000i\000o\000n\000s\000L\000i\000s\000t\000\050\000\051}{subsection.7.1.3}% 41
\BOOKMARK [3][-]{subsubsection.7.1.3.9}{\376\377\0007\000.\0001\000.\0003\000.\0009\000\040\000r\000e\000g\000i\000s\000t\000e\000r\000U\000s\000e\000r\000\050\000\051}{subsection.7.1.3}% 42
\BOOKMARK [3][-]{subsubsection.7.1.3.10}{\376\377\0007\000.\0001\000.\0003\000.\0001\0000\000\040\000r\000e\000g\000i\000s\000t\000e\000r\000U\000s\000e\000r\000s\000L\000i\000s\000t\000\050\000\051}{subsection.7.1.3}% 43
\BOOKMARK [3][-]{subsubsection.7.1.3.11}{\376\377\0007\000.\0001\000.\0003\000.\0001\0001\000\040\000r\000e\000g\000i\000s\000t\000e\000r\000V\000a\000n\000\050\000\051}{subsection.7.1.3}% 44
\BOOKMARK [3][-]{subsubsection.7.1.3.12}{\376\377\0007\000.\0001\000.\0003\000.\0001\0002\000\040\000r\000e\000g\000i\000s\000t\000e\000r\000V\000a\000n\000s\000L\000i\000s\000t\000\050\000\051}{subsection.7.1.3}% 45
\BOOKMARK [3][-]{subsubsection.7.1.3.13}{\376\377\0007\000.\0001\000.\0003\000.\0001\0003\000\040\000s\000e\000a\000r\000c\000h\000V\000a\000n\000s\000\050\000\051}{subsection.7.1.3}% 46
\BOOKMARK [1][-]{section.7.2}{\376\377\0007\000.\0002\000\040\000e\000s\000.\000d\000e\000u\000s\000t\000o\000.\000b\000s\000p\000q\0002\0001\000e\0001\000.\000c\000l\000i\000e\000n\000t\000.\000m\000a\000i\000n\000.\000A\000i\000r\000B\000V\000C\000l\000i\000e\000n\000t\000\040\000C\000l\000a\000s\000s\000\040\000R\000e\000f\000e\000r\000e\000n\000c\000e}{chapter.7}% 47
\BOOKMARK [2][-]{subsection.7.2.1}{\376\377\0007\000.\0002\000.\0001\000\040\000D\000e\000t\000a\000i\000l\000e\000d\000\040\000D\000e\000s\000c\000r\000i\000p\000t\000i\000o\000n}{section.7.2}% 48
\BOOKMARK [2][-]{subsection.7.2.2}{\376\377\0007\000.\0002\000.\0002\000\040\000M\000e\000m\000b\000e\000r\000\040\000F\000u\000n\000c\000t\000i\000o\000n\000\040\000D\000o\000c\000u\000m\000e\000n\000t\000a\000t\000i\000o\000n}{section.7.2}% 49
\BOOKMARK [3][-]{subsubsection.7.2.2.1}{\376\377\0007\000.\0002\000.\0002\000.\0001\000\040\000m\000a\000i\000n\000\050\000\051}{subsection.7.2.2}% 50
\BOOKMARK [1][-]{section.7.3}{\376\377\0007\000.\0003\000\040\000e\000s\000.\000d\000e\000u\000s\000t\000o\000.\000b\000s\000p\000q\0002\0001\000e\0001\000.\000s\000e\000r\000v\000e\000r\000.\000A\000i\000r\000B\000V\000S\000e\000r\000v\000i\000c\000e\000\040\000C\000l\000a\000s\000s\000\040\000R\000e\000f\000e\000r\000e\000n\000c\000e}{chapter.7}% 51
\BOOKMARK [2][-]{subsection.7.3.1}{\376\377\0007\000.\0003\000.\0001\000\040\000D\000e\000t\000a\000i\000l\000e\000d\000\040\000D\000e\000s\000c\000r\000i\000p\000t\000i\000o\000n}{section.7.3}% 52
\BOOKMARK [2][-]{subsection.7.3.2}{\376\377\0007\000.\0003\000.\0002\000\040\000C\000o\000n\000s\000t\000r\000u\000c\000t\000o\000r\000\040\000\046\000\040\000D\000e\000s\000t\000r\000u\000c\000t\000o\000r\000\040\000D\000o\000c\000u\000m\000e\000n\000t\000a\000t\000i\000o\000n}{section.7.3}% 53
\BOOKMARK [3][-]{subsubsection.7.3.2.1}{\376\377\0007\000.\0003\000.\0002\000.\0001\000\040\000A\000i\000r\000B\000V\000S\000e\000r\000v\000i\000c\000e\000\050\000\051}{subsection.7.3.2}% 54
\BOOKMARK [2][-]{subsection.7.3.3}{\376\377\0007\000.\0003\000.\0003\000\040\000M\000e\000m\000b\000e\000r\000\040\000F\000u\000n\000c\000t\000i\000o\000n\000\040\000D\000o\000c\000u\000m\000e\000n\000t\000a\000t\000i\000o\000n}{section.7.3}% 55
\BOOKMARK [3][-]{subsubsection.7.3.3.1}{\376\377\0007\000.\0003\000.\0003\000.\0001\000\040\000c\000a\000n\000c\000e\000l\000R\000e\000s\000e\000r\000v\000a\000t\000i\000o\000n\000\050\000\051}{subsection.7.3.3}% 56
\BOOKMARK [3][-]{subsubsection.7.3.3.2}{\376\377\0007\000.\0003\000.\0003\000.\0002\000\040\000d\000e\000l\000e\000t\000e\000U\000s\000e\000r\000\050\000\051}{subsection.7.3.3}% 57
\BOOKMARK [3][-]{subsubsection.7.3.3.3}{\376\377\0007\000.\0003\000.\0003\000.\0003\000\040\000d\000e\000l\000e\000t\000e\000V\000a\000n\000\050\000\051}{subsection.7.3.3}% 58
\BOOKMARK [3][-]{subsubsection.7.3.3.4}{\376\377\0007\000.\0003\000.\0003\000.\0004\000\040\000g\000e\000t\000U\000s\000e\000r\000R\000e\000s\000e\000r\000v\000a\000t\000i\000o\000n\000s\000\050\000\051}{subsection.7.3.3}% 59
\BOOKMARK [3][-]{subsubsection.7.3.3.5}{\376\377\0007\000.\0003\000.\0003\000.\0005\000\040\000g\000e\000t\000U\000s\000e\000r\000V\000a\000n\000s\000\050\000\051}{subsection.7.3.3}% 60
\BOOKMARK [3][-]{subsubsection.7.3.3.6}{\376\377\0007\000.\0003\000.\0003\000.\0006\000\040\000l\000o\000g\000i\000n\000\050\000\051}{subsection.7.3.3}% 61
\BOOKMARK [3][-]{subsubsection.7.3.3.7}{\376\377\0007\000.\0003\000.\0003\000.\0007\000\040\000r\000e\000g\000i\000s\000t\000e\000r\000R\000e\000s\000e\000r\000v\000a\000t\000i\000o\000n\000\050\000\051}{subsection.7.3.3}% 62
\BOOKMARK [3][-]{subsubsection.7.3.3.8}{\376\377\0007\000.\0003\000.\0003\000.\0008\000\040\000r\000e\000g\000i\000s\000t\000e\000r\000R\000e\000s\000e\000r\000v\000a\000t\000i\000o\000n\000s\000L\000i\000s\000t\000\050\000\051}{subsection.7.3.3}% 63
\BOOKMARK [3][-]{subsubsection.7.3.3.9}{\376\377\0007\000.\0003\000.\0003\000.\0009\000\040\000r\000e\000g\000i\000s\000t\000e\000r\000U\000s\000e\000r\000\050\000\051}{subsection.7.3.3}% 64
\BOOKMARK [3][-]{subsubsection.7.3.3.10}{\376\377\0007\000.\0003\000.\0003\000.\0001\0000\000\040\000r\000e\000g\000i\000s\000t\000e\000r\000U\000s\000e\000r\000s\000L\000i\000s\000t\000\050\000\051}{subsection.7.3.3}% 65
\BOOKMARK [3][-]{subsubsection.7.3.3.11}{\376\377\0007\000.\0003\000.\0003\000.\0001\0001\000\040\000r\000e\000g\000i\000s\000t\000e\000r\000V\000a\000n\000\050\000\051}{subsection.7.3.3}% 66
\BOOKMARK [3][-]{subsubsection.7.3.3.12}{\376\377\0007\000.\0003\000.\0003\000.\0001\0002\000\040\000r\000e\000g\000i\000s\000t\000e\000r\000V\000a\000n\000s\000L\000i\000s\000t\000\050\000\051}{subsection.7.3.3}% 67
\BOOKMARK [3][-]{subsubsection.7.3.3.13}{\376\377\0007\000.\0003\000.\0003\000.\0001\0003\000\040\000s\000e\000a\000r\000c\000h\000V\000a\000n\000s\000\050\000\051}{subsection.7.3.3}% 68
\BOOKMARK [3][-]{subsubsection.7.3.3.14}{\376\377\0007\000.\0003\000.\0003\000.\0001\0004\000\040\000s\000e\000a\000r\000c\000h\000V\000a\000n\000s\000B\000y\000L\000o\000c\000a\000t\000i\000o\000n\000\050\000\051}{subsection.7.3.3}% 69
\BOOKMARK [1][-]{section.7.4}{\376\377\0007\000.\0004\000\040\000e\000s\000.\000d\000e\000u\000s\000t\000o\000.\000b\000s\000p\000q\0002\0001\000e\0001\000.\000s\000e\000r\000v\000e\000r\000.\000A\000i\000r\000B\000V\000S\000e\000r\000v\000i\000c\000e\000T\000e\000s\000t\000\040\000C\000l\000a\000s\000s\000\040\000R\000e\000f\000e\000r\000e\000n\000c\000e}{chapter.7}% 70
\BOOKMARK [2][-]{subsection.7.4.1}{\376\377\0007\000.\0004\000.\0001\000\040\000D\000e\000t\000a\000i\000l\000e\000d\000\040\000D\000e\000s\000c\000r\000i\000p\000t\000i\000o\000n}{section.7.4}% 71
\BOOKMARK [2][-]{subsection.7.4.2}{\376\377\0007\000.\0004\000.\0002\000\040\000M\000e\000m\000b\000e\000r\000\040\000F\000u\000n\000c\000t\000i\000o\000n\000\040\000D\000o\000c\000u\000m\000e\000n\000t\000a\000t\000i\000o\000n}{section.7.4}% 72
\BOOKMARK [3][-]{subsubsection.7.4.2.1}{\376\377\0007\000.\0004\000.\0002\000.\0001\000\040\000g\000e\000t\000U\000s\000e\000r\000R\000e\000s\000e\000r\000v\000a\000t\000i\000o\000n\000s\000T\000e\000s\000t\000\050\000\051}{subsection.7.4.2}% 73
\BOOKMARK [3][-]{subsubsection.7.4.2.2}{\376\377\0007\000.\0004\000.\0002\000.\0002\000\040\000g\000e\000t\000U\000s\000e\000r\000V\000a\000n\000s\000\050\000\051}{subsection.7.4.2}% 74
\BOOKMARK [3][-]{subsubsection.7.4.2.3}{\376\377\0007\000.\0004\000.\0002\000.\0003\000\040\000l\000o\000g\000i\000n\000T\000e\000s\000t\000\050\000\051}{subsection.7.4.2}% 75
\BOOKMARK [3][-]{subsubsection.7.4.2.4}{\376\377\0007\000.\0004\000.\0002\000.\0004\000\040\000s\000e\000a\000r\000c\000h\000V\000a\000n\000s\000B\000y\000L\000o\000c\000a\000t\000i\000o\000n\000T\000e\000s\000t\000\050\000\051}{subsection.7.4.2}% 76
\BOOKMARK [3][-]{subsubsection.7.4.2.5}{\376\377\0007\000.\0004\000.\0002\000.\0005\000\040\000s\000e\000a\000r\000c\000h\000V\000a\000n\000s\000T\000e\000s\000t\000\050\000\051}{subsection.7.4.2}% 77
\BOOKMARK [3][-]{subsubsection.7.4.2.6}{\376\377\0007\000.\0004\000.\0002\000.\0006\000\040\000s\000e\000t\000U\000p\000\050\000\051}{subsection.7.4.2}% 78
\BOOKMARK [3][-]{subsubsection.7.4.2.7}{\376\377\0007\000.\0004\000.\0002\000.\0007\000\040\000t\000e\000a\000r\000D\000o\000w\000n\000\050\000\051}{subsection.7.4.2}% 79
\BOOKMARK [2][-]{subsection.7.4.3}{\376\377\0007\000.\0004\000.\0003\000\040\000M\000e\000m\000b\000e\000r\000\040\000D\000a\000t\000a\000\040\000D\000o\000c\000u\000m\000e\000n\000t\000a\000t\000i\000o\000n}{section.7.4}% 80
\BOOKMARK [3][-]{subsubsection.7.4.3.1}{\376\377\0007\000.\0004\000.\0003\000.\0001\000\040\000r\000u\000l\000e}{subsection.7.4.3}% 81
\BOOKMARK [1][-]{section.7.5}{\376\377\0007\000.\0005\000\040\000e\000s\000.\000d\000e\000u\000s\000t\000o\000.\000b\000s\000p\000q\0002\0001\000e\0001\000.\000s\000e\000r\000v\000e\000r\000.\000r\000e\000m\000o\000t\000e\000.\000A\000i\000r\000B\000V\000T\000e\000s\000t\000\040\000C\000l\000a\000s\000s\000\040\000R\000e\000f\000e\000r\000e\000n\000c\000e}{chapter.7}% 82
\BOOKMARK [2][-]{subsection.7.5.1}{\376\377\0007\000.\0005\000.\0001\000\040\000D\000e\000t\000a\000i\000l\000e\000d\000\040\000D\000e\000s\000c\000r\000i\000p\000t\000i\000o\000n}{section.7.5}% 83
\BOOKMARK [2][-]{subsection.7.5.2}{\376\377\0007\000.\0005\000.\0002\000\040\000M\000e\000m\000b\000e\000r\000\040\000F\000u\000n\000c\000t\000i\000o\000n\000\040\000D\000o\000c\000u\000m\000e\000n\000t\000a\000t\000i\000o\000n}{section.7.5}% 84
\BOOKMARK [3][-]{subsubsection.7.5.2.1}{\376\377\0007\000.\0005\000.\0002\000.\0001\000\040\000g\000e\000t\000U\000s\000e\000r\000R\000e\000s\000e\000r\000v\000a\000t\000i\000o\000n\000s\000\050\000\051}{subsection.7.5.2}% 85
\BOOKMARK [3][-]{subsubsection.7.5.2.2}{\376\377\0007\000.\0005\000.\0002\000.\0002\000\040\000g\000e\000t\000U\000s\000e\000r\000V\000a\000n\000s\000\050\000\051}{subsection.7.5.2}% 86
\BOOKMARK [3][-]{subsubsection.7.5.2.3}{\376\377\0007\000.\0005\000.\0002\000.\0003\000\040\000l\000o\000g\000i\000n\000T\000e\000s\000t\000\050\000\051}{subsection.7.5.2}% 87
\BOOKMARK [3][-]{subsubsection.7.5.2.4}{\376\377\0007\000.\0005\000.\0002\000.\0004\000\040\000s\000e\000a\000r\000c\000h\000V\000a\000n\000s\000\050\000\051}{subsection.7.5.2}% 88
\BOOKMARK [3][-]{subsubsection.7.5.2.5}{\376\377\0007\000.\0005\000.\0002\000.\0005\000\040\000s\000e\000t\000U\000p\000\050\000\051}{subsection.7.5.2}% 89
\BOOKMARK [3][-]{subsubsection.7.5.2.6}{\376\377\0007\000.\0005\000.\0002\000.\0006\000\040\000t\000e\000a\000r\000D\000o\000w\000n\000\050\000\051}{subsection.7.5.2}% 90
\BOOKMARK [2][-]{subsection.7.5.3}{\376\377\0007\000.\0005\000.\0003\000\040\000M\000e\000m\000b\000e\000r\000\040\000D\000a\000t\000a\000\040\000D\000o\000c\000u\000m\000e\000n\000t\000a\000t\000i\000o\000n}{section.7.5}% 91
\BOOKMARK [3][-]{subsubsection.7.5.3.1}{\376\377\0007\000.\0005\000.\0003\000.\0001\000\040\000r\000u\000l\000e}{subsection.7.5.3}% 92
\BOOKMARK [1][-]{section.7.6}{\376\377\0007\000.\0006\000\040\000e\000s\000.\000d\000e\000u\000s\000t\000o\000.\000b\000s\000p\000q\0002\0001\000e\0001\000.\000s\000e\000r\000v\000e\000r\000.\000d\000t\000o\000.\000A\000s\000s\000e\000m\000b\000l\000e\000r\000\040\000C\000l\000a\000s\000s\000\040\000R\000e\000f\000e\000r\000e\000n\000c\000e}{chapter.7}% 93
\BOOKMARK [2][-]{subsection.7.6.1}{\376\377\0007\000.\0006\000.\0001\000\040\000D\000e\000t\000a\000i\000l\000e\000d\000\040\000D\000e\000s\000c\000r\000i\000p\000t\000i\000o\000n}{section.7.6}% 94
\BOOKMARK [2][-]{subsection.7.6.2}{\376\377\0007\000.\0006\000.\0002\000\040\000M\000e\000m\000b\000e\000r\000\040\000F\000u\000n\000c\000t\000i\000o\000n\000\040\000D\000o\000c\000u\000m\000e\000n\000t\000a\000t\000i\000o\000n}{section.7.6}% 95
\BOOKMARK [3][-]{subsubsection.7.6.2.1}{\376\377\0007\000.\0006\000.\0002\000.\0001\000\040\000a\000s\000s\000e\000m\000b\000l\000e\000R\000e\000s\000e\000r\000v\000a\000t\000i\000o\000n\000\050\000\051}{subsection.7.6.2}% 96
\BOOKMARK [3][-]{subsubsection.7.6.2.2}{\376\377\0007\000.\0006\000.\0002\000.\0002\000\040\000a\000s\000s\000e\000m\000b\000l\000e\000R\000e\000v\000i\000e\000w\000\050\000\051}{subsection.7.6.2}% 97
\BOOKMARK [3][-]{subsubsection.7.6.2.3}{\376\377\0007\000.\0006\000.\0002\000.\0003\000\040\000a\000s\000s\000e\000m\000b\000l\000e\000U\000s\000e\000r\000\050\000\051}{subsection.7.6.2}% 98
\BOOKMARK [3][-]{subsubsection.7.6.2.4}{\376\377\0007\000.\0006\000.\0002\000.\0004\000\040\000a\000s\000s\000e\000m\000b\000l\000e\000V\000a\000n\000\050\000\051}{subsection.7.6.2}% 99
\BOOKMARK [3][-]{subsubsection.7.6.2.5}{\376\377\0007\000.\0006\000.\0002\000.\0005\000\040\000d\000i\000s\000a\000s\000s\000e\000m\000b\000l\000e\000R\000e\000s\000e\000r\000v\000a\000t\000i\000o\000n\000\050\000\051}{subsection.7.6.2}% 100
\BOOKMARK [3][-]{subsubsection.7.6.2.6}{\376\377\0007\000.\0006\000.\0002\000.\0006\000\040\000d\000i\000s\000a\000s\000s\000e\000m\000b\000l\000e\000R\000e\000v\000i\000e\000w\000\050\000\051}{subsection.7.6.2}% 101
\BOOKMARK [3][-]{subsubsection.7.6.2.7}{\376\377\0007\000.\0006\000.\0002\000.\0007\000\040\000d\000i\000s\000a\000s\000s\000e\000m\000b\000l\000e\000U\000s\000e\000r\000\050\000\051}{subsection.7.6.2}% 102
\BOOKMARK [3][-]{subsubsection.7.6.2.8}{\376\377\0007\000.\0006\000.\0002\000.\0008\000\040\000d\000i\000s\000a\000s\000s\000e\000m\000b\000l\000e\000V\000a\000n\000\050\000\051}{subsection.7.6.2}% 103
\BOOKMARK [1][-]{section.7.7}{\376\377\0007\000.\0007\000\040\000e\000s\000.\000d\000e\000u\000s\000t\000o\000.\000b\000s\000p\000q\0002\0001\000e\0001\000.\000s\000e\000r\000v\000e\000r\000.\000d\000t\000o\000.\000A\000s\000s\000e\000m\000b\000l\000e\000r\000T\000e\000s\000t\000\040\000C\000l\000a\000s\000s\000\040\000R\000e\000f\000e\000r\000e\000n\000c\000e}{chapter.7}% 104
\BOOKMARK [2][-]{subsection.7.7.1}{\376\377\0007\000.\0007\000.\0001\000\040\000D\000e\000t\000a\000i\000l\000e\000d\000\040\000D\000e\000s\000c\000r\000i\000p\000t\000i\000o\000n}{section.7.7}% 105
\BOOKMARK [2][-]{subsection.7.7.2}{\376\377\0007\000.\0007\000.\0002\000\040\000M\000e\000m\000b\000e\000r\000\040\000F\000u\000n\000c\000t\000i\000o\000n\000\040\000D\000o\000c\000u\000m\000e\000n\000t\000a\000t\000i\000o\000n}{section.7.7}% 106
\BOOKMARK [3][-]{subsubsection.7.7.2.1}{\376\377\0007\000.\0007\000.\0002\000.\0001\000\040\000a\000s\000s\000e\000m\000b\000l\000e\000R\000e\000s\000e\000r\000v\000a\000t\000i\000o\000n\000\050\000\051}{subsection.7.7.2}% 107
\BOOKMARK [3][-]{subsubsection.7.7.2.2}{\376\377\0007\000.\0007\000.\0002\000.\0002\000\040\000a\000s\000s\000e\000m\000b\000l\000e\000R\000e\000v\000i\000e\000w\000\050\000\051}{subsection.7.7.2}% 108
\BOOKMARK [3][-]{subsubsection.7.7.2.3}{\376\377\0007\000.\0007\000.\0002\000.\0003\000\040\000a\000s\000s\000e\000m\000b\000l\000e\000U\000s\000e\000r\000T\000e\000s\000t\000\050\000\051}{subsection.7.7.2}% 109
\BOOKMARK [3][-]{subsubsection.7.7.2.4}{\376\377\0007\000.\0007\000.\0002\000.\0004\000\040\000a\000s\000s\000e\000m\000b\000l\000e\000V\000a\000n\000\050\000\051}{subsection.7.7.2}% 110
\BOOKMARK [3][-]{subsubsection.7.7.2.5}{\376\377\0007\000.\0007\000.\0002\000.\0005\000\040\000d\000i\000s\000a\000s\000s\000e\000m\000b\000l\000e\000R\000e\000s\000e\000r\000v\000a\000t\000i\000o\000n\000\050\000\051}{subsection.7.7.2}% 111
\BOOKMARK [3][-]{subsubsection.7.7.2.6}{\376\377\0007\000.\0007\000.\0002\000.\0006\000\040\000d\000i\000s\000a\000s\000s\000e\000m\000b\000l\000e\000R\000e\000v\000i\000e\000w\000\050\000\051}{subsection.7.7.2}% 112
\BOOKMARK [3][-]{subsubsection.7.7.2.7}{\376\377\0007\000.\0007\000.\0002\000.\0007\000\040\000d\000i\000s\000a\000s\000s\000e\000m\000b\000l\000e\000U\000s\000e\000r\000T\000e\000s\000t\000\050\000\051}{subsection.7.7.2}% 113
\BOOKMARK [3][-]{subsubsection.7.7.2.8}{\376\377\0007\000.\0007\000.\0002\000.\0008\000\040\000d\000i\000s\000a\000s\000s\000e\000m\000b\000l\000e\000V\000a\000n\000\050\000\051}{subsection.7.7.2}% 114
\BOOKMARK [3][-]{subsubsection.7.7.2.9}{\376\377\0007\000.\0007\000.\0002\000.\0009\000\040\000s\000e\000t\000U\000p\000\050\000\051}{subsection.7.7.2}% 115
\BOOKMARK [1][-]{section.7.8}{\376\377\0007\000.\0008\000\040\000e\000s\000.\000d\000e\000u\000s\000t\000o\000.\000b\000s\000p\000q\0002\0001\000e\0001\000.\000c\000l\000i\000e\000n\000t\000.\000g\000u\000i\000.\000C\000a\000n\000c\000e\000l\000R\000e\000s\000e\000r\000v\000a\000t\000i\000o\000n\000W\000i\000n\000d\000o\000w\000\040\000C\000l\000a\000s\000s\000\040\000R\000e\000f\000e\000r\000e\000n\000c\000e}{chapter.7}% 116
\BOOKMARK [2][-]{subsection.7.8.1}{\376\377\0007\000.\0008\000.\0001\000\040\000D\000e\000t\000a\000i\000l\000e\000d\000\040\000D\000e\000s\000c\000r\000i\000p\000t\000i\000o\000n}{section.7.8}% 117
\BOOKMARK [2][-]{subsection.7.8.2}{\376\377\0007\000.\0008\000.\0002\000\040\000C\000o\000n\000s\000t\000r\000u\000c\000t\000o\000r\000\040\000\046\000\040\000D\000e\000s\000t\000r\000u\000c\000t\000o\000r\000\040\000D\000o\000c\000u\000m\000e\000n\000t\000a\000t\000i\000o\000n}{section.7.8}% 118
\BOOKMARK [3][-]{subsubsection.7.8.2.1}{\376\377\0007\000.\0008\000.\0002\000.\0001\000\040\000C\000a\000n\000c\000e\000l\000R\000e\000s\000e\000r\000v\000a\000t\000i\000o\000n\000W\000i\000n\000d\000o\000w\000\050\000\051}{subsection.7.8.2}% 119
\BOOKMARK [2][-]{subsection.7.8.3}{\376\377\0007\000.\0008\000.\0003\000\040\000M\000e\000m\000b\000e\000r\000\040\000F\000u\000n\000c\000t\000i\000o\000n\000\040\000D\000o\000c\000u\000m\000e\000n\000t\000a\000t\000i\000o\000n}{section.7.8}% 120
\BOOKMARK [3][-]{subsubsection.7.8.3.1}{\376\377\0007\000.\0008\000.\0003\000.\0001\000\040\000g\000e\000t\000B\000t\000n\000B\000a\000c\000k\000\050\000\051}{subsection.7.8.3}% 121
\BOOKMARK [3][-]{subsubsection.7.8.3.2}{\376\377\0007\000.\0008\000.\0003\000.\0002\000\040\000g\000e\000t\000B\000t\000n\000C\000a\000n\000c\000e\000l\000\050\000\051}{subsection.7.8.3}% 122
\BOOKMARK [3][-]{subsubsection.7.8.3.3}{\376\377\0007\000.\0008\000.\0003\000.\0003\000\040\000g\000e\000t\000F\000r\000m\000C\000a\000n\000c\000e\000l\000R\000e\000s\000e\000r\000v\000a\000t\000i\000o\000n\000\050\000\051}{subsection.7.8.3}% 123
\BOOKMARK [3][-]{subsubsection.7.8.3.4}{\376\377\0007\000.\0008\000.\0003\000.\0004\000\040\000g\000e\000t\000J\000l\000R\000e\000s\000e\000r\000v\000a\000t\000i\000o\000n\000s\000L\000i\000s\000t\0001\000\050\000\051}{subsection.7.8.3}% 124
\BOOKMARK [3][-]{subsubsection.7.8.3.5}{\376\377\0007\000.\0008\000.\0003\000.\0005\000\040\000g\000e\000t\000J\000t\000R\000e\000s\000e\000r\000v\000a\000t\000i\000o\000n\000s\000T\000a\000b\000l\000e\000\050\000\051}{subsection.7.8.3}% 125
\BOOKMARK [3][-]{subsubsection.7.8.3.6}{\376\377\0007\000.\0008\000.\0003\000.\0006\000\040\000g\000e\000t\000L\000b\000l\000T\000i\000t\000l\000e\000\050\000\051}{subsection.7.8.3}% 126
\BOOKMARK [3][-]{subsubsection.7.8.3.7}{\376\377\0007\000.\0008\000.\0003\000.\0007\000\040\000g\000e\000t\000R\000e\000s\000e\000r\000v\000a\000t\000i\000o\000n\000s\000\050\000\051}{subsection.7.8.3}% 127
\BOOKMARK [3][-]{subsubsection.7.8.3.8}{\376\377\0007\000.\0008\000.\0003\000.\0008\000\040\000g\000e\000t\000R\000e\000s\000e\000r\000v\000a\000t\000i\000o\000n\000s\000L\000i\000s\000t\000\050\000\051}{subsection.7.8.3}% 128
\BOOKMARK [3][-]{subsubsection.7.8.3.9}{\376\377\0007\000.\0008\000.\0003\000.\0009\000\040\000g\000e\000t\000S\000c\000r\000o\000l\000l\000R\000e\000s\000e\000r\000v\000a\000t\000i\000o\000n\000s\000\050\000\051}{subsection.7.8.3}% 129
\BOOKMARK [3][-]{subsubsection.7.8.3.10}{\376\377\0007\000.\0008\000.\0003\000.\0001\0000\000\040\000g\000e\000t\000T\000a\000b\000l\000e\000M\000o\000d\000e\000l\000\050\000\051}{subsection.7.8.3}% 130
\BOOKMARK [1][-]{section.7.9}{\376\377\0007\000.\0009\000\040\000e\000s\000.\000d\000e\000u\000s\000t\000o\000.\000b\000s\000p\000q\0002\0001\000e\0001\000.\000c\000l\000i\000e\000n\000t\000.\000g\000u\000i\000.\000C\000a\000n\000c\000e\000l\000R\000e\000s\000e\000r\000v\000a\000t\000i\000o\000n\000W\000i\000n\000d\000o\000w\000T\000e\000s\000t\000\040\000C\000l\000a\000s\000s\000\040\000R\000e\000f\000e\000r\000e\000n\000c\000e}{chapter.7}% 131
\BOOKMARK [2][-]{subsection.7.9.1}{\376\377\0007\000.\0009\000.\0001\000\040\000D\000e\000t\000a\000i\000l\000e\000d\000\040\000D\000e\000s\000c\000r\000i\000p\000t\000i\000o\000n}{section.7.9}% 132
\BOOKMARK [2][-]{subsection.7.9.2}{\376\377\0007\000.\0009\000.\0002\000\040\000M\000e\000m\000b\000e\000r\000\040\000F\000u\000n\000c\000t\000i\000o\000n\000\040\000D\000o\000c\000u\000m\000e\000n\000t\000a\000t\000i\000o\000n}{section.7.9}% 133
\BOOKMARK [3][-]{subsubsection.7.9.2.1}{\376\377\0007\000.\0009\000.\0002\000.\0001\000\040\000c\000o\000n\000s\000t\000r\000u\000c\000t\000o\000r\000T\000e\000s\000t\000\050\000\051}{subsection.7.9.2}% 134
\BOOKMARK [3][-]{subsubsection.7.9.2.2}{\376\377\0007\000.\0009\000.\0002\000.\0002\000\040\000s\000e\000t\000U\000p\000\050\000\051}{subsection.7.9.2}% 135
\BOOKMARK [3][-]{subsubsection.7.9.2.3}{\376\377\0007\000.\0009\000.\0002\000.\0003\000\040\000s\000u\000i\000t\000e\000\050\000\051}{subsection.7.9.2}% 136
\BOOKMARK [3][-]{subsubsection.7.9.2.4}{\376\377\0007\000.\0009\000.\0002\000.\0004\000\040\000u\000p\000d\000a\000t\000e\000L\000i\000s\000t\000T\000e\000s\000t\000\050\000\051}{subsection.7.9.2}% 137
\BOOKMARK [1][-]{section.7.10}{\376\377\0007\000.\0001\0000\000\040\000e\000s\000.\000d\000e\000u\000s\000t\000o\000.\000b\000s\000p\000q\0002\0001\000e\0001\000.\000c\000l\000i\000e\000n\000t\000.\000g\000u\000i\000.\000C\000h\000a\000r\000a\000c\000t\000e\000r\000i\000s\000t\000i\000c\000s\000W\000i\000n\000d\000o\000w\000\040\000C\000l\000a\000s\000s\000\040\000R\000e\000f\000e\000r\000e\000n\000c\000e}{chapter.7}% 138
\BOOKMARK [2][-]{subsection.7.10.1}{\376\377\0007\000.\0001\0000\000.\0001\000\040\000D\000e\000t\000a\000i\000l\000e\000d\000\040\000D\000e\000s\000c\000r\000i\000p\000t\000i\000o\000n}{section.7.10}% 139
\BOOKMARK [2][-]{subsection.7.10.2}{\376\377\0007\000.\0001\0000\000.\0002\000\040\000C\000o\000n\000s\000t\000r\000u\000c\000t\000o\000r\000\040\000\046\000\040\000D\000e\000s\000t\000r\000u\000c\000t\000o\000r\000\040\000D\000o\000c\000u\000m\000e\000n\000t\000a\000t\000i\000o\000n}{section.7.10}% 140
\BOOKMARK [3][-]{subsubsection.7.10.2.1}{\376\377\0007\000.\0001\0000\000.\0002\000.\0001\000\040\000C\000h\000a\000r\000a\000c\000t\000e\000r\000i\000s\000t\000i\000c\000s\000W\000i\000n\000d\000o\000w\000\050\000\051}{subsection.7.10.2}% 141
\BOOKMARK [2][-]{subsection.7.10.3}{\376\377\0007\000.\0001\0000\000.\0003\000\040\000M\000e\000m\000b\000e\000r\000\040\000F\000u\000n\000c\000t\000i\000o\000n\000\040\000D\000o\000c\000u\000m\000e\000n\000t\000a\000t\000i\000o\000n}{section.7.10}% 142
\BOOKMARK [3][-]{subsubsection.7.10.3.1}{\376\377\0007\000.\0001\0000\000.\0003\000.\0001\000\040\000g\000e\000t\000B\000t\000n\000B\000a\000c\000k\000\050\000\051}{subsection.7.10.3}% 143
\BOOKMARK [3][-]{subsubsection.7.10.3.2}{\376\377\0007\000.\0001\0000\000.\0003\000.\0002\000\040\000g\000e\000t\000F\000r\000m\000C\000h\000a\000r\000a\000c\000t\000e\000r\000i\000s\000t\000i\000c\000s\000\050\000\051}{subsection.7.10.3}% 144
\BOOKMARK [3][-]{subsubsection.7.10.3.3}{\376\377\0007\000.\0001\0000\000.\0003\000.\0003\000\040\000g\000e\000t\000L\000b\000l\000B\000r\000a\000n\000d\000\050\000\051}{subsection.7.10.3}% 145
\BOOKMARK [3][-]{subsubsection.7.10.3.4}{\376\377\0007\000.\0001\0000\000.\0003\000.\0004\000\040\000g\000e\000t\000L\000b\000l\000B\000r\000a\000n\000d\000A\000\050\000\051}{subsection.7.10.3}% 146
\BOOKMARK [3][-]{subsubsection.7.10.3.5}{\376\377\0007\000.\0001\0000\000.\0003\000.\0005\000\040\000g\000e\000t\000L\000b\000l\000C\000a\000p\000a\000c\000i\000t\000y\000\050\000\051}{subsection.7.10.3}% 147
\BOOKMARK [3][-]{subsubsection.7.10.3.6}{\376\377\0007\000.\0001\0000\000.\0003\000.\0006\000\040\000g\000e\000t\000L\000b\000l\000C\000a\000p\000a\000c\000i\000t\000y\000A\000\050\000\051}{subsection.7.10.3}% 148
\BOOKMARK [3][-]{subsubsection.7.10.3.7}{\376\377\0007\000.\0001\0000\000.\0003\000.\0007\000\040\000g\000e\000t\000L\000b\000l\000C\000h\000a\000r\000a\000c\000t\000e\000r\000i\000s\000t\000i\000c\000s\000T\000i\000t\000l\000e\000\050\000\051}{subsection.7.10.3}% 149
\BOOKMARK [3][-]{subsubsection.7.10.3.8}{\376\377\0007\000.\0001\0000\000.\0003\000.\0008\000\040\000g\000e\000t\000L\000b\000l\000K\000i\000t\000c\000h\000e\000n\000\050\000\051}{subsection.7.10.3}% 150
\BOOKMARK [3][-]{subsubsection.7.10.3.9}{\376\377\0007\000.\0001\0000\000.\0003\000.\0009\000\040\000g\000e\000t\000L\000b\000l\000K\000i\000t\000c\000h\000e\000n\000A\000\050\000\051}{subsection.7.10.3}% 151
\BOOKMARK [3][-]{subsubsection.7.10.3.10}{\376\377\0007\000.\0001\0000\000.\0003\000.\0001\0000\000\040\000g\000e\000t\000L\000b\000l\000L\000i\000c\000e\000n\000s\000e\000P\000l\000a\000t\000e\000\050\000\051}{subsection.7.10.3}% 152
\BOOKMARK [3][-]{subsubsection.7.10.3.11}{\376\377\0007\000.\0001\0000\000.\0003\000.\0001\0001\000\040\000g\000e\000t\000L\000b\000l\000L\000i\000c\000e\000n\000s\000e\000P\000l\000a\000t\000e\000A\000\050\000\051}{subsection.7.10.3}% 153
\BOOKMARK [3][-]{subsubsection.7.10.3.12}{\376\377\0007\000.\0001\0000\000.\0003\000.\0001\0002\000\040\000g\000e\000t\000L\000b\000l\000L\000o\000c\000a\000t\000i\000o\000n\000\050\000\051}{subsection.7.10.3}% 154
\BOOKMARK [3][-]{subsubsection.7.10.3.13}{\376\377\0007\000.\0001\0000\000.\0003\000.\0001\0003\000\040\000g\000e\000t\000L\000b\000l\000L\000o\000c\000a\000t\000i\000o\000n\000A\000\050\000\051}{subsection.7.10.3}% 155
\BOOKMARK [3][-]{subsubsection.7.10.3.14}{\376\377\0007\000.\0001\0000\000.\0003\000.\0001\0004\000\040\000g\000e\000t\000L\000b\000l\000M\000o\000d\000e\000l\000\050\000\051}{subsection.7.10.3}% 156
\BOOKMARK [3][-]{subsubsection.7.10.3.15}{\376\377\0007\000.\0001\0000\000.\0003\000.\0001\0005\000\040\000g\000e\000t\000L\000b\000l\000M\000o\000d\000e\000l\000A\000\050\000\051}{subsection.7.10.3}% 157
\BOOKMARK [3][-]{subsubsection.7.10.3.16}{\376\377\0007\000.\0001\0000\000.\0003\000.\0001\0006\000\040\000g\000e\000t\000L\000b\000l\000O\000f\000f\000R\000o\000a\000d\000\050\000\051}{subsection.7.10.3}% 158
\BOOKMARK [3][-]{subsubsection.7.10.3.17}{\376\377\0007\000.\0001\0000\000.\0003\000.\0001\0007\000\040\000g\000e\000t\000L\000b\000l\000O\000f\000f\000R\000o\000a\000d\000A\000\050\000\051}{subsection.7.10.3}% 159
\BOOKMARK [3][-]{subsubsection.7.10.3.18}{\376\377\0007\000.\0001\0000\000.\0003\000.\0001\0008\000\040\000g\000e\000t\000L\000b\000l\000P\000r\000i\000c\000e\000\050\000\051}{subsection.7.10.3}% 160
\BOOKMARK [3][-]{subsubsection.7.10.3.19}{\376\377\0007\000.\0001\0000\000.\0003\000.\0001\0009\000\040\000g\000e\000t\000L\000b\000l\000P\000r\000i\000c\000e\000A\000\050\000\051}{subsection.7.10.3}% 161
\BOOKMARK [3][-]{subsubsection.7.10.3.20}{\376\377\0007\000.\0001\0000\000.\0003\000.\0002\0000\000\040\000g\000e\000t\000L\000b\000l\000S\000h\000o\000w\000e\000r\000\050\000\051}{subsection.7.10.3}% 162
\BOOKMARK [3][-]{subsubsection.7.10.3.21}{\376\377\0007\000.\0001\0000\000.\0003\000.\0002\0001\000\040\000g\000e\000t\000L\000b\000l\000S\000h\000o\000w\000e\000r\000A\000\050\000\051}{subsection.7.10.3}% 163
\BOOKMARK [1][-]{section.7.11}{\376\377\0007\000.\0001\0001\000\040\000e\000s\000.\000d\000e\000u\000s\000t\000o\000.\000b\000s\000p\000q\0002\0001\000e\0001\000.\000c\000l\000i\000e\000n\000t\000.\000g\000u\000i\000.\000C\000h\000a\000r\000a\000c\000t\000e\000r\000i\000s\000t\000i\000c\000s\000W\000i\000n\000d\000o\000w\000T\000e\000s\000t\000\040\000C\000l\000a\000s\000s\000\040\000R\000e\000f\000e\000r\000e\000n\000c\000e}{chapter.7}% 164
\BOOKMARK [2][-]{subsection.7.11.1}{\376\377\0007\000.\0001\0001\000.\0001\000\040\000D\000e\000t\000a\000i\000l\000e\000d\000\040\000D\000e\000s\000c\000r\000i\000p\000t\000i\000o\000n}{section.7.11}% 165
\BOOKMARK [2][-]{subsection.7.11.2}{\376\377\0007\000.\0001\0001\000.\0002\000\040\000M\000e\000m\000b\000e\000r\000\040\000F\000u\000n\000c\000t\000i\000o\000n\000\040\000D\000o\000c\000u\000m\000e\000n\000t\000a\000t\000i\000o\000n}{section.7.11}% 166
\BOOKMARK [3][-]{subsubsection.7.11.2.1}{\376\377\0007\000.\0001\0001\000.\0002\000.\0001\000\040\000c\000o\000n\000s\000t\000r\000u\000c\000t\000o\000r\000T\000e\000s\000t\000\050\000\051}{subsection.7.11.2}% 167
\BOOKMARK [3][-]{subsubsection.7.11.2.2}{\376\377\0007\000.\0001\0001\000.\0002\000.\0002\000\040\000s\000e\000t\000U\000p\000\050\000\051}{subsection.7.11.2}% 168
\BOOKMARK [3][-]{subsubsection.7.11.2.3}{\376\377\0007\000.\0001\0001\000.\0002\000.\0003\000\040\000s\000u\000i\000t\000e\000\050\000\051}{subsection.7.11.2}% 169
\BOOKMARK [1][-]{section.7.12}{\376\377\0007\000.\0001\0002\000\040\000e\000s\000.\000d\000e\000u\000s\000t\000o\000.\000b\000s\000p\000q\0002\0001\000e\0001\000.\000c\000l\000i\000e\000n\000t\000.\000c\000o\000n\000t\000r\000o\000l\000l\000e\000r\000.\000C\000o\000n\000t\000r\000o\000l\000l\000e\000r\000\040\000C\000l\000a\000s\000s\000\040\000R\000e\000f\000e\000r\000e\000n\000c\000e}{chapter.7}% 170
\BOOKMARK [2][-]{subsection.7.12.1}{\376\377\0007\000.\0001\0002\000.\0001\000\040\000D\000e\000t\000a\000i\000l\000e\000d\000\040\000D\000e\000s\000c\000r\000i\000p\000t\000i\000o\000n}{section.7.12}% 171
\BOOKMARK [2][-]{subsection.7.12.2}{\376\377\0007\000.\0001\0002\000.\0002\000\040\000C\000o\000n\000s\000t\000r\000u\000c\000t\000o\000r\000\040\000\046\000\040\000D\000e\000s\000t\000r\000u\000c\000t\000o\000r\000\040\000D\000o\000c\000u\000m\000e\000n\000t\000a\000t\000i\000o\000n}{section.7.12}% 172
\BOOKMARK [3][-]{subsubsection.7.12.2.1}{\376\377\0007\000.\0001\0002\000.\0002\000.\0001\000\040\000C\000o\000n\000t\000r\000o\000l\000l\000e\000r\000\050\000\051}{subsection.7.12.2}% 173
\BOOKMARK [2][-]{subsection.7.12.3}{\376\377\0007\000.\0001\0002\000.\0003\000\040\000M\000e\000m\000b\000e\000r\000\040\000F\000u\000n\000c\000t\000i\000o\000n\000\040\000D\000o\000c\000u\000m\000e\000n\000t\000a\000t\000i\000o\000n}{section.7.12}% 174
\BOOKMARK [3][-]{subsubsection.7.12.3.1}{\376\377\0007\000.\0001\0002\000.\0003\000.\0001\000\040\000c\000a\000n\000c\000e\000l\000R\000e\000s\000e\000r\000v\000a\000t\000i\000o\000n\000\050\000\051}{subsection.7.12.3}% 175
\BOOKMARK [3][-]{subsubsection.7.12.3.2}{\376\377\0007\000.\0001\0002\000.\0003\000.\0002\000\040\000e\000r\000a\000s\000e\000U\000s\000e\000r\000\050\000\051}{subsection.7.12.3}% 176
\BOOKMARK [3][-]{subsubsection.7.12.3.3}{\376\377\0007\000.\0001\0002\000.\0003\000.\0003\000\040\000e\000r\000a\000s\000e\000V\000a\000n\000\050\000\051}{subsection.7.12.3}% 177
\BOOKMARK [3][-]{subsubsection.7.12.3.4}{\376\377\0007\000.\0001\0002\000.\0003\000.\0004\000\040\000g\000e\000t\000D\000e\000m\000o\000D\000a\000t\000a\000P\000a\000t\000h\000\050\000\051}{subsection.7.12.3}% 178
\BOOKMARK [3][-]{subsubsection.7.12.3.5}{\376\377\0007\000.\0001\0002\000.\0003\000.\0005\000\040\000g\000e\000t\000M\000y\000R\000e\000s\000e\000r\000v\000a\000t\000i\000o\000n\000s\000\050\000\051}{subsection.7.12.3}% 179
\BOOKMARK [3][-]{subsubsection.7.12.3.6}{\376\377\0007\000.\0001\0002\000.\0003\000.\0006\000\040\000g\000e\000t\000M\000y\000V\000a\000n\000s\000\050\000\051}{subsection.7.12.3}% 180
\BOOKMARK [3][-]{subsubsection.7.12.3.7}{\376\377\0007\000.\0001\0002\000.\0003\000.\0007\000\040\000g\000e\000t\000R\000e\000s\000o\000u\000r\000c\000e\000b\000u\000n\000d\000l\000e\000\050\000\051}{subsection.7.12.3}% 181
\BOOKMARK [3][-]{subsubsection.7.12.3.8}{\376\377\0007\000.\0001\0002\000.\0003\000.\0008\000\040\000i\000n\000i\000t\000i\000a\000l\000i\000z\000e\000D\000e\000m\000o\000D\000a\000t\000a\000\050\000\051}{subsection.7.12.3}% 182
\BOOKMARK [3][-]{subsubsection.7.12.3.9}{\376\377\0007\000.\0001\0002\000.\0003\000.\0009\000\040\000l\000o\000g\000i\000n\000U\000s\000e\000r\000\050\000\051}{subsection.7.12.3}% 183
\BOOKMARK [3][-]{subsubsection.7.12.3.10}{\376\377\0007\000.\0001\0002\000.\0003\000.\0001\0000\000\040\000r\000e\000g\000i\000s\000t\000e\000r\000R\000e\000s\000e\000r\000v\000a\000t\000i\000o\000n\000\050\000\051}{subsection.7.12.3}% 184
\BOOKMARK [3][-]{subsubsection.7.12.3.11}{\376\377\0007\000.\0001\0002\000.\0003\000.\0001\0001\000\040\000r\000e\000g\000i\000s\000t\000e\000r\000R\000e\000s\000e\000r\000v\000a\000t\000i\000o\000n\000s\000L\000i\000s\000t\000\050\000\051}{subsection.7.12.3}% 185
\BOOKMARK [3][-]{subsubsection.7.12.3.12}{\376\377\0007\000.\0001\0002\000.\0003\000.\0001\0002\000\040\000r\000e\000g\000i\000s\000t\000e\000r\000U\000s\000e\000r\000s\000\050\000\051}{subsection.7.12.3}% 186
\BOOKMARK [3][-]{subsubsection.7.12.3.13}{\376\377\0007\000.\0001\0002\000.\0003\000.\0001\0003\000\040\000r\000e\000g\000i\000s\000t\000e\000r\000U\000s\000e\000r\000s\000L\000i\000s\000t\000\050\000\051}{subsection.7.12.3}% 187
\BOOKMARK [3][-]{subsubsection.7.12.3.14}{\376\377\0007\000.\0001\0002\000.\0003\000.\0001\0004\000\040\000r\000e\000g\000i\000s\000t\000e\000r\000V\000a\000n\000\050\000\051}{subsection.7.12.3}% 188
\BOOKMARK [3][-]{subsubsection.7.12.3.15}{\376\377\0007\000.\0001\0002\000.\0003\000.\0001\0005\000\040\000r\000e\000g\000i\000s\000t\000e\000r\000V\000a\000n\000s\000L\000i\000s\000t\000\050\000\051}{subsection.7.12.3}% 189
\BOOKMARK [3][-]{subsubsection.7.12.3.16}{\376\377\0007\000.\0001\0002\000.\0003\000.\0001\0006\000\040\000s\000e\000a\000r\000c\000h\000V\000a\000n\000s\000\050\000\051}{subsection.7.12.3}% 190
\BOOKMARK [3][-]{subsubsection.7.12.3.17}{\376\377\0007\000.\0001\0002\000.\0003\000.\0001\0007\000\040\000s\000e\000t\000L\000o\000c\000a\000l\000e\000\050\000\051}{subsection.7.12.3}% 191
\BOOKMARK [1][-]{section.7.13}{\376\377\0007\000.\0001\0003\000\040\000e\000s\000.\000d\000e\000u\000s\000t\000o\000.\000b\000s\000p\000q\0002\0001\000e\0001\000.\000c\000l\000i\000e\000n\000t\000.\000c\000o\000n\000t\000r\000o\000l\000l\000e\000r\000.\000C\000o\000n\000t\000r\000o\000l\000l\000e\000r\000T\000e\000s\000t\000\040\000C\000l\000a\000s\000s\000\040\000R\000e\000f\000e\000r\000e\000n\000c\000e}{chapter.7}% 192
\BOOKMARK [2][-]{subsection.7.13.1}{\376\377\0007\000.\0001\0003\000.\0001\000\040\000D\000e\000t\000a\000i\000l\000e\000d\000\040\000D\000e\000s\000c\000r\000i\000p\000t\000i\000o\000n}{section.7.13}% 193
\BOOKMARK [2][-]{subsection.7.13.2}{\376\377\0007\000.\0001\0003\000.\0002\000\040\000M\000e\000m\000b\000e\000r\000\040\000F\000u\000n\000c\000t\000i\000o\000n\000\040\000D\000o\000c\000u\000m\000e\000n\000t\000a\000t\000i\000o\000n}{section.7.13}% 194
\BOOKMARK [3][-]{subsubsection.7.13.2.1}{\376\377\0007\000.\0001\0003\000.\0002\000.\0001\000\040\000g\000e\000t\000M\000y\000R\000e\000s\000e\000r\000v\000a\000t\000i\000o\000n\000s\000\050\000\051}{subsection.7.13.2}% 195
\BOOKMARK [3][-]{subsubsection.7.13.2.2}{\376\377\0007\000.\0001\0003\000.\0002\000.\0002\000\040\000g\000e\000t\000M\000y\000V\000a\000n\000s\000T\000e\000s\000t\000\050\000\051}{subsection.7.13.2}% 196
\BOOKMARK [3][-]{subsubsection.7.13.2.3}{\376\377\0007\000.\0001\0003\000.\0002\000.\0003\000\040\000l\000o\000g\000i\000n\000U\000s\000e\000r\000T\000e\000s\000t\000\050\000\051}{subsection.7.13.2}% 197
\BOOKMARK [3][-]{subsubsection.7.13.2.4}{\376\377\0007\000.\0001\0003\000.\0002\000.\0004\000\040\000s\000e\000a\000r\000c\000h\000V\000a\000n\000s\000T\000e\000s\000t\000\050\000\051}{subsection.7.13.2}% 198
\BOOKMARK [3][-]{subsubsection.7.13.2.5}{\376\377\0007\000.\0001\0003\000.\0002\000.\0005\000\040\000s\000e\000t\000L\000o\000c\000a\000l\000e\000T\000e\000s\000t\000\050\000\051}{subsection.7.13.2}% 199
\BOOKMARK [3][-]{subsubsection.7.13.2.6}{\376\377\0007\000.\0001\0003\000.\0002\000.\0006\000\040\000s\000e\000t\000U\000p\000\050\000\051}{subsection.7.13.2}% 200
\BOOKMARK [3][-]{subsubsection.7.13.2.7}{\376\377\0007\000.\0001\0003\000.\0002\000.\0007\000\040\000s\000u\000i\000t\000e\000\050\000\051}{subsection.7.13.2}% 201
\BOOKMARK [3][-]{subsubsection.7.13.2.8}{\376\377\0007\000.