16:57:36,267 (main) INFO  [DataNucleus.SchemaTool] - DataNucleus SchemaTool : Creación del esquema para clases
16:57:36,270 (main) INFO  [DataNucleus.SchemaTool] - DataNucleus SchemaTool : Classpath
16:57:36,272 (main) INFO  [DataNucleus.SchemaTool] - >>  C:\Programming\Java\apache-maven-3.6.3\bin\..\boot\plexus-classworlds-2.6.0.jar
16:57:36,294 (main) DEBUG [DataNucleus.General] - Using PluginRegistry org.datanucleus.plugin.NonManagedPluginRegistry
16:57:36,310 (main) DEBUG [DataNucleus.General] - Registering bundle org.sonatype.inject version 2.3.0 at URL file:/C:/Users/amaia/.m2/repository/org/sonatype/sisu/sisu-inject-bean/2.3.0/sisu-inject-bean-2.3.0.jar.
16:57:36,315 (main) DEBUG [DataNucleus.General] - Leyendo extension-points y extensiones del archivo de plug-in jar:file:/C:/Users/amaia/.m2/repository/org/sonatype/sisu/sisu-inject-bean/2.3.0/sisu-inject-bean-2.3.0.jar!/plugin.xml.
16:57:36,317 (main) DEBUG [DataNucleus.General] - Registering bundle org.datanucleus version 5.2.2 at URL file:/C:/Users/amaia/.m2/repository/org/datanucleus/datanucleus-core/5.2.2/datanucleus-core-5.2.2.jar.
16:57:36,320 (main) DEBUG [DataNucleus.General] - Leyendo extension-points y extensiones del archivo de plug-in jar:file:/C:/Users/amaia/.m2/repository/org/datanucleus/datanucleus-core/5.2.2/datanucleus-core-5.2.2.jar!/plugin.xml.
16:57:36,326 (main) DEBUG [DataNucleus.General] - Registering bundle org.datanucleus.api.jdo version 5.2.3 at URL file:/C:/Users/amaia/.m2/repository/org/datanucleus/datanucleus-api-jdo/5.2.3/datanucleus-api-jdo-5.2.3.jar.
16:57:36,331 (main) DEBUG [DataNucleus.General] - Leyendo extension-points y extensiones del archivo de plug-in jar:file:/C:/Users/amaia/.m2/repository/org/datanucleus/datanucleus-api-jdo/5.2.3/datanucleus-api-jdo-5.2.3.jar!/plugin.xml.
16:57:36,333 (main) DEBUG [DataNucleus.General] - Registering bundle org.datanucleus.store.rdbms version 5.2.2 at URL file:/C:/Users/amaia/.m2/repository/org/datanucleus/datanucleus-rdbms/5.2.2/datanucleus-rdbms-5.2.2.jar.
16:57:36,335 (main) DEBUG [DataNucleus.General] - Leyendo extension-points y extensiones del archivo de plug-in jar:file:/C:/Users/amaia/.m2/repository/org/datanucleus/datanucleus-rdbms/5.2.2/datanucleus-rdbms-5.2.2.jar!/plugin.xml.
16:57:36,346 (main) INFO  [DataNucleus.Persistence] - Propiedad datanucleus.validateconstraints desconocida - vamos a ignorarla
16:57:36,346 (main) INFO  [DataNucleus.Persistence] - Propiedad datanucleus.metadata.validate desconocida - vamos a ignorarla
16:57:36,347 (main) INFO  [DataNucleus.Persistence] - Propiedad datanucleus.autocreateschema desconocida - vamos a ignorarla
16:57:36,347 (main) INFO  [DataNucleus.Persistence] - Propiedad datanucleus.validatetables desconocida - vamos a ignorarla
16:57:36,347 (main) DEBUG [DataNucleus.Datastore] - Creating StoreManager for datastore
16:57:36,454 (main) DEBUG [DataNucleus.Connection] - Creado ConnectionPool "tx" con data source de tipo dbcp2-builtin
16:57:36,454 (main) DEBUG [DataNucleus.Connection] - Registrado la factoria de connecciones transaccionales bajo el nombre "rdbms/tx"
16:57:36,454 (main) DEBUG [DataNucleus.Connection] - Registrado la factoria de connecciones nontransaccionales bajo el nombre "rdbms/nontx"
16:57:36,465 (main) DEBUG [DataNucleus.Connection] - Creado ConnectionPool "nontx" con data source de tipo dbcp2-builtin
16:57:36,899 (main) ERROR [DataNucleus.Datastore.Schema] - La inicialización del base de datos ha fallado.
Access denied for user 'spq'@'localhost' to database 'airbvdb'
org.datanucleus.exceptions.NucleusDataStoreException: Access denied for user 'spq'@'localhost' to database 'airbvdb'
	at org.datanucleus.store.rdbms.ConnectionFactoryImpl$ManagedConnectionImpl.getConnection(ConnectionFactoryImpl.java:518)
	at org.datanucleus.store.rdbms.RDBMSStoreManager.<init>(RDBMSStoreManager.java:288)
	at java.base/jdk.internal.reflect.NativeConstructorAccessorImpl.newInstance0(Native Method)
	at java.base/jdk.internal.reflect.NativeConstructorAccessorImpl.newInstance(NativeConstructorAccessorImpl.java:78)
	at java.base/jdk.internal.reflect.DelegatingConstructorAccessorImpl.newInstance(DelegatingConstructorAccessorImpl.java:45)
	at java.base/java.lang.reflect.Constructor.newInstanceWithCaller(Constructor.java:499)
	at java.base/java.lang.reflect.Constructor.newInstance(Constructor.java:480)
	at org.datanucleus.plugin.NonManagedPluginRegistry.createExecutableExtension(NonManagedPluginRegistry.java:651)
	at org.datanucleus.plugin.PluginManager.createExecutableExtension(PluginManager.java:295)
	at org.datanucleus.NucleusContextHelper.createStoreManagerForProperties(NucleusContextHelper.java:140)
	at org.datanucleus.PersistenceNucleusContextImpl.initialise(PersistenceNucleusContextImpl.java:445)
	at org.datanucleus.store.schema.SchemaTool.getNucleusContextForMode(SchemaTool.java:729)
	at org.datanucleus.store.schema.SchemaTool.main(SchemaTool.java:300)
	at java.base/jdk.internal.reflect.NativeMethodAccessorImpl.invoke0(Native Method)
	at java.base/jdk.internal.reflect.NativeMethodAccessorImpl.invoke(NativeMethodAccessorImpl.java:78)
	at java.base/jdk.internal.reflect.DelegatingMethodAccessorImpl.invoke(DelegatingMethodAccessorImpl.java:43)
	at java.base/java.lang.reflect.Method.invoke(Method.java:567)
	at org.datanucleus.maven.AbstractDataNucleusMojo.executeInJvm(AbstractDataNucleusMojo.java:345)
	at org.datanucleus.maven.AbstractSchemaToolMojo.executeSchemaTool(AbstractSchemaToolMojo.java:336)
	at org.datanucleus.maven.AbstractSchemaToolMojo.executeDataNucleusTool(AbstractSchemaToolMojo.java:150)
	at org.datanucleus.maven.AbstractDataNucleusMojo.execute(AbstractDataNucleusMojo.java:126)
	at org.apache.maven.plugin.DefaultBuildPluginManager.executeMojo(DefaultBuildPluginManager.java:137)
	at org.apache.maven.lifecycle.internal.MojoExecutor.execute(MojoExecutor.java:210)
	at org.apache.maven.lifecycle.internal.MojoExecutor.execute(MojoExecutor.java:156)
	at org.apache.maven.lifecycle.internal.MojoExecutor.execute(MojoExecutor.java:148)
	at org.apache.maven.lifecycle.internal.LifecycleModuleBuilder.buildProject(LifecycleModuleBuilder.java:117)
	at org.apache.maven.lifecycle.internal.LifecycleModuleBuilder.buildProject(LifecycleModuleBuilder.java:81)
	at org.apache.maven.lifecycle.internal.builder.singlethreaded.SingleThreadedBuilder.build(SingleThreadedBuilder.java:56)
	at org.apache.maven.lifecycle.internal.LifecycleStarter.execute(LifecycleStarter.java:128)
	at org.apache.maven.DefaultMaven.doExecute(DefaultMaven.java:305)
	at org.apache.maven.DefaultMaven.doExecute(DefaultMaven.java:192)
	at org.apache.maven.DefaultMaven.execute(DefaultMaven.java:105)
	at org.apache.maven.cli.MavenCli.execute(MavenCli.java:957)
	at org.apache.maven.cli.MavenCli.doMain(MavenCli.java:289)
	at org.apache.maven.cli.MavenCli.main(MavenCli.java:193)
	at java.base/jdk.internal.reflect.NativeMethodAccessorImpl.invoke0(Native Method)
	at java.base/jdk.internal.reflect.NativeMethodAccessorImpl.invoke(NativeMethodAccessorImpl.java:78)
	at java.base/jdk.internal.reflect.DelegatingMethodAccessorImpl.invoke(DelegatingMethodAccessorImpl.java:43)
	at java.base/java.lang.reflect.Method.invoke(Method.java:567)
	at org.codehaus.plexus.classworlds.launcher.Launcher.launchEnhanced(Launcher.java:282)
	at org.codehaus.plexus.classworlds.launcher.Launcher.launch(Launcher.java:225)
	at org.codehaus.plexus.classworlds.launcher.Launcher.mainWithExitCode(Launcher.java:406)
	at org.codehaus.plexus.classworlds.launcher.Launcher.main(Launcher.java:347)
Caused by: 
java.sql.SQLSyntaxErrorException: Access denied for user 'spq'@'localhost' to database 'airbvdb'
	at com.mysql.cj.jdbc.exceptions.SQLError.createSQLException(SQLError.java:120)
	at com.mysql.cj.jdbc.exceptions.SQLExceptionsMapping.translateException(SQLExceptionsMapping.java:122)
	at com.mysql.cj.jdbc.ConnectionImpl.createNewIO(ConnectionImpl.java:833)
	at com.mysql.cj.jdbc.ConnectionImpl.<init>(ConnectionImpl.java:453)
	at com.mysql.cj.jdbc.ConnectionImpl.getInstance(ConnectionImpl.java:246)
	at com.mysql.cj.jdbc.NonRegisteringDriver.connect(NonRegisteringDriver.java:198)
	at java.sql/java.sql.DriverManager.getConnection(DriverManager.java:677)
	at java.sql/java.sql.DriverManager.getConnection(DriverManager.java:189)
	at org.datanucleus.store.rdbms.datasource.dbcp2.DriverManagerConnectionFactory.createConnection(DriverManagerConnectionFactory.java:79)
	at org.datanucleus.store.rdbms.datasource.dbcp2.PoolableConnectionFactory.makeObject(PoolableConnectionFactory.java:254)
	at org.datanucleus.store.rdbms.datasource.dbcp2.pool2.impl.GenericObjectPool.create(GenericObjectPool.java:864)
	at org.datanucleus.store.rdbms.datasource.dbcp2.pool2.impl.GenericObjectPool.borrowObject(GenericObjectPool.java:434)
	at org.datanucleus.store.rdbms.datasource.dbcp2.pool2.impl.GenericObjectPool.borrowObject(GenericObjectPool.java:362)
	at org.datanucleus.store.rdbms.datasource.dbcp2.PoolingDataSource.getConnection(PoolingDataSource.java:132)
	at org.datanucleus.store.rdbms.ConnectionFactoryImpl$ManagedConnectionImpl.getConnection(ConnectionFactoryImpl.java:501)
	... 42 more
Nested Throwables StackTrace:
java.sql.SQLSyntaxErrorException: Access denied for user 'spq'@'localhost' to database 'airbvdb'
	at com.mysql.cj.jdbc.exceptions.SQLError.createSQLException(SQLError.java:120)
	at com.mysql.cj.jdbc.exceptions.SQLExceptionsMapping.translateException(SQLExceptionsMapping.java:122)
	at com.mysql.cj.jdbc.ConnectionImpl.createNewIO(ConnectionImpl.java:833)
	at com.mysql.cj.jdbc.ConnectionImpl.<init>(ConnectionImpl.java:453)
	at com.mysql.cj.jdbc.ConnectionImpl.getInstance(ConnectionImpl.java:246)
	at com.mysql.cj.jdbc.NonRegisteringDriver.connect(NonRegisteringDriver.java:198)
	at java.sql/java.sql.DriverManager.getConnection(DriverManager.java:677)
	at java.sql/java.sql.DriverManager.getConnection(DriverManager.java:189)
	at org.datanucleus.store.rdbms.datasource.dbcp2.DriverManagerConnectionFactory.createConnection(DriverManagerConnectionFactory.java:79)
	at org.datanucleus.store.rdbms.datasource.dbcp2.PoolableConnectionFactory.makeObject(PoolableConnectionFactory.java:254)
	at org.datanucleus.store.rdbms.datasource.dbcp2.pool2.impl.GenericObjectPool.create(GenericObjectPool.java:864)
	at org.datanucleus.store.rdbms.datasource.dbcp2.pool2.impl.GenericObjectPool.borrowObject(GenericObjectPool.java:434)
	at org.datanucleus.store.rdbms.datasource.dbcp2.pool2.impl.GenericObjectPool.borrowObject(GenericObjectPool.java:362)
	at org.datanucleus.store.rdbms.datasource.dbcp2.PoolingDataSource.getConnection(PoolingDataSource.java:132)
	at org.datanucleus.store.rdbms.ConnectionFactoryImpl$ManagedConnectionImpl.getConnection(ConnectionFactoryImpl.java:501)
	at org.datanucleus.store.rdbms.RDBMSStoreManager.<init>(RDBMSStoreManager.java:288)
	at java.base/jdk.internal.reflect.NativeConstructorAccessorImpl.newInstance0(Native Method)
	at java.base/jdk.internal.reflect.NativeConstructorAccessorImpl.newInstance(NativeConstructorAccessorImpl.java:78)
	at java.base/jdk.internal.reflect.DelegatingConstructorAccessorImpl.newInstance(DelegatingConstructorAccessorImpl.java:45)
	at java.base/java.lang.reflect.Constructor.newInstanceWithCaller(Constructor.java:499)
	at java.base/java.lang.reflect.Constructor.newInstance(Constructor.java:480)
	at org.datanucleus.plugin.NonManagedPluginRegistry.createExecutableExtension(NonManagedPluginRegistry.java:651)
	at org.datanucleus.plugin.PluginManager.createExecutableExtension(PluginManager.java:295)
	at org.datanucleus.NucleusContextHelper.createStoreManagerForProperties(NucleusContextHelper.java:140)
	at org.datanucleus.PersistenceNucleusContextImpl.initialise(PersistenceNucleusContextImpl.java:445)
	at org.datanucleus.store.schema.SchemaTool.getNucleusContextForMode(SchemaTool.java:729)
	at org.datanucleus.store.schema.SchemaTool.main(SchemaTool.java:300)
	at java.base/jdk.internal.reflect.NativeMethodAccessorImpl.invoke0(Native Method)
	at java.base/jdk.internal.reflect.NativeMethodAccessorImpl.invoke(NativeMethodAccessorImpl.java:78)
	at java.base/jdk.internal.reflect.DelegatingMethodAccessorImpl.invoke(DelegatingMethodAccessorImpl.java:43)
	at java.base/java.lang.reflect.Method.invoke(Method.java:567)
	at org.datanucleus.maven.AbstractDataNucleusMojo.executeInJvm(AbstractDataNucleusMojo.java:345)
	at org.datanucleus.maven.AbstractSchemaToolMojo.executeSchemaTool(AbstractSchemaToolMojo.java:336)
	at org.datanucleus.maven.AbstractSchemaToolMojo.executeDataNucleusTool(AbstractSchemaToolMojo.java:150)
	at org.datanucleus.maven.AbstractDataNucleusMojo.execute(AbstractDataNucleusMojo.java:126)
	at org.apache.maven.plugin.DefaultBuildPluginManager.executeMojo(DefaultBuildPluginManager.java:137)
	at org.apache.maven.lifecycle.internal.MojoExecutor.execute(MojoExecutor.java:210)
	at org.apache.maven.lifecycle.internal.MojoExecutor.execute(MojoExecutor.java:156)
	at org.apache.maven.lifecycle.internal.MojoExecutor.execute(MojoExecutor.java:148)
	at org.apache.maven.lifecycle.internal.LifecycleModuleBuilder.buildProject(LifecycleModuleBuilder.java:117)
	at org.apache.maven.lifecycle.internal.LifecycleModuleBuilder.buildProject(LifecycleModuleBuilder.java:81)
	at org.apache.maven.lifecycle.internal.builder.singlethreaded.SingleThreadedBuilder.build(SingleThreadedBuilder.java:56)
	at org.apache.maven.lifecycle.internal.LifecycleStarter.execute(LifecycleStarter.java:128)
	at org.apache.maven.DefaultMaven.doExecute(DefaultMaven.java:305)
	at org.apache.maven.DefaultMaven.doExecute(DefaultMaven.java:192)
	at org.apache.maven.DefaultMaven.execute(DefaultMaven.java:105)
	at org.apache.maven.cli.MavenCli.execute(MavenCli.java:957)
	at org.apache.maven.cli.MavenCli.doMain(MavenCli.java:289)
	at org.apache.maven.cli.MavenCli.main(MavenCli.java:193)
	at java.base/jdk.internal.reflect.NativeMethodAccessorImpl.invoke0(Native Method)
	at java.base/jdk.internal.reflect.NativeMethodAccessorImpl.invoke(NativeMethodAccessorImpl.java:78)
	at java.base/jdk.internal.reflect.DelegatingMethodAccessorImpl.invoke(DelegatingMethodAccessorImpl.java:43)
	at java.base/java.lang.reflect.Method.invoke(Method.java:567)
	at org.codehaus.plexus.classworlds.launcher.Launcher.launchEnhanced(Launcher.java:282)
	at org.codehaus.plexus.classworlds.launcher.Launcher.launch(Launcher.java:225)
	at org.codehaus.plexus.classworlds.launcher.Launcher.mainWithExitCode(Launcher.java:406)
	at org.codehaus.plexus.classworlds.launcher.Launcher.main(Launcher.java:347)
16:57:36,901 (main) ERROR [DataNucleus.Datastore] - Exception thrown creating StoreManager : Access denied for user 'spq'@'localhost' to database 'airbvdb'
16:57:36,901 (main) ERROR [DataNucleus.SchemaTool] - Error creating NucleusContext
Access denied for user 'spq'@'localhost' to database 'airbvdb'
org.datanucleus.exceptions.NucleusDataStoreException: Access denied for user 'spq'@'localhost' to database 'airbvdb'
	at org.datanucleus.store.rdbms.ConnectionFactoryImpl$ManagedConnectionImpl.getConnection(ConnectionFactoryImpl.java:518)
	at org.datanucleus.store.rdbms.RDBMSStoreManager.<init>(RDBMSStoreManager.java:288)
	at java.base/jdk.internal.reflect.NativeConstructorAccessorImpl.newInstance0(Native Method)
	at java.base/jdk.internal.reflect.NativeConstructorAccessorImpl.newInstance(NativeConstructorAccessorImpl.java:78)
	at java.base/jdk.internal.reflect.DelegatingConstructorAccessorImpl.newInstance(DelegatingConstructorAccessorImpl.java:45)
	at java.base/java.lang.reflect.Constructor.newInstanceWithCaller(Constructor.java:499)
	at java.base/java.lang.reflect.Constructor.newInstance(Constructor.java:480)
	at org.datanucleus.plugin.NonManagedPluginRegistry.createExecutableExtension(NonManagedPluginRegistry.java:651)
	at org.datanucleus.plugin.PluginManager.createExecutableExtension(PluginManager.java:295)
	at org.datanucleus.NucleusContextHelper.createStoreManagerForProperties(NucleusContextHelper.java:140)
	at org.datanucleus.PersistenceNucleusContextImpl.initialise(PersistenceNucleusContextImpl.java:445)
	at org.datanucleus.store.schema.SchemaTool.getNucleusContextForMode(SchemaTool.java:729)
	at org.datanucleus.store.schema.SchemaTool.main(SchemaTool.java:300)
	at java.base/jdk.internal.reflect.NativeMethodAccessorImpl.invoke0(Native Method)
	at java.base/jdk.internal.reflect.NativeMethodAccessorImpl.invoke(NativeMethodAccessorImpl.java:78)
	at java.base/jdk.internal.reflect.DelegatingMethodAccessorImpl.invoke(DelegatingMethodAccessorImpl.java:43)
	at java.base/java.lang.reflect.Method.invoke(Method.java:567)
	at org.datanucleus.maven.AbstractDataNucleusMojo.executeInJvm(AbstractDataNucleusMojo.java:345)
	at org.datanucleus.maven.AbstractSchemaToolMojo.executeSchemaTool(AbstractSchemaToolMojo.java:336)
	at org.datanucleus.maven.AbstractSchemaToolMojo.executeDataNucleusTool(AbstractSchemaToolMojo.java:150)
	at org.datanucleus.maven.AbstractDataNucleusMojo.execute(AbstractDataNucleusMojo.java:126)
	at org.apache.maven.plugin.DefaultBuildPluginManager.executeMojo(DefaultBuildPluginManager.java:137)
	at org.apache.maven.lifecycle.internal.MojoExecutor.execute(MojoExecutor.java:210)
	at org.apache.maven.lifecycle.internal.MojoExecutor.execute(MojoExecutor.java:156)
	at org.apache.maven.lifecycle.internal.MojoExecutor.execute(MojoExecutor.java:148)
	at org.apache.maven.lifecycle.internal.LifecycleModuleBuilder.buildProject(LifecycleModuleBuilder.java:117)
	at org.apache.maven.lifecycle.internal.LifecycleModuleBuilder.buildProject(LifecycleModuleBuilder.java:81)
	at org.apache.maven.lifecycle.internal.builder.singlethreaded.SingleThreadedBuilder.build(SingleThreadedBuilder.java:56)
	at org.apache.maven.lifecycle.internal.LifecycleStarter.execute(LifecycleStarter.java:128)
	at org.apache.maven.DefaultMaven.doExecute(DefaultMaven.java:305)
	at org.apache.maven.DefaultMaven.doExecute(DefaultMaven.java:192)
	at org.apache.maven.DefaultMaven.execute(DefaultMaven.java:105)
	at org.apache.maven.cli.MavenCli.execute(MavenCli.java:957)
	at org.apache.maven.cli.MavenCli.doMain(MavenCli.java:289)
	at org.apache.maven.cli.MavenCli.main(MavenCli.java:193)
	at java.base/jdk.internal.reflect.NativeMethodAccessorImpl.invoke0(Native Method)
	at java.base/jdk.internal.reflect.NativeMethodAccessorImpl.invoke(NativeMethodAccessorImpl.java:78)
	at java.base/jdk.internal.reflect.DelegatingMethodAccessorImpl.invoke(DelegatingMethodAccessorImpl.java:43)
	at java.base/java.lang.reflect.Method.invoke(Method.java:567)
	at org.codehaus.plexus.classworlds.launcher.Launcher.launchEnhanced(Launcher.java:282)
	at org.codehaus.plexus.classworlds.launcher.Launcher.launch(Launcher.java:225)
	at org.codehaus.plexus.classworlds.launcher.Launcher.mainWithExitCode(Launcher.java:406)
	at org.codehaus.plexus.classworlds.launcher.Launcher.main(Launcher.java:347)
Caused by: 
java.sql.SQLSyntaxErrorException: Access denied for user 'spq'@'localhost' to database 'airbvdb'
	at com.mysql.cj.jdbc.exceptions.SQLError.createSQLException(SQLError.java:120)
	at com.mysql.cj.jdbc.exceptions.SQLExceptionsMapping.translateException(SQLExceptionsMapping.java:122)
	at com.mysql.cj.jdbc.ConnectionImpl.createNewIO(ConnectionImpl.java:833)
	at com.mysql.cj.jdbc.ConnectionImpl.<init>(ConnectionImpl.java:453)
	at com.mysql.cj.jdbc.ConnectionImpl.getInstance(ConnectionImpl.java:246)
	at com.mysql.cj.jdbc.NonRegisteringDriver.connect(NonRegisteringDriver.java:198)
	at java.sql/java.sql.DriverManager.getConnection(DriverManager.java:677)
	at java.sql/java.sql.DriverManager.getConnection(DriverManager.java:189)
	at org.datanucleus.store.rdbms.datasource.dbcp2.DriverManagerConnectionFactory.createConnection(DriverManagerConnectionFactory.java:79)
	at org.datanucleus.store.rdbms.datasource.dbcp2.PoolableConnectionFactory.makeObject(PoolableConnectionFactory.java:254)
	at org.datanucleus.store.rdbms.datasource.dbcp2.pool2.impl.GenericObjectPool.create(GenericObjectPool.java:864)
	at org.datanucleus.store.rdbms.datasource.dbcp2.pool2.impl.GenericObjectPool.borrowObject(GenericObjectPool.java:434)
	at org.datanucleus.store.rdbms.datasource.dbcp2.pool2.impl.GenericObjectPool.borrowObject(GenericObjectPool.java:362)
	at org.datanucleus.store.rdbms.datasource.dbcp2.PoolingDataSource.getConnection(PoolingDataSource.java:132)
	at org.datanucleus.store.rdbms.ConnectionFactoryImpl$ManagedConnectionImpl.getConnection(ConnectionFactoryImpl.java:501)
	... 42 more
Nested Throwables StackTrace:
java.sql.SQLSyntaxErrorException: Access denied for user 'spq'@'localhost' to database 'airbvdb'
	at com.mysql.cj.jdbc.exceptions.SQLError.createSQLException(SQLError.java:120)
	at com.mysql.cj.jdbc.exceptions.SQLExceptionsMapping.translateException(SQLExceptionsMapping.java:122)
	at com.mysql.cj.jdbc.ConnectionImpl.createNewIO(ConnectionImpl.java:833)
	at com.mysql.cj.jdbc.ConnectionImpl.<init>(ConnectionImpl.java:453)
	at com.mysql.cj.jdbc.ConnectionImpl.getInstance(ConnectionImpl.java:246)
	at com.mysql.cj.jdbc.NonRegisteringDriver.connect(NonRegisteringDriver.java:198)
	at java.sql/java.sql.DriverManager.getConnection(DriverManager.java:677)
	at java.sql/java.sql.DriverManager.getConnection(DriverManager.java:189)
	at org.datanucleus.store.rdbms.datasource.dbcp2.DriverManagerConnectionFactory.createConnection(DriverManagerConnectionFactory.java:79)
	at org.datanucleus.store.rdbms.datasource.dbcp2.PoolableConnectionFactory.makeObject(PoolableConnectionFactory.java:254)
	at org.datanucleus.store.rdbms.datasource.dbcp2.pool2.impl.GenericObjectPool.create(GenericObjectPool.java:864)
	at org.datanucleus.store.rdbms.datasource.dbcp2.pool2.impl.GenericObjectPool.borrowObject(GenericObjectPool.java:434)
	at org.datanucleus.store.rdbms.datasource.dbcp2.pool2.impl.GenericObjectPool.borrowObject(GenericObjectPool.java:362)
	at org.datanucleus.store.rdbms.datasource.dbcp2.PoolingDataSource.getConnection(PoolingDataSource.java:132)
	at org.datanucleus.store.rdbms.ConnectionFactoryImpl$ManagedConnectionImpl.getConnection(ConnectionFactoryImpl.java:501)
	at org.datanucleus.store.rdbms.RDBMSStoreManager.<init>(RDBMSStoreManager.java:288)
	at java.base/jdk.internal.reflect.NativeConstructorAccessorImpl.newInstance0(Native Method)
	at java.base/jdk.internal.reflect.NativeConstructorAccessorImpl.newInstance(NativeConstructorAccessorImpl.java:78)
	at java.base/jdk.internal.reflect.DelegatingConstructorAccessorImpl.newInstance(DelegatingConstructorAccessorImpl.java:45)
	at java.base/java.lang.reflect.Constructor.newInstanceWithCaller(Constructor.java:499)
	at java.base/java.lang.reflect.Constructor.newInstance(Constructor.java:480)
	at org.datanucleus.plugin.NonManagedPluginRegistry.createExecutableExtension(NonManagedPluginRegistry.java:651)
	at org.datanucleus.plugin.PluginManager.createExecutableExtension(PluginManager.java:295)
	at org.datanucleus.NucleusContextHelper.createStoreManagerForProperties(NucleusContextHelper.java:140)
	at org.datanucleus.PersistenceNucleusContextImpl.initialise(PersistenceNucleusContextImpl.java:445)
	at org.datanucleus.store.schema.SchemaTool.getNucleusContextForMode(SchemaTool.java:729)
	at org.datanucleus.store.schema.SchemaTool.main(SchemaTool.java:300)
	at java.base/jdk.internal.reflect.NativeMethodAccessorImpl.invoke0(Native Method)
	at java.base/jdk.internal.reflect.NativeMethodAccessorImpl.invoke(NativeMethodAccessorImpl.java:78)
	at java.base/jdk.internal.reflect.DelegatingMethodAccessorImpl.invoke(DelegatingMethodAccessorImpl.java:43)
	at java.base/java.lang.reflect.Method.invoke(Method.java:567)
	at org.datanucleus.maven.AbstractDataNucleusMojo.executeInJvm(AbstractDataNucleusMojo.java:345)
	at org.datanucleus.maven.AbstractSchemaToolMojo.executeSchemaTool(AbstractSchemaToolMojo.java:336)
	at org.datanucleus.maven.AbstractSchemaToolMojo.executeDataNucleusTool(AbstractSchemaToolMojo.java:150)
	at org.datanucleus.maven.AbstractDataNucleusMojo.execute(AbstractDataNucleusMojo.java:126)
	at org.apache.maven.plugin.DefaultBuildPluginManager.executeMojo(DefaultBuildPluginManager.java:137)
	at org.apache.maven.lifecycle.internal.MojoExecutor.execute(MojoExecutor.java:210)
	at org.apache.maven.lifecycle.internal.MojoExecutor.execute(MojoExecutor.java:156)
	at org.apache.maven.lifecycle.internal.MojoExecutor.execute(MojoExecutor.java:148)
	at org.apache.maven.lifecycle.internal.LifecycleModuleBuilder.buildProject(LifecycleModuleBuilder.java:117)
	at org.apache.maven.lifecycle.internal.LifecycleModuleBuilder.buildProject(LifecycleModuleBuilder.java:81)
	at org.apache.maven.lifecycle.internal.builder.singlethreaded.SingleThreadedBuilder.build(SingleThreadedBuilder.java:56)
	at org.apache.maven.lifecycle.internal.LifecycleStarter.execute(LifecycleStarter.java:128)
	at org.apache.maven.DefaultMaven.doExecute(DefaultMaven.java:305)
	at org.apache.maven.DefaultMaven.doExecute(DefaultMaven.java:192)
	at org.apache.maven.DefaultMaven.execute(DefaultMaven.java:105)
	at org.apache.maven.cli.MavenCli.execute(MavenCli.java:957)
	at org.apache.maven.cli.MavenCli.doMain(MavenCli.java:289)
	at org.apache.maven.cli.MavenCli.main(MavenCli.java:193)
	at java.base/jdk.internal.reflect.NativeMethodAccessorImpl.invoke0(Native Method)
	at java.base/jdk.internal.reflect.NativeMethodAccessorImpl.invoke(NativeMethodAccessorImpl.java:78)
	at java.base/jdk.internal.reflect.DelegatingMethodAccessorImpl.invoke(DelegatingMethodAccessorImpl.java:43)
	at java.base/java.lang.reflect.Method.invoke(Method.java:567)
	at org.codehaus.plexus.classworlds.launcher.Launcher.launchEnhanced(Launcher.java:282)
	at org.codehaus.plexus.classworlds.launcher.Launcher.launch(Launcher.java:225)
	at org.codehaus.plexus.classworlds.launcher.Launcher.mainWithExitCode(Launcher.java:406)
	at org.codehaus.plexus.classworlds.launcher.Launcher.main(Launcher.java:347)
16:57:56,490 (main) INFO  [DataNucleus.SchemaTool] - DataNucleus SchemaTool : Creación del esquema para clases
16:57:56,493 (main) INFO  [DataNucleus.SchemaTool] - DataNucleus SchemaTool : Classpath
16:57:56,495 (main) INFO  [DataNucleus.SchemaTool] - >>  C:\Programming\Java\apache-maven-3.6.3\bin\..\boot\plexus-classworlds-2.6.0.jar
16:57:56,512 (main) DEBUG [DataNucleus.General] - Using PluginRegistry org.datanucleus.plugin.NonManagedPluginRegistry
16:57:56,527 (main) DEBUG [DataNucleus.General] - Registering bundle org.sonatype.inject version 2.3.0 at URL file:/C:/Users/amaia/.m2/repository/org/sonatype/sisu/sisu-inject-bean/2.3.0/sisu-inject-bean-2.3.0.jar.
16:57:56,532 (main) DEBUG [DataNucleus.General] - Leyendo extension-points y extensiones del archivo de plug-in jar:file:/C:/Users/amaia/.m2/repository/org/sonatype/sisu/sisu-inject-bean/2.3.0/sisu-inject-bean-2.3.0.jar!/plugin.xml.
16:57:56,534 (main) DEBUG [DataNucleus.General] - Registering bundle org.datanucleus version 5.2.2 at URL file:/C:/Users/amaia/.m2/repository/org/datanucleus/datanucleus-core/5.2.2/datanucleus-core-5.2.2.jar.
16:57:56,536 (main) DEBUG [DataNucleus.General] - Leyendo extension-points y extensiones del archivo de plug-in jar:file:/C:/Users/amaia/.m2/repository/org/datanucleus/datanucleus-core/5.2.2/datanucleus-core-5.2.2.jar!/plugin.xml.
16:57:56,542 (main) DEBUG [DataNucleus.General] - Registering bundle org.datanucleus.api.jdo version 5.2.3 at URL file:/C:/Users/amaia/.m2/repository/org/datanucleus/datanucleus-api-jdo/5.2.3/datanucleus-api-jdo-5.2.3.jar.
16:57:56,547 (main) DEBUG [DataNucleus.General] - Leyendo extension-points y extensiones del archivo de plug-in jar:file:/C:/Users/amaia/.m2/repository/org/datanucleus/datanucleus-api-jdo/5.2.3/datanucleus-api-jdo-5.2.3.jar!/plugin.xml.
16:57:56,549 (main) DEBUG [DataNucleus.General] - Registering bundle org.datanucleus.store.rdbms version 5.2.2 at URL file:/C:/Users/amaia/.m2/repository/org/datanucleus/datanucleus-rdbms/5.2.2/datanucleus-rdbms-5.2.2.jar.
16:57:56,551 (main) DEBUG [DataNucleus.General] - Leyendo extension-points y extensiones del archivo de plug-in jar:file:/C:/Users/amaia/.m2/repository/org/datanucleus/datanucleus-rdbms/5.2.2/datanucleus-rdbms-5.2.2.jar!/plugin.xml.
16:57:56,563 (main) INFO  [DataNucleus.Persistence] - Propiedad datanucleus.validateconstraints desconocida - vamos a ignorarla
16:57:56,563 (main) INFO  [DataNucleus.Persistence] - Propiedad datanucleus.metadata.validate desconocida - vamos a ignorarla
16:57:56,563 (main) INFO  [DataNucleus.Persistence] - Propiedad datanucleus.autocreateschema desconocida - vamos a ignorarla
16:57:56,563 (main) INFO  [DataNucleus.Persistence] - Propiedad datanucleus.validatetables desconocida - vamos a ignorarla
16:57:56,563 (main) DEBUG [DataNucleus.Datastore] - Creating StoreManager for datastore
16:57:56,658 (main) DEBUG [DataNucleus.Connection] - Creado ConnectionPool "tx" con data source de tipo dbcp2-builtin
16:57:56,658 (main) DEBUG [DataNucleus.Connection] - Registrado la factoria de connecciones transaccionales bajo el nombre "rdbms/tx"
16:57:56,658 (main) DEBUG [DataNucleus.Connection] - Registrado la factoria de connecciones nontransaccionales bajo el nombre "rdbms/nontx"
16:57:56,669 (main) DEBUG [DataNucleus.Connection] - Creado ConnectionPool "nontx" con data source de tipo dbcp2-builtin
16:57:57,116 (main) ERROR [DataNucleus.Datastore.Schema] - La inicialización del base de datos ha fallado.
Access denied for user 'spq'@'localhost' to database 'airbvdb'
org.datanucleus.exceptions.NucleusDataStoreException: Access denied for user 'spq'@'localhost' to database 'airbvdb'
	at org.datanucleus.store.rdbms.ConnectionFactoryImpl$ManagedConnectionImpl.getConnection(ConnectionFactoryImpl.java:518)
	at org.datanucleus.store.rdbms.RDBMSStoreManager.<init>(RDBMSStoreManager.java:288)
	at java.base/jdk.internal.reflect.NativeConstructorAccessorImpl.newInstance0(Native Method)
	at java.base/jdk.internal.reflect.NativeConstructorAccessorImpl.newInstance(NativeConstructorAccessorImpl.java:78)
	at java.base/jdk.internal.reflect.DelegatingConstructorAccessorImpl.newInstance(DelegatingConstructorAccessorImpl.java:45)
	at java.base/java.lang.reflect.Constructor.newInstanceWithCaller(Constructor.java:499)
	at java.base/java.lang.reflect.Constructor.newInstance(Constructor.java:480)
	at org.datanucleus.plugin.NonManagedPluginRegistry.createExecutableExtension(NonManagedPluginRegistry.java:651)
	at org.datanucleus.plugin.PluginManager.createExecutableExtension(PluginManager.java:295)
	at org.datanucleus.NucleusContextHelper.createStoreManagerForProperties(NucleusContextHelper.java:140)
	at org.datanucleus.PersistenceNucleusContextImpl.initialise(PersistenceNucleusContextImpl.java:445)
	at org.datanucleus.store.schema.SchemaTool.getNucleusContextForMode(SchemaTool.java:729)
	at org.datanucleus.store.schema.SchemaTool.main(SchemaTool.java:300)
	at java.base/jdk.internal.reflect.NativeMethodAccessorImpl.invoke0(Native Method)
	at java.base/jdk.internal.reflect.NativeMethodAccessorImpl.invoke(NativeMethodAccessorImpl.java:78)
	at java.base/jdk.internal.reflect.DelegatingMethodAccessorImpl.invoke(DelegatingMethodAccessorImpl.java:43)
	at java.base/java.lang.reflect.Method.invoke(Method.java:567)
	at org.datanucleus.maven.AbstractDataNucleusMojo.executeInJvm(AbstractDataNucleusMojo.java:345)
	at org.datanucleus.maven.AbstractSchemaToolMojo.executeSchemaTool(AbstractSchemaToolMojo.java:336)
	at org.datanucleus.maven.AbstractSchemaToolMojo.executeDataNucleusTool(AbstractSchemaToolMojo.java:150)
	at org.datanucleus.maven.AbstractDataNucleusMojo.execute(AbstractDataNucleusMojo.java:126)
	at org.apache.maven.plugin.DefaultBuildPluginManager.executeMojo(DefaultBuildPluginManager.java:137)
	at org.apache.maven.lifecycle.internal.MojoExecutor.execute(MojoExecutor.java:210)
	at org.apache.maven.lifecycle.internal.MojoExecutor.execute(MojoExecutor.java:156)
	at org.apache.maven.lifecycle.internal.MojoExecutor.execute(MojoExecutor.java:148)
	at org.apache.maven.lifecycle.internal.LifecycleModuleBuilder.buildProject(LifecycleModuleBuilder.java:117)
	at org.apache.maven.lifecycle.internal.LifecycleModuleBuilder.buildProject(LifecycleModuleBuilder.java:81)
	at org.apache.maven.lifecycle.internal.builder.singlethreaded.SingleThreadedBuilder.build(SingleThreadedBuilder.java:56)
	at org.apache.maven.lifecycle.internal.LifecycleStarter.execute(LifecycleStarter.java:128)
	at org.apache.maven.DefaultMaven.doExecute(DefaultMaven.java:305)
	at org.apache.maven.DefaultMaven.doExecute(DefaultMaven.java:192)
	at org.apache.maven.DefaultMaven.execute(DefaultMaven.java:105)
	at org.apache.maven.cli.MavenCli.execute(MavenCli.java:957)
	at org.apache.maven.cli.MavenCli.doMain(MavenCli.java:289)
	at org.apache.maven.cli.MavenCli.main(MavenCli.java:193)
	at java.base/jdk.internal.reflect.NativeMethodAccessorImpl.invoke0(Native Method)
	at java.base/jdk.internal.reflect.NativeMethodAccessorImpl.invoke(NativeMethodAccessorImpl.java:78)
	at java.base/jdk.internal.reflect.DelegatingMethodAccessorImpl.invoke(DelegatingMethodAccessorImpl.java:43)
	at java.base/java.lang.reflect.Method.invoke(Method.java:567)
	at org.codehaus.plexus.classworlds.launcher.Launcher.launchEnhanced(Launcher.java:282)
	at org.codehaus.plexus.classworlds.launcher.Launcher.launch(Launcher.java:225)
	at org.codehaus.plexus.classworlds.launcher.Launcher.mainWithExitCode(Launcher.java:406)
	at org.codehaus.plexus.classworlds.launcher.Launcher.main(Launcher.java:347)
Caused by: 
java.sql.SQLSyntaxErrorException: Access denied for user 'spq'@'localhost' to database 'airbvdb'
	at com.mysql.cj.jdbc.exceptions.SQLError.createSQLException(SQLError.java:120)
	at com.mysql.cj.jdbc.exceptions.SQLExceptionsMapping.translateException(SQLExceptionsMapping.java:122)
	at com.mysql.cj.jdbc.ConnectionImpl.createNewIO(ConnectionImpl.java:833)
	at com.mysql.cj.jdbc.ConnectionImpl.<init>(ConnectionImpl.java:453)
	at com.mysql.cj.jdbc.ConnectionImpl.getInstance(ConnectionImpl.java:246)
	at com.mysql.cj.jdbc.NonRegisteringDriver.connect(NonRegisteringDriver.java:198)
	at java.sql/java.sql.DriverManager.getConnection(DriverManager.java:677)
	at java.sql/java.sql.DriverManager.getConnection(DriverManager.java:189)
	at org.datanucleus.store.rdbms.datasource.dbcp2.DriverManagerConnectionFactory.createConnection(DriverManagerConnectionFactory.java:79)
	at org.datanucleus.store.rdbms.datasource.dbcp2.PoolableConnectionFactory.makeObject(PoolableConnectionFactory.java:254)
	at org.datanucleus.store.rdbms.datasource.dbcp2.pool2.impl.GenericObjectPool.create(GenericObjectPool.java:864)
	at org.datanucleus.store.rdbms.datasource.dbcp2.pool2.impl.GenericObjectPool.borrowObject(GenericObjectPool.java:434)
	at org.datanucleus.store.rdbms.datasource.dbcp2.pool2.impl.GenericObjectPool.borrowObject(GenericObjectPool.java:362)
	at org.datanucleus.store.rdbms.datasource.dbcp2.PoolingDataSource.getConnection(PoolingDataSource.java:132)
	at org.datanucleus.store.rdbms.ConnectionFactoryImpl$ManagedConnectionImpl.getConnection(ConnectionFactoryImpl.java:501)
	... 42 more
Nested Throwables StackTrace:
java.sql.SQLSyntaxErrorException: Access denied for user 'spq'@'localhost' to database 'airbvdb'
	at com.mysql.cj.jdbc.exceptions.SQLError.createSQLException(SQLError.java:120)
	at com.mysql.cj.jdbc.exceptions.SQLExceptionsMapping.translateException(SQLExceptionsMapping.java:122)
	at com.mysql.cj.jdbc.ConnectionImpl.createNewIO(ConnectionImpl.java:833)
	at com.mysql.cj.jdbc.ConnectionImpl.<init>(ConnectionImpl.java:453)
	at com.mysql.cj.jdbc.ConnectionImpl.getInstance(ConnectionImpl.java:246)
	at com.mysql.cj.jdbc.NonRegisteringDriver.connect(NonRegisteringDriver.java:198)
	at java.sql/java.sql.DriverManager.getConnection(DriverManager.java:677)
	at java.sql/java.sql.DriverManager.getConnection(DriverManager.java:189)
	at org.datanucleus.store.rdbms.datasource.dbcp2.DriverManagerConnectionFactory.createConnection(DriverManagerConnectionFactory.java:79)
	at org.datanucleus.store.rdbms.datasource.dbcp2.PoolableConnectionFactory.makeObject(PoolableConnectionFactory.java:254)
	at org.datanucleus.store.rdbms.datasource.dbcp2.pool2.impl.GenericObjectPool.create(GenericObjectPool.java:864)
	at org.datanucleus.store.rdbms.datasource.dbcp2.pool2.impl.GenericObjectPool.borrowObject(GenericObjectPool.java:434)
	at org.datanucleus.store.rdbms.datasource.dbcp2.pool2.impl.GenericObjectPool.borrowObject(GenericObjectPool.java:362)
	at org.datanucleus.store.rdbms.datasource.dbcp2.PoolingDataSource.getConnection(PoolingDataSource.java:132)
	at org.datanucleus.store.rdbms.ConnectionFactoryImpl$ManagedConnectionImpl.getConnection(ConnectionFactoryImpl.java:501)
	at org.datanucleus.store.rdbms.RDBMSStoreManager.<init>(RDBMSStoreManager.java:288)
	at java.base/jdk.internal.reflect.NativeConstructorAccessorImpl.newInstance0(Native Method)
	at java.base/jdk.internal.reflect.NativeConstructorAccessorImpl.newInstance(NativeConstructorAccessorImpl.java:78)
	at java.base/jdk.internal.reflect.DelegatingConstructorAccessorImpl.newInstance(DelegatingConstructorAccessorImpl.java:45)
	at java.base/java.lang.reflect.Constructor.newInstanceWithCaller(Constructor.java:499)
	at java.base/java.lang.reflect.Constructor.newInstance(Constructor.java:480)
	at org.datanucleus.plugin.NonManagedPluginRegistry.createExecutableExtension(NonManagedPluginRegistry.java:651)
	at org.datanucleus.plugin.PluginManager.createExecutableExtension(PluginManager.java:295)
	at org.datanucleus.NucleusContextHelper.createStoreManagerForProperties(NucleusContextHelper.java:140)
	at org.datanucleus.PersistenceNucleusContextImpl.initialise(PersistenceNucleusContextImpl.java:445)
	at org.datanucleus.store.schema.SchemaTool.getNucleusContextForMode(SchemaTool.java:729)
	at org.datanucleus.store.schema.SchemaTool.main(SchemaTool.java:300)
	at java.base/jdk.internal.reflect.NativeMethodAccessorImpl.invoke0(Native Method)
	at java.base/jdk.internal.reflect.NativeMethodAccessorImpl.invoke(NativeMethodAccessorImpl.java:78)
	at java.base/jdk.internal.reflect.DelegatingMethodAccessorImpl.invoke(DelegatingMethodAccessorImpl.java:43)
	at java.base/java.lang.reflect.Method.invoke(Method.java:567)
	at org.datanucleus.maven.AbstractDataNucleusMojo.executeInJvm(AbstractDataNucleusMojo.java:345)
	at org.datanucleus.maven.AbstractSchemaToolMojo.executeSchemaTool(AbstractSchemaToolMojo.java:336)
	at org.datanucleus.maven.AbstractSchemaToolMojo.executeDataNucleusTool(AbstractSchemaToolMojo.java:150)
	at org.datanucleus.maven.AbstractDataNucleusMojo.execute(AbstractDataNucleusMojo.java:126)
	at org.apache.maven.plugin.DefaultBuildPluginManager.executeMojo(DefaultBuildPluginManager.java:137)
	at org.apache.maven.lifecycle.internal.MojoExecutor.execute(MojoExecutor.java:210)
	at org.apache.maven.lifecycle.internal.MojoExecutor.execute(MojoExecutor.java:156)
	at org.apache.maven.lifecycle.internal.MojoExecutor.execute(MojoExecutor.java:148)
	at org.apache.maven.lifecycle.internal.LifecycleModuleBuilder.buildProject(LifecycleModuleBuilder.java:117)
	at org.apache.maven.lifecycle.internal.LifecycleModuleBuilder.buildProject(LifecycleModuleBuilder.java:81)
	at org.apache.maven.lifecycle.internal.builder.singlethreaded.SingleThreadedBuilder.build(SingleThreadedBuilder.java:56)
	at org.apache.maven.lifecycle.internal.LifecycleStarter.execute(LifecycleStarter.java:128)
	at org.apache.maven.DefaultMaven.doExecute(DefaultMaven.java:305)
	at org.apache.maven.DefaultMaven.doExecute(DefaultMaven.java:192)
	at org.apache.maven.DefaultMaven.execute(DefaultMaven.java:105)
	at org.apache.maven.cli.MavenCli.execute(MavenCli.java:957)
	at org.apache.maven.cli.MavenCli.doMain(MavenCli.java:289)
	at org.apache.maven.cli.MavenCli.main(MavenCli.java:193)
	at java.base/jdk.internal.reflect.NativeMethodAccessorImpl.invoke0(Native Method)
	at java.base/jdk.internal.reflect.NativeMethodAccessorImpl.invoke(NativeMethodAccessorImpl.java:78)
	at java.base/jdk.internal.reflect.DelegatingMethodAccessorImpl.invoke(DelegatingMethodAccessorImpl.java:43)
	at java.base/java.lang.reflect.Method.invoke(Method.java:567)
	at org.codehaus.plexus.classworlds.launcher.Launcher.launchEnhanced(Launcher.java:282)
	at org.codehaus.plexus.classworlds.launcher.Launcher.launch(Launcher.java:225)
	at org.codehaus.plexus.classworlds.launcher.Launcher.mainWithExitCode(Launcher.java:406)
	at org.codehaus.plexus.classworlds.launcher.Launcher.main(Launcher.java:347)
16:57:57,119 (main) ERROR [DataNucleus.Datastore] - Exception thrown creating StoreManager : Access denied for user 'spq'@'localhost' to database 'airbvdb'
16:57:57,119 (main) ERROR [DataNucleus.SchemaTool] - Error creating NucleusContext
Access denied for user 'spq'@'localhost' to database 'airbvdb'
org.datanucleus.exceptions.NucleusDataStoreException: Access denied for user 'spq'@'localhost' to database 'airbvdb'
	at org.datanucleus.store.rdbms.ConnectionFactoryImpl$ManagedConnectionImpl.getConnection(ConnectionFactoryImpl.java:518)
	at org.datanucleus.store.rdbms.RDBMSStoreManager.<init>(RDBMSStoreManager.java:288)
	at java.base/jdk.internal.reflect.NativeConstructorAccessorImpl.newInstance0(Native Method)
	at java.base/jdk.internal.reflect.NativeConstructorAccessorImpl.newInstance(NativeConstructorAccessorImpl.java:78)
	at java.base/jdk.internal.reflect.DelegatingConstructorAccessorImpl.newInstance(DelegatingConstructorAccessorImpl.java:45)
	at java.base/java.lang.reflect.Constructor.newInstanceWithCaller(Constructor.java:499)
	at java.base/java.lang.reflect.Constructor.newInstance(Constructor.java:480)
	at org.datanucleus.plugin.NonManagedPluginRegistry.createExecutableExtension(NonManagedPluginRegistry.java:651)
	at org.datanucleus.plugin.PluginManager.createExecutableExtension(PluginManager.java:295)
	at org.datanucleus.NucleusContextHelper.createStoreManagerForProperties(NucleusContextHelper.java:140)
	at org.datanucleus.PersistenceNucleusContextImpl.initialise(PersistenceNucleusContextImpl.java:445)
	at org.datanucleus.store.schema.SchemaTool.getNucleusContextForMode(SchemaTool.java:729)
	at org.datanucleus.store.schema.SchemaTool.main(SchemaTool.java:300)
	at java.base/jdk.internal.reflect.NativeMethodAccessorImpl.invoke0(Native Method)
	at java.base/jdk.internal.reflect.NativeMethodAccessorImpl.invoke(NativeMethodAccessorImpl.java:78)
	at java.base/jdk.internal.reflect.DelegatingMethodAccessorImpl.invoke(DelegatingMethodAccessorImpl.java:43)
	at java.base/java.lang.reflect.Method.invoke(Method.java:567)
	at org.datanucleus.maven.AbstractDataNucleusMojo.executeInJvm(AbstractDataNucleusMojo.java:345)
	at org.datanucleus.maven.AbstractSchemaToolMojo.executeSchemaTool(AbstractSchemaToolMojo.java:336)
	at org.datanucleus.maven.AbstractSchemaToolMojo.executeDataNucleusTool(AbstractSchemaToolMojo.java:150)
	at org.datanucleus.maven.AbstractDataNucleusMojo.execute(AbstractDataNucleusMojo.java:126)
	at org.apache.maven.plugin.DefaultBuildPluginManager.executeMojo(DefaultBuildPluginManager.java:137)
	at org.apache.maven.lifecycle.internal.MojoExecutor.execute(MojoExecutor.java:210)
	at org.apache.maven.lifecycle.internal.MojoExecutor.execute(MojoExecutor.java:156)
	at org.apache.maven.lifecycle.internal.MojoExecutor.execute(MojoExecutor.java:148)
	at org.apache.maven.lifecycle.internal.LifecycleModuleBuilder.buildProject(LifecycleModuleBuilder.java:117)
	at org.apache.maven.lifecycle.internal.LifecycleModuleBuilder.buildProject(LifecycleModuleBuilder.java:81)
	at org.apache.maven.lifecycle.internal.builder.singlethreaded.SingleThreadedBuilder.build(SingleThreadedBuilder.java:56)
	at org.apache.maven.lifecycle.internal.LifecycleStarter.execute(LifecycleStarter.java:128)
	at org.apache.maven.DefaultMaven.doExecute(DefaultMaven.java:305)
	at org.apache.maven.DefaultMaven.doExecute(DefaultMaven.java:192)
	at org.apache.maven.DefaultMaven.execute(DefaultMaven.java:105)
	at org.apache.maven.cli.MavenCli.execute(MavenCli.java:957)
	at org.apache.maven.cli.MavenCli.doMain(MavenCli.java:289)
	at org.apache.maven.cli.MavenCli.main(MavenCli.java:193)
	at java.base/jdk.internal.reflect.NativeMethodAccessorImpl.invoke0(Native Method)
	at java.base/jdk.internal.reflect.NativeMethodAccessorImpl.invoke(NativeMethodAccessorImpl.java:78)
	at java.base/jdk.internal.reflect.DelegatingMethodAccessorImpl.invoke(DelegatingMethodAccessorImpl.java:43)
	at java.base/java.lang.reflect.Method.invoke(Method.java:567)
	at org.codehaus.plexus.classworlds.launcher.Launcher.launchEnhanced(Launcher.java:282)
	at org.codehaus.plexus.classworlds.launcher.Launcher.launch(Launcher.java:225)
	at org.codehaus.plexus.classworlds.launcher.Launcher.mainWithExitCode(Launcher.java:406)
	at org.codehaus.plexus.classworlds.launcher.Launcher.main(Launcher.java:347)
Caused by: 
java.sql.SQLSyntaxErrorException: Access denied for user 'spq'@'localhost' to database 'airbvdb'
	at com.mysql.cj.jdbc.exceptions.SQLError.createSQLException(SQLError.java:120)
	at com.mysql.cj.jdbc.exceptions.SQLExceptionsMapping.translateException(SQLExceptionsMapping.java:122)
	at com.mysql.cj.jdbc.ConnectionImpl.createNewIO(ConnectionImpl.java:833)
	at com.mysql.cj.jdbc.ConnectionImpl.<init>(ConnectionImpl.java:453)
	at com.mysql.cj.jdbc.ConnectionImpl.getInstance(ConnectionImpl.java:246)
	at com.mysql.cj.jdbc.NonRegisteringDriver.connect(NonRegisteringDriver.java:198)
	at java.sql/java.sql.DriverManager.getConnection(DriverManager.java:677)
	at java.sql/java.sql.DriverManager.getConnection(DriverManager.java:189)
	at org.datanucleus.store.rdbms.datasource.dbcp2.DriverManagerConnectionFactory.createConnection(DriverManagerConnectionFactory.java:79)
	at org.datanucleus.store.rdbms.datasource.dbcp2.PoolableConnectionFactory.makeObject(PoolableConnectionFactory.java:254)
	at org.datanucleus.store.rdbms.datasource.dbcp2.pool2.impl.GenericObjectPool.create(GenericObjectPool.java:864)
	at org.datanucleus.store.rdbms.datasource.dbcp2.pool2.impl.GenericObjectPool.borrowObject(GenericObjectPool.java:434)
	at org.datanucleus.store.rdbms.datasource.dbcp2.pool2.impl.GenericObjectPool.borrowObject(GenericObjectPool.java:362)
	at org.datanucleus.store.rdbms.datasource.dbcp2.PoolingDataSource.getConnection(PoolingDataSource.java:132)
	at org.datanucleus.store.rdbms.ConnectionFactoryImpl$ManagedConnectionImpl.getConnection(ConnectionFactoryImpl.java:501)
	... 42 more
Nested Throwables StackTrace:
java.sql.SQLSyntaxErrorException: Access denied for user 'spq'@'localhost' to database 'airbvdb'
	at com.mysql.cj.jdbc.exceptions.SQLError.createSQLException(SQLError.java:120)
	at com.mysql.cj.jdbc.exceptions.SQLExceptionsMapping.translateException(SQLExceptionsMapping.java:122)
	at com.mysql.cj.jdbc.ConnectionImpl.createNewIO(ConnectionImpl.java:833)
	at com.mysql.cj.jdbc.ConnectionImpl.<init>(ConnectionImpl.java:453)
	at com.mysql.cj.jdbc.ConnectionImpl.getInstance(ConnectionImpl.java:246)
	at com.mysql.cj.jdbc.NonRegisteringDriver.connect(NonRegisteringDriver.java:198)
	at java.sql/java.sql.DriverManager.getConnection(DriverManager.java:677)
	at java.sql/java.sql.DriverManager.getConnection(DriverManager.java:189)
	at org.datanucleus.store.rdbms.datasource.dbcp2.DriverManagerConnectionFactory.createConnection(DriverManagerConnectionFactory.java:79)
	at org.datanucleus.store.rdbms.datasource.dbcp2.PoolableConnectionFactory.makeObject(PoolableConnectionFactory.java:254)
	at org.datanucleus.store.rdbms.datasource.dbcp2.pool2.impl.GenericObjectPool.create(GenericObjectPool.java:864)
	at org.datanucleus.store.rdbms.datasource.dbcp2.pool2.impl.GenericObjectPool.borrowObject(GenericObjectPool.java:434)
	at org.datanucleus.store.rdbms.datasource.dbcp2.pool2.impl.GenericObjectPool.borrowObject(GenericObjectPool.java:362)
	at org.datanucleus.store.rdbms.datasource.dbcp2.PoolingDataSource.getConnection(PoolingDataSource.java:132)
	at org.datanucleus.store.rdbms.ConnectionFactoryImpl$ManagedConnectionImpl.getConnection(ConnectionFactoryImpl.java:501)
	at org.datanucleus.store.rdbms.RDBMSStoreManager.<init>(RDBMSStoreManager.java:288)
	at java.base/jdk.internal.reflect.NativeConstructorAccessorImpl.newInstance0(Native Method)
	at java.base/jdk.internal.reflect.NativeConstructorAccessorImpl.newInstance(NativeConstructorAccessorImpl.java:78)
	at java.base/jdk.internal.reflect.DelegatingConstructorAccessorImpl.newInstance(DelegatingConstructorAccessorImpl.java:45)
	at java.base/java.lang.reflect.Constructor.newInstanceWithCaller(Constructor.java:499)
	at java.base/java.lang.reflect.Constructor.newInstance(Constructor.java:480)
	at org.datanucleus.plugin.NonManagedPluginRegistry.createExecutableExtension(NonManagedPluginRegistry.java:651)
	at org.datanucleus.plugin.PluginManager.createExecutableExtension(PluginManager.java:295)
	at org.datanucleus.NucleusContextHelper.createStoreManagerForProperties(NucleusContextHelper.java:140)
	at org.datanucleus.PersistenceNucleusContextImpl.initialise(PersistenceNucleusContextImpl.java:445)
	at org.datanucleus.store.schema.SchemaTool.getNucleusContextForMode(SchemaTool.java:729)
	at org.datanucleus.store.schema.SchemaTool.main(SchemaTool.java:300)
	at java.base/jdk.internal.reflect.NativeMethodAccessorImpl.invoke0(Native Method)
	at java.base/jdk.internal.reflect.NativeMethodAccessorImpl.invoke(NativeMethodAccessorImpl.java:78)
	at java.base/jdk.internal.reflect.DelegatingMethodAccessorImpl.invoke(DelegatingMethodAccessorImpl.java:43)
	at java.base/java.lang.reflect.Method.invoke(Method.java:567)
	at org.datanucleus.maven.AbstractDataNucleusMojo.executeInJvm(AbstractDataNucleusMojo.java:345)
	at org.datanucleus.maven.AbstractSchemaToolMojo.executeSchemaTool(AbstractSchemaToolMojo.java:336)
	at org.datanucleus.maven.AbstractSchemaToolMojo.executeDataNucleusTool(AbstractSchemaToolMojo.java:150)
	at org.datanucleus.maven.AbstractDataNucleusMojo.execute(AbstractDataNucleusMojo.java:126)
	at org.apache.maven.plugin.DefaultBuildPluginManager.executeMojo(DefaultBuildPluginManager.java:137)
	at org.apache.maven.lifecycle.internal.MojoExecutor.execute(MojoExecutor.java:210)
	at org.apache.maven.lifecycle.internal.MojoExecutor.execute(MojoExecutor.java:156)
	at org.apache.maven.lifecycle.internal.MojoExecutor.execute(MojoExecutor.java:148)
	at org.apache.maven.lifecycle.internal.LifecycleModuleBuilder.buildProject(LifecycleModuleBuilder.java:117)
	at org.apache.maven.lifecycle.internal.LifecycleModuleBuilder.buildProject(LifecycleModuleBuilder.java:81)
	at org.apache.maven.lifecycle.internal.builder.singlethreaded.SingleThreadedBuilder.build(SingleThreadedBuilder.java:56)
	at org.apache.maven.lifecycle.internal.LifecycleStarter.execute(LifecycleStarter.java:128)
	at org.apache.maven.DefaultMaven.doExecute(DefaultMaven.java:305)
	at org.apache.maven.DefaultMaven.doExecute(DefaultMaven.java:192)
	at org.apache.maven.DefaultMaven.execute(DefaultMaven.java:105)
	at org.apache.maven.cli.MavenCli.execute(MavenCli.java:957)
	at org.apache.maven.cli.MavenCli.doMain(MavenCli.java:289)
	at org.apache.maven.cli.MavenCli.main(MavenCli.java:193)
	at java.base/jdk.internal.reflect.NativeMethodAccessorImpl.invoke0(Native Method)
	at java.base/jdk.internal.reflect.NativeMethodAccessorImpl.invoke(NativeMethodAccessorImpl.java:78)
	at java.base/jdk.internal.reflect.DelegatingMethodAccessorImpl.invoke(DelegatingMethodAccessorImpl.java:43)
	at java.base/java.lang.reflect.Method.invoke(Method.java:567)
	at org.codehaus.plexus.classworlds.launcher.Launcher.launchEnhanced(Launcher.java:282)
	at org.codehaus.plexus.classworlds.launcher.Launcher.launch(Launcher.java:225)
	at org.codehaus.plexus.classworlds.launcher.Launcher.mainWithExitCode(Launcher.java:406)
	at org.codehaus.plexus.classworlds.launcher.Launcher.main(Launcher.java:347)
16:59:11,214 (main) INFO  [DataNucleus.SchemaTool] - DataNucleus SchemaTool : Creación del esquema para clases
16:59:11,218 (main) INFO  [DataNucleus.SchemaTool] - DataNucleus SchemaTool : Classpath
16:59:11,220 (main) INFO  [DataNucleus.SchemaTool] - >>  C:\Programming\Java\apache-maven-3.6.3\bin\..\boot\plexus-classworlds-2.6.0.jar
16:59:11,238 (main) DEBUG [DataNucleus.General] - Using PluginRegistry org.datanucleus.plugin.NonManagedPluginRegistry
16:59:11,253 (main) DEBUG [DataNucleus.General] - Registering bundle org.sonatype.inject version 2.3.0 at URL file:/C:/Users/amaia/.m2/repository/org/sonatype/sisu/sisu-inject-bean/2.3.0/sisu-inject-bean-2.3.0.jar.
16:59:11,258 (main) DEBUG [DataNucleus.General] - Leyendo extension-points y extensiones del archivo de plug-in jar:file:/C:/Users/amaia/.m2/repository/org/sonatype/sisu/sisu-inject-bean/2.3.0/sisu-inject-bean-2.3.0.jar!/plugin.xml.
16:59:11,260 (main) DEBUG [DataNucleus.General] - Registering bundle org.datanucleus version 5.2.2 at URL file:/C:/Users/amaia/.m2/repository/org/datanucleus/datanucleus-core/5.2.2/datanucleus-core-5.2.2.jar.
16:59:11,263 (main) DEBUG [DataNucleus.General] - Leyendo extension-points y extensiones del archivo de plug-in jar:file:/C:/Users/amaia/.m2/repository/org/datanucleus/datanucleus-core/5.2.2/datanucleus-core-5.2.2.jar!/plugin.xml.
16:59:11,268 (main) DEBUG [DataNucleus.General] - Registering bundle org.datanucleus.api.jdo version 5.2.3 at URL file:/C:/Users/amaia/.m2/repository/org/datanucleus/datanucleus-api-jdo/5.2.3/datanucleus-api-jdo-5.2.3.jar.
16:59:11,280 (main) DEBUG [DataNucleus.General] - Leyendo extension-points y extensiones del archivo de plug-in jar:file:/C:/Users/amaia/.m2/repository/org/datanucleus/datanucleus-api-jdo/5.2.3/datanucleus-api-jdo-5.2.3.jar!/plugin.xml.
16:59:11,287 (main) DEBUG [DataNucleus.General] - Registering bundle org.datanucleus.store.rdbms version 5.2.2 at URL file:/C:/Users/amaia/.m2/repository/org/datanucleus/datanucleus-rdbms/5.2.2/datanucleus-rdbms-5.2.2.jar.
16:59:11,290 (main) DEBUG [DataNucleus.General] - Leyendo extension-points y extensiones del archivo de plug-in jar:file:/C:/Users/amaia/.m2/repository/org/datanucleus/datanucleus-rdbms/5.2.2/datanucleus-rdbms-5.2.2.jar!/plugin.xml.
16:59:11,300 (main) INFO  [DataNucleus.Persistence] - Propiedad datanucleus.validateconstraints desconocida - vamos a ignorarla
16:59:11,301 (main) INFO  [DataNucleus.Persistence] - Propiedad datanucleus.metadata.validate desconocida - vamos a ignorarla
16:59:11,301 (main) INFO  [DataNucleus.Persistence] - Propiedad datanucleus.autocreateschema desconocida - vamos a ignorarla
16:59:11,301 (main) INFO  [DataNucleus.Persistence] - Propiedad datanucleus.validatetables desconocida - vamos a ignorarla
16:59:11,301 (main) DEBUG [DataNucleus.Datastore] - Creating StoreManager for datastore
16:59:11,398 (main) DEBUG [DataNucleus.Connection] - Creado ConnectionPool "tx" con data source de tipo dbcp2-builtin
16:59:11,398 (main) DEBUG [DataNucleus.Connection] - Registrado la factoria de connecciones transaccionales bajo el nombre "rdbms/tx"
16:59:11,399 (main) DEBUG [DataNucleus.Connection] - Registrado la factoria de connecciones nontransaccionales bajo el nombre "rdbms/nontx"
16:59:11,409 (main) DEBUG [DataNucleus.Connection] - Creado ConnectionPool "nontx" con data source de tipo dbcp2-builtin
16:59:11,848 (main) ERROR [DataNucleus.Datastore.Schema] - La inicialización del base de datos ha fallado.
Access denied for user 'spq'@'localhost' to database 'airbvdb'
org.datanucleus.exceptions.NucleusDataStoreException: Access denied for user 'spq'@'localhost' to database 'airbvdb'
	at org.datanucleus.store.rdbms.ConnectionFactoryImpl$ManagedConnectionImpl.getConnection(ConnectionFactoryImpl.java:518)
	at org.datanucleus.store.rdbms.RDBMSStoreManager.<init>(RDBMSStoreManager.java:288)
	at java.base/jdk.internal.reflect.NativeConstructorAccessorImpl.newInstance0(Native Method)
	at java.base/jdk.internal.reflect.NativeConstructorAccessorImpl.newInstance(NativeConstructorAccessorImpl.java:78)
	at java.base/jdk.internal.reflect.DelegatingConstructorAccessorImpl.newInstance(DelegatingConstructorAccessorImpl.java:45)
	at java.base/java.lang.reflect.Constructor.newInstanceWithCaller(Constructor.java:499)
	at java.base/java.lang.reflect.Constructor.newInstance(Constructor.java:480)
	at org.datanucleus.plugin.NonManagedPluginRegistry.createExecutableExtension(NonManagedPluginRegistry.java:651)
	at org.datanucleus.plugin.PluginManager.createExecutableExtension(PluginManager.java:295)
	at org.datanucleus.NucleusContextHelper.createStoreManagerForProperties(NucleusContextHelper.java:140)
	at org.datanucleus.PersistenceNucleusContextImpl.initialise(PersistenceNucleusContextImpl.java:445)
	at org.datanucleus.store.schema.SchemaTool.getNucleusContextForMode(SchemaTool.java:729)
	at org.datanucleus.store.schema.SchemaTool.main(SchemaTool.java:300)
	at java.base/jdk.internal.reflect.NativeMethodAccessorImpl.invoke0(Native Method)
	at java.base/jdk.internal.reflect.NativeMethodAccessorImpl.invoke(NativeMethodAccessorImpl.java:78)
	at java.base/jdk.internal.reflect.DelegatingMethodAccessorImpl.invoke(DelegatingMethodAccessorImpl.java:43)
	at java.base/java.lang.reflect.Method.invoke(Method.java:567)
	at org.datanucleus.maven.AbstractDataNucleusMojo.executeInJvm(AbstractDataNucleusMojo.java:345)
	at org.datanucleus.maven.AbstractSchemaToolMojo.executeSchemaTool(AbstractSchemaToolMojo.java:336)
	at org.datanucleus.maven.AbstractSchemaToolMojo.executeDataNucleusTool(AbstractSchemaToolMojo.java:150)
	at org.datanucleus.maven.AbstractDataNucleusMojo.execute(AbstractDataNucleusMojo.java:126)
	at org.apache.maven.plugin.DefaultBuildPluginManager.executeMojo(DefaultBuildPluginManager.java:137)
	at org.apache.maven.lifecycle.internal.MojoExecutor.execute(MojoExecutor.java:210)
	at org.apache.maven.lifecycle.internal.MojoExecutor.execute(MojoExecutor.java:156)
	at org.apache.maven.lifecycle.internal.MojoExecutor.execute(MojoExecutor.java:148)
	at org.apache.maven.lifecycle.internal.LifecycleModuleBuilder.buildProject(LifecycleModuleBuilder.java:117)
	at org.apache.maven.lifecycle.internal.LifecycleModuleBuilder.buildProject(LifecycleModuleBuilder.java:81)
	at org.apache.maven.lifecycle.internal.builder.singlethreaded.SingleThreadedBuilder.build(SingleThreadedBuilder.java:56)
	at org.apache.maven.lifecycle.internal.LifecycleStarter.execute(LifecycleStarter.java:128)
	at org.apache.maven.DefaultMaven.doExecute(DefaultMaven.java:305)
	at org.apache.maven.DefaultMaven.doExecute(DefaultMaven.java:192)
	at org.apache.maven.DefaultMaven.execute(DefaultMaven.java:105)
	at org.apache.maven.cli.MavenCli.execute(MavenCli.java:957)
	at org.apache.maven.cli.MavenCli.doMain(MavenCli.java:289)
	at org.apache.maven.cli.MavenCli.main(MavenCli.java:193)
	at java.base/jdk.internal.reflect.NativeMethodAccessorImpl.invoke0(Native Method)
	at java.base/jdk.internal.reflect.NativeMethodAccessorImpl.invoke(NativeMethodAccessorImpl.java:78)
	at java.base/jdk.internal.reflect.DelegatingMethodAccessorImpl.invoke(DelegatingMethodAccessorImpl.java:43)
	at java.base/java.lang.reflect.Method.invoke(Method.java:567)
	at org.codehaus.plexus.classworlds.launcher.Launcher.launchEnhanced(Launcher.java:282)
	at org.codehaus.plexus.classworlds.launcher.Launcher.launch(Launcher.java:225)
	at org.codehaus.plexus.classworlds.launcher.Launcher.mainWithExitCode(Launcher.java:406)
	at org.codehaus.plexus.classworlds.launcher.Launcher.main(Launcher.java:347)
Caused by: 
java.sql.SQLSyntaxErrorException: Access denied for user 'spq'@'localhost' to database 'airbvdb'
	at com.mysql.cj.jdbc.exceptions.SQLError.createSQLException(SQLError.java:120)
	at com.mysql.cj.jdbc.exceptions.SQLExceptionsMapping.translateException(SQLExceptionsMapping.java:122)
	at com.mysql.cj.jdbc.ConnectionImpl.createNewIO(ConnectionImpl.java:833)
	at com.mysql.cj.jdbc.ConnectionImpl.<init>(ConnectionImpl.java:453)
	at com.mysql.cj.jdbc.ConnectionImpl.getInstance(ConnectionImpl.java:246)
	at com.mysql.cj.jdbc.NonRegisteringDriver.connect(NonRegisteringDriver.java:198)
	at java.sql/java.sql.DriverManager.getConnection(DriverManager.java:677)
	at java.sql/java.sql.DriverManager.getConnection(DriverManager.java:189)
	at org.datanucleus.store.rdbms.datasource.dbcp2.DriverManagerConnectionFactory.createConnection(DriverManagerConnectionFactory.java:79)
	at org.datanucleus.store.rdbms.datasource.dbcp2.PoolableConnectionFactory.makeObject(PoolableConnectionFactory.java:254)
	at org.datanucleus.store.rdbms.datasource.dbcp2.pool2.impl.GenericObjectPool.create(GenericObjectPool.java:864)
	at org.datanucleus.store.rdbms.datasource.dbcp2.pool2.impl.GenericObjectPool.borrowObject(GenericObjectPool.java:434)
	at org.datanucleus.store.rdbms.datasource.dbcp2.pool2.impl.GenericObjectPool.borrowObject(GenericObjectPool.java:362)
	at org.datanucleus.store.rdbms.datasource.dbcp2.PoolingDataSource.getConnection(PoolingDataSource.java:132)
	at org.datanucleus.store.rdbms.ConnectionFactoryImpl$ManagedConnectionImpl.getConnection(ConnectionFactoryImpl.java:501)
	... 42 more
Nested Throwables StackTrace:
java.sql.SQLSyntaxErrorException: Access denied for user 'spq'@'localhost' to database 'airbvdb'
	at com.mysql.cj.jdbc.exceptions.SQLError.createSQLException(SQLError.java:120)
	at com.mysql.cj.jdbc.exceptions.SQLExceptionsMapping.translateException(SQLExceptionsMapping.java:122)
	at com.mysql.cj.jdbc.ConnectionImpl.createNewIO(ConnectionImpl.java:833)
	at com.mysql.cj.jdbc.ConnectionImpl.<init>(ConnectionImpl.java:453)
	at com.mysql.cj.jdbc.ConnectionImpl.getInstance(ConnectionImpl.java:246)
	at com.mysql.cj.jdbc.NonRegisteringDriver.connect(NonRegisteringDriver.java:198)
	at java.sql/java.sql.DriverManager.getConnection(DriverManager.java:677)
	at java.sql/java.sql.DriverManager.getConnection(DriverManager.java:189)
	at org.datanucleus.store.rdbms.datasource.dbcp2.DriverManagerConnectionFactory.createConnection(DriverManagerConnectionFactory.java:79)
	at org.datanucleus.store.rdbms.datasource.dbcp2.PoolableConnectionFactory.makeObject(PoolableConnectionFactory.java:254)
	at org.datanucleus.store.rdbms.datasource.dbcp2.pool2.impl.GenericObjectPool.create(GenericObjectPool.java:864)
	at org.datanucleus.store.rdbms.datasource.dbcp2.pool2.impl.GenericObjectPool.borrowObject(GenericObjectPool.java:434)
	at org.datanucleus.store.rdbms.datasource.dbcp2.pool2.impl.GenericObjectPool.borrowObject(GenericObjectPool.java:362)
	at org.datanucleus.store.rdbms.datasource.dbcp2.PoolingDataSource.getConnection(PoolingDataSource.java:132)
	at org.datanucleus.store.rdbms.ConnectionFactoryImpl$ManagedConnectionImpl.getConnection(ConnectionFactoryImpl.java:501)
	at org.datanucleus.store.rdbms.RDBMSStoreManager.<init>(RDBMSStoreManager.java:288)
	at java.base/jdk.internal.reflect.NativeConstructorAccessorImpl.newInstance0(Native Method)
	at java.base/jdk.internal.reflect.NativeConstructorAccessorImpl.newInstance(NativeConstructorAccessorImpl.java:78)
	at java.base/jdk.internal.reflect.DelegatingConstructorAccessorImpl.newInstance(DelegatingConstructorAccessorImpl.java:45)
	at java.base/java.lang.reflect.Constructor.newInstanceWithCaller(Constructor.java:499)
	at java.base/java.lang.reflect.Constructor.newInstance(Constructor.java:480)
	at org.datanucleus.plugin.NonManagedPluginRegistry.createExecutableExtension(NonManagedPluginRegistry.java:651)
	at org.datanucleus.plugin.PluginManager.createExecutableExtension(PluginManager.java:295)
	at org.datanucleus.NucleusContextHelper.createStoreManagerForProperties(NucleusContextHelper.java:140)
	at org.datanucleus.PersistenceNucleusContextImpl.initialise(PersistenceNucleusContextImpl.java:445)
	at org.datanucleus.store.schema.SchemaTool.getNucleusContextForMode(SchemaTool.java:729)
	at org.datanucleus.store.schema.SchemaTool.main(SchemaTool.java:300)
	at java.base/jdk.internal.reflect.NativeMethodAccessorImpl.invoke0(Native Method)
	at java.base/jdk.internal.reflect.NativeMethodAccessorImpl.invoke(NativeMethodAccessorImpl.java:78)
	at java.base/jdk.internal.reflect.DelegatingMethodAccessorImpl.invoke(DelegatingMethodAccessorImpl.java:43)
	at java.base/java.lang.reflect.Method.invoke(Method.java:567)
	at org.datanucleus.maven.AbstractDataNucleusMojo.executeInJvm(AbstractDataNucleusMojo.java:345)
	at org.datanucleus.maven.AbstractSchemaToolMojo.executeSchemaTool(AbstractSchemaToolMojo.java:336)
	at org.datanucleus.maven.AbstractSchemaToolMojo.executeDataNucleusTool(AbstractSchemaToolMojo.java:150)
	at org.datanucleus.maven.AbstractDataNucleusMojo.execute(AbstractDataNucleusMojo.java:126)
	at org.apache.maven.plugin.DefaultBuildPluginManager.executeMojo(DefaultBuildPluginManager.java:137)
	at org.apache.maven.lifecycle.internal.MojoExecutor.execute(MojoExecutor.java:210)
	at org.apache.maven.lifecycle.internal.MojoExecutor.execute(MojoExecutor.java:156)
	at org.apache.maven.lifecycle.internal.MojoExecutor.execute(MojoExecutor.java:148)
	at org.apache.maven.lifecycle.internal.LifecycleModuleBuilder.buildProject(LifecycleModuleBuilder.java:117)
	at org.apache.maven.lifecycle.internal.LifecycleModuleBuilder.buildProject(LifecycleModuleBuilder.java:81)
	at org.apache.maven.lifecycle.internal.builder.singlethreaded.SingleThreadedBuilder.build(SingleThreadedBuilder.java:56)
	at org.apache.maven.lifecycle.internal.LifecycleStarter.execute(LifecycleStarter.java:128)
	at org.apache.maven.DefaultMaven.doExecute(DefaultMaven.java:305)
	at org.apache.maven.DefaultMaven.doExecute(DefaultMaven.java:192)
	at org.apache.maven.DefaultMaven.execute(DefaultMaven.java:105)
	at org.apache.maven.cli.MavenCli.execute(MavenCli.java:957)
	at org.apache.maven.cli.MavenCli.doMain(MavenCli.java:289)
	at org.apache.maven.cli.MavenCli.main(MavenCli.java:193)
	at java.base/jdk.internal.reflect.NativeMethodAccessorImpl.invoke0(Native Method)
	at java.base/jdk.internal.reflect.NativeMethodAccessorImpl.invoke(NativeMethodAccessorImpl.java:78)
	at java.base/jdk.internal.reflect.DelegatingMethodAccessorImpl.invoke(DelegatingMethodAccessorImpl.java:43)
	at java.base/java.lang.reflect.Method.invoke(Method.java:567)
	at org.codehaus.plexus.classworlds.launcher.Launcher.launchEnhanced(Launcher.java:282)
	at org.codehaus.plexus.classworlds.launcher.Launcher.launch(Launcher.java:225)
	at org.codehaus.plexus.classworlds.launcher.Launcher.mainWithExitCode(Launcher.java:406)
	at org.codehaus.plexus.classworlds.launcher.Launcher.main(Launcher.java:347)
16:59:11,849 (main) ERROR [DataNucleus.Datastore] - Exception thrown creating StoreManager : Access denied for user 'spq'@'localhost' to database 'airbvdb'
16:59:11,850 (main) ERROR [DataNucleus.SchemaTool] - Error creating NucleusContext
Access denied for user 'spq'@'localhost' to database 'airbvdb'
org.datanucleus.exceptions.NucleusDataStoreException: Access denied for user 'spq'@'localhost' to database 'airbvdb'
	at org.datanucleus.store.rdbms.ConnectionFactoryImpl$ManagedConnectionImpl.getConnection(ConnectionFactoryImpl.java:518)
	at org.datanucleus.store.rdbms.RDBMSStoreManager.<init>(RDBMSStoreManager.java:288)
	at java.base/jdk.internal.reflect.NativeConstructorAccessorImpl.newInstance0(Native Method)
	at java.base/jdk.internal.reflect.NativeConstructorAccessorImpl.newInstance(NativeConstructorAccessorImpl.java:78)
	at java.base/jdk.internal.reflect.DelegatingConstructorAccessorImpl.newInstance(DelegatingConstructorAccessorImpl.java:45)
	at java.base/java.lang.reflect.Constructor.newInstanceWithCaller(Constructor.java:499)
	at java.base/java.lang.reflect.Constructor.newInstance(Constructor.java:480)
	at org.datanucleus.plugin.NonManagedPluginRegistry.createExecutableExtension(NonManagedPluginRegistry.java:651)
	at org.datanucleus.plugin.PluginManager.createExecutableExtension(PluginManager.java:295)
	at org.datanucleus.NucleusContextHelper.createStoreManagerForProperties(NucleusContextHelper.java:140)
	at org.datanucleus.PersistenceNucleusContextImpl.initialise(PersistenceNucleusContextImpl.java:445)
	at org.datanucleus.store.schema.SchemaTool.getNucleusContextForMode(SchemaTool.java:729)
	at org.datanucleus.store.schema.SchemaTool.main(SchemaTool.java:300)
	at java.base/jdk.internal.reflect.NativeMethodAccessorImpl.invoke0(Native Method)
	at java.base/jdk.internal.reflect.NativeMethodAccessorImpl.invoke(NativeMethodAccessorImpl.java:78)
	at java.base/jdk.internal.reflect.DelegatingMethodAccessorImpl.invoke(DelegatingMethodAccessorImpl.java:43)
	at java.base/java.lang.reflect.Method.invoke(Method.java:567)
	at org.datanucleus.maven.AbstractDataNucleusMojo.executeInJvm(AbstractDataNucleusMojo.java:345)
	at org.datanucleus.maven.AbstractSchemaToolMojo.executeSchemaTool(AbstractSchemaToolMojo.java:336)
	at org.datanucleus.maven.AbstractSchemaToolMojo.executeDataNucleusTool(AbstractSchemaToolMojo.java:150)
	at org.datanucleus.maven.AbstractDataNucleusMojo.execute(AbstractDataNucleusMojo.java:126)
	at org.apache.maven.plugin.DefaultBuildPluginManager.executeMojo(DefaultBuildPluginManager.java:137)
	at org.apache.maven.lifecycle.internal.MojoExecutor.execute(MojoExecutor.java:210)
	at org.apache.maven.lifecycle.internal.MojoExecutor.execute(MojoExecutor.java:156)
	at org.apache.maven.lifecycle.internal.MojoExecutor.execute(MojoExecutor.java:148)
	at org.apache.maven.lifecycle.internal.LifecycleModuleBuilder.buildProject(LifecycleModuleBuilder.java:117)
	at org.apache.maven.lifecycle.internal.LifecycleModuleBuilder.buildProject(LifecycleModuleBuilder.java:81)
	at org.apache.maven.lifecycle.internal.builder.singlethreaded.SingleThreadedBuilder.build(SingleThreadedBuilder.java:56)
	at org.apache.maven.lifecycle.internal.LifecycleStarter.execute(LifecycleStarter.java:128)
	at org.apache.maven.DefaultMaven.doExecute(DefaultMaven.java:305)
	at org.apache.maven.DefaultMaven.doExecute(DefaultMaven.java:192)
	at org.apache.maven.DefaultMaven.execute(DefaultMaven.java:105)
	at org.apache.maven.cli.MavenCli.execute(MavenCli.java:957)
	at org.apache.maven.cli.MavenCli.doMain(MavenCli.java:289)
	at org.apache.maven.cli.MavenCli.main(MavenCli.java:193)
	at java.base/jdk.internal.reflect.NativeMethodAccessorImpl.invoke0(Native Method)
	at java.base/jdk.internal.reflect.NativeMethodAccessorImpl.invoke(NativeMethodAccessorImpl.java:78)
	at java.base/jdk.internal.reflect.DelegatingMethodAccessorImpl.invoke(DelegatingMethodAccessorImpl.java:43)
	at java.base/java.lang.reflect.Method.invoke(Method.java:567)
	at org.codehaus.plexus.classworlds.launcher.Launcher.launchEnhanced(Launcher.java:282)
	at org.codehaus.plexus.classworlds.launcher.Launcher.launch(Launcher.java:225)
	at org.codehaus.plexus.classworlds.launcher.Launcher.mainWithExitCode(Launcher.java:406)
	at org.codehaus.plexus.classworlds.launcher.Launcher.main(Launcher.java:347)
Caused by: 
java.sql.SQLSyntaxErrorException: Access denied for user 'spq'@'localhost' to database 'airbvdb'
	at com.mysql.cj.jdbc.exceptions.SQLError.createSQLException(SQLError.java:120)
	at com.mysql.cj.jdbc.exceptions.SQLExceptionsMapping.translateException(SQLExceptionsMapping.java:122)
	at com.mysql.cj.jdbc.ConnectionImpl.createNewIO(ConnectionImpl.java:833)
	at com.mysql.cj.jdbc.ConnectionImpl.<init>(ConnectionImpl.java:453)
	at com.mysql.cj.jdbc.ConnectionImpl.getInstance(ConnectionImpl.java:246)
	at com.mysql.cj.jdbc.NonRegisteringDriver.connect(NonRegisteringDriver.java:198)
	at java.sql/java.sql.DriverManager.getConnection(DriverManager.java:677)
	at java.sql/java.sql.DriverManager.getConnection(DriverManager.java:189)
	at org.datanucleus.store.rdbms.datasource.dbcp2.DriverManagerConnectionFactory.createConnection(DriverManagerConnectionFactory.java:79)
	at org.datanucleus.store.rdbms.datasource.dbcp2.PoolableConnectionFactory.makeObject(PoolableConnectionFactory.java:254)
	at org.datanucleus.store.rdbms.datasource.dbcp2.pool2.impl.GenericObjectPool.create(GenericObjectPool.java:864)
	at org.datanucleus.store.rdbms.datasource.dbcp2.pool2.impl.GenericObjectPool.borrowObject(GenericObjectPool.java:434)
	at org.datanucleus.store.rdbms.datasource.dbcp2.pool2.impl.GenericObjectPool.borrowObject(GenericObjectPool.java:362)
	at org.datanucleus.store.rdbms.datasource.dbcp2.PoolingDataSource.getConnection(PoolingDataSource.java:132)
	at org.datanucleus.store.rdbms.ConnectionFactoryImpl$ManagedConnectionImpl.getConnection(ConnectionFactoryImpl.java:501)
	... 42 more
Nested Throwables StackTrace:
java.sql.SQLSyntaxErrorException: Access denied for user 'spq'@'localhost' to database 'airbvdb'
	at com.mysql.cj.jdbc.exceptions.SQLError.createSQLException(SQLError.java:120)
	at com.mysql.cj.jdbc.exceptions.SQLExceptionsMapping.translateException(SQLExceptionsMapping.java:122)
	at com.mysql.cj.jdbc.ConnectionImpl.createNewIO(ConnectionImpl.java:833)
	at com.mysql.cj.jdbc.ConnectionImpl.<init>(ConnectionImpl.java:453)
	at com.mysql.cj.jdbc.ConnectionImpl.getInstance(ConnectionImpl.java:246)
	at com.mysql.cj.jdbc.NonRegisteringDriver.connect(NonRegisteringDriver.java:198)
	at java.sql/java.sql.DriverManager.getConnection(DriverManager.java:677)
	at java.sql/java.sql.DriverManager.getConnection(DriverManager.java:189)
	at org.datanucleus.store.rdbms.datasource.dbcp2.DriverManagerConnectionFactory.createConnection(DriverManagerConnectionFactory.java:79)
	at org.datanucleus.store.rdbms.datasource.dbcp2.PoolableConnectionFactory.makeObject(PoolableConnectionFactory.java:254)
	at org.datanucleus.store.rdbms.datasource.dbcp2.pool2.impl.GenericObjectPool.create(GenericObjectPool.java:864)
	at org.datanucleus.store.rdbms.datasource.dbcp2.pool2.impl.GenericObjectPool.borrowObject(GenericObjectPool.java:434)
	at org.datanucleus.store.rdbms.datasource.dbcp2.pool2.impl.GenericObjectPool.borrowObject(GenericObjectPool.java:362)
	at org.datanucleus.store.rdbms.datasource.dbcp2.PoolingDataSource.getConnection(PoolingDataSource.java:132)
	at org.datanucleus.store.rdbms.ConnectionFactoryImpl$ManagedConnectionImpl.getConnection(ConnectionFactoryImpl.java:501)
	at org.datanucleus.store.rdbms.RDBMSStoreManager.<init>(RDBMSStoreManager.java:288)
	at java.base/jdk.internal.reflect.NativeConstructorAccessorImpl.newInstance0(Native Method)
	at java.base/jdk.internal.reflect.NativeConstructorAccessorImpl.newInstance(NativeConstructorAccessorImpl.java:78)
	at java.base/jdk.internal.reflect.DelegatingConstructorAccessorImpl.newInstance(DelegatingConstructorAccessorImpl.java:45)
	at java.base/java.lang.reflect.Constructor.newInstanceWithCaller(Constructor.java:499)
	at java.base/java.lang.reflect.Constructor.newInstance(Constructor.java:480)
	at org.datanucleus.plugin.NonManagedPluginRegistry.createExecutableExtension(NonManagedPluginRegistry.java:651)
	at org.datanucleus.plugin.PluginManager.createExecutableExtension(PluginManager.java:295)
	at org.datanucleus.NucleusContextHelper.createStoreManagerForProperties(NucleusContextHelper.java:140)
	at org.datanucleus.PersistenceNucleusContextImpl.initialise(PersistenceNucleusContextImpl.java:445)
	at org.datanucleus.store.schema.SchemaTool.getNucleusContextForMode(SchemaTool.java:729)
	at org.datanucleus.store.schema.SchemaTool.main(SchemaTool.java:300)
	at java.base/jdk.internal.reflect.NativeMethodAccessorImpl.invoke0(Native Method)
	at java.base/jdk.internal.reflect.NativeMethodAccessorImpl.invoke(NativeMethodAccessorImpl.java:78)
	at java.base/jdk.internal.reflect.DelegatingMethodAccessorImpl.invoke(DelegatingMethodAccessorImpl.java:43)
	at java.base/java.lang.reflect.Method.invoke(Method.java:567)
	at org.datanucleus.maven.AbstractDataNucleusMojo.executeInJvm(AbstractDataNucleusMojo.java:345)
	at org.datanucleus.maven.AbstractSchemaToolMojo.executeSchemaTool(AbstractSchemaToolMojo.java:336)
	at org.datanucleus.maven.AbstractSchemaToolMojo.executeDataNucleusTool(AbstractSchemaToolMojo.java:150)
	at org.datanucleus.maven.AbstractDataNucleusMojo.execute(AbstractDataNucleusMojo.java:126)
	at org.apache.maven.plugin.DefaultBuildPluginManager.executeMojo(DefaultBuildPluginManager.java:137)
	at org.apache.maven.lifecycle.internal.MojoExecutor.execute(MojoExecutor.java:210)
	at org.apache.maven.lifecycle.internal.MojoExecutor.execute(MojoExecutor.java:156)
	at org.apache.maven.lifecycle.internal.MojoExecutor.execute(MojoExecutor.java:148)
	at org.apache.maven.lifecycle.internal.LifecycleModuleBuilder.buildProject(LifecycleModuleBuilder.java:117)
	at org.apache.maven.lifecycle.internal.LifecycleModuleBuilder.buildProject(LifecycleModuleBuilder.java:81)
	at org.apache.maven.lifecycle.internal.builder.singlethreaded.SingleThreadedBuilder.build(SingleThreadedBuilder.java:56)
	at org.apache.maven.lifecycle.internal.LifecycleStarter.execute(LifecycleStarter.java:128)
	at org.apache.maven.DefaultMaven.doExecute(DefaultMaven.java:305)
	at org.apache.maven.DefaultMaven.doExecute(DefaultMaven.java:192)
	at org.apache.maven.DefaultMaven.execute(DefaultMaven.java:105)
	at org.apache.maven.cli.MavenCli.execute(MavenCli.java:957)
	at org.apache.maven.cli.MavenCli.doMain(MavenCli.java:289)
	at org.apache.maven.cli.MavenCli.main(MavenCli.java:193)
	at java.base/jdk.internal.reflect.NativeMethodAccessorImpl.invoke0(Native Method)
	at java.base/jdk.internal.reflect.NativeMethodAccessorImpl.invoke(NativeMethodAccessorImpl.java:78)
	at java.base/jdk.internal.reflect.DelegatingMethodAccessorImpl.invoke(DelegatingMethodAccessorImpl.java:43)
	at java.base/java.lang.reflect.Method.invoke(Method.java:567)
	at org.codehaus.plexus.classworlds.launcher.Launcher.launchEnhanced(Launcher.java:282)
	at org.codehaus.plexus.classworlds.launcher.Launcher.launch(Launcher.java:225)
	at org.codehaus.plexus.classworlds.launcher.Launcher.mainWithExitCode(Launcher.java:406)
	at org.codehaus.plexus.classworlds.launcher.Launcher.main(Launcher.java:347)
