\BOOKMARK [0][-]{chapter.1}{\376\377\0001\000\040\000N\000a\000m\000e\000s\000p\000a\000c\000e\000\040\000I\000n\000d\000e\000x}{}% 1
\BOOKMARK [1][-]{section.1.1}{\376\377\0001\000.\0001\000\040\000P\000a\000c\000k\000a\000g\000e\000s}{chapter.1}% 2
\BOOKMARK [0][-]{chapter.2}{\376\377\0002\000\040\000H\000i\000e\000r\000a\000r\000c\000h\000i\000c\000a\000l\000\040\000I\000n\000d\000e\000x}{}% 3
\BOOKMARK [1][-]{section.2.1}{\376\377\0002\000.\0001\000\040\000C\000l\000a\000s\000s\000\040\000H\000i\000e\000r\000a\000r\000c\000h\000y}{chapter.2}% 4
\BOOKMARK [0][-]{chapter.3}{\376\377\0003\000\040\000C\000l\000a\000s\000s\000\040\000I\000n\000d\000e\000x}{}% 5
\BOOKMARK [1][-]{section.3.1}{\376\377\0003\000.\0001\000\040\000C\000l\000a\000s\000s\000\040\000L\000i\000s\000t}{chapter.3}% 6
\BOOKMARK [0][-]{chapter.4}{\376\377\0004\000\040\000F\000i\000l\000e\000\040\000I\000n\000d\000e\000x}{}% 7
\BOOKMARK [1][-]{section.4.1}{\376\377\0004\000.\0001\000\040\000F\000i\000l\000e\000\040\000L\000i\000s\000t}{chapter.4}% 8
\BOOKMARK [0][-]{chapter.5}{\376\377\0005\000\040\000N\000a\000m\000e\000s\000p\000a\000c\000e\000\040\000D\000o\000c\000u\000m\000e\000n\000t\000a\000t\000i\000o\000n}{}% 9
\BOOKMARK [1][-]{section.5.1}{\376\377\0005\000.\0001\000\040\000P\000a\000c\000k\000a\000g\000e\000\040\000c\000l\000i\000e\000n\000t\000.\000m\000a\000i\000n}{chapter.5}% 10
\BOOKMARK [2][-]{subsection.5.1.1}{\376\377\0005\000.\0001\000.\0001\000\040\000D\000e\000t\000a\000i\000l\000e\000d\000\040\000D\000e\000s\000c\000r\000i\000p\000t\000i\000o\000n}{section.5.1}% 11
\BOOKMARK [1][-]{section.5.2}{\376\377\0005\000.\0002\000\040\000P\000a\000c\000k\000a\000g\000e\000\040\000e\000s\000.\000d\000e\000u\000s\000t\000o\000.\000b\000s\000p\000q\0002\0001\000e\0001\000.\000c\000l\000i\000e\000n\000t\000.\000c\000o\000n\000t\000r\000o\000l\000l\000e\000r}{chapter.5}% 12
\BOOKMARK [1][-]{section.5.3}{\376\377\0005\000.\0003\000\040\000P\000a\000c\000k\000a\000g\000e\000\040\000e\000s\000.\000d\000e\000u\000s\000t\000o\000.\000b\000s\000p\000q\0002\0001\000e\0001\000.\000c\000l\000i\000e\000n\000t\000.\000g\000u\000i}{chapter.5}% 13
\BOOKMARK [1][-]{section.5.4}{\376\377\0005\000.\0004\000\040\000P\000a\000c\000k\000a\000g\000e\000\040\000e\000s\000.\000d\000e\000u\000s\000t\000o\000.\000b\000s\000p\000q\0002\0001\000e\0001\000.\000c\000l\000i\000e\000n\000t\000.\000m\000a\000i\000n}{chapter.5}% 14
\BOOKMARK [1][-]{section.5.5}{\376\377\0005\000.\0005\000\040\000P\000a\000c\000k\000a\000g\000e\000\040\000e\000s\000.\000d\000e\000u\000s\000t\000o\000.\000b\000s\000p\000q\0002\0001\000e\0001\000.\000s\000e\000r\000i\000a\000l\000i\000z\000a\000t\000i\000o\000n}{chapter.5}% 15
\BOOKMARK [1][-]{section.5.6}{\376\377\0005\000.\0006\000\040\000P\000a\000c\000k\000a\000g\000e\000\040\000e\000s\000.\000d\000e\000u\000s\000t\000o\000.\000b\000s\000p\000q\0002\0001\000e\0001\000.\000s\000e\000r\000v\000e\000r}{chapter.5}% 16
\BOOKMARK [1][-]{section.5.7}{\376\377\0005\000.\0007\000\040\000P\000a\000c\000k\000a\000g\000e\000\040\000e\000s\000.\000d\000e\000u\000s\000t\000o\000.\000b\000s\000p\000q\0002\0001\000e\0001\000.\000s\000e\000r\000v\000e\000r\000.\000d\000a\000o}{chapter.5}% 17
\BOOKMARK [1][-]{section.5.8}{\376\377\0005\000.\0008\000\040\000P\000a\000c\000k\000a\000g\000e\000\040\000e\000s\000.\000d\000e\000u\000s\000t\000o\000.\000b\000s\000p\000q\0002\0001\000e\0001\000.\000s\000e\000r\000v\000e\000r\000.\000d\000a\000t\000a}{chapter.5}% 18
\BOOKMARK [1][-]{section.5.9}{\376\377\0005\000.\0009\000\040\000P\000a\000c\000k\000a\000g\000e\000\040\000e\000s\000.\000d\000e\000u\000s\000t\000o\000.\000b\000s\000p\000q\0002\0001\000e\0001\000.\000s\000e\000r\000v\000e\000r\000.\000d\000t\000o}{chapter.5}% 19
\BOOKMARK [1][-]{section.5.10}{\376\377\0005\000.\0001\0000\000\040\000P\000a\000c\000k\000a\000g\000e\000\040\000e\000s\000.\000d\000e\000u\000s\000t\000o\000.\000b\000s\000p\000q\0002\0001\000e\0001\000.\000s\000e\000r\000v\000e\000r\000.\000r\000e\000m\000o\000t\000e}{chapter.5}% 20
\BOOKMARK [0][-]{chapter.6}{\376\377\0006\000\040\000C\000l\000a\000s\000s\000\040\000D\000o\000c\000u\000m\000e\000n\000t\000a\000t\000i\000o\000n}{}% 21
\BOOKMARK [1][-]{section.6.1}{\376\377\0006\000.\0001\000\040\000e\000s\000.\000d\000e\000u\000s\000t\000o\000.\000b\000s\000p\000q\0002\0001\000e\0001\000.\000s\000e\000r\000v\000e\000r\000.\000r\000e\000m\000o\000t\000e\000.\000A\000i\000r\000B\000V\000\040\000C\000l\000a\000s\000s\000\040\000R\000e\000f\000e\000r\000e\000n\000c\000e}{chapter.6}% 22
\BOOKMARK [2][-]{subsection.6.1.1}{\376\377\0006\000.\0001\000.\0001\000\040\000D\000e\000t\000a\000i\000l\000e\000d\000\040\000D\000e\000s\000c\000r\000i\000p\000t\000i\000o\000n}{section.6.1}% 23
\BOOKMARK [2][-]{subsection.6.1.2}{\376\377\0006\000.\0001\000.\0002\000\040\000C\000o\000n\000s\000t\000r\000u\000c\000t\000o\000r\000\040\000\046\000\040\000D\000e\000s\000t\000r\000u\000c\000t\000o\000r\000\040\000D\000o\000c\000u\000m\000e\000n\000t\000a\000t\000i\000o\000n}{section.6.1}% 24
\BOOKMARK [3][-]{subsubsection.6.1.2.1}{\376\377\0006\000.\0001\000.\0002\000.\0001\000\040\000A\000i\000r\000B\000V\000\050\000\051}{subsection.6.1.2}% 25
\BOOKMARK [2][-]{subsection.6.1.3}{\376\377\0006\000.\0001\000.\0003\000\040\000M\000e\000m\000b\000e\000r\000\040\000F\000u\000n\000c\000t\000i\000o\000n\000\040\000D\000o\000c\000u\000m\000e\000n\000t\000a\000t\000i\000o\000n}{section.6.1}% 26
\BOOKMARK [3][-]{subsubsection.6.1.3.1}{\376\377\0006\000.\0001\000.\0003\000.\0001\000\040\000c\000a\000n\000c\000e\000l\000R\000e\000s\000e\000r\000v\000a\000t\000i\000o\000n\000\050\000\051}{subsection.6.1.3}% 27
\BOOKMARK [3][-]{subsubsection.6.1.3.2}{\376\377\0006\000.\0001\000.\0003\000.\0002\000\040\000d\000e\000l\000e\000t\000e\000U\000s\000e\000r\000\050\000\051}{subsection.6.1.3}% 28
\BOOKMARK [3][-]{subsubsection.6.1.3.3}{\376\377\0006\000.\0001\000.\0003\000.\0003\000\040\000d\000e\000l\000e\000t\000e\000V\000a\000n\000\050\000\051}{subsection.6.1.3}% 29
\BOOKMARK [3][-]{subsubsection.6.1.3.4}{\376\377\0006\000.\0001\000.\0003\000.\0004\000\040\000g\000e\000t\000U\000s\000e\000r\000R\000e\000s\000e\000r\000v\000a\000t\000i\000o\000n\000s\000\050\000\051}{subsection.6.1.3}% 30
\BOOKMARK [3][-]{subsubsection.6.1.3.5}{\376\377\0006\000.\0001\000.\0003\000.\0005\000\040\000g\000e\000t\000U\000s\000e\000r\000V\000a\000n\000s\000\050\000\051}{subsection.6.1.3}% 31
\BOOKMARK [3][-]{subsubsection.6.1.3.6}{\376\377\0006\000.\0001\000.\0003\000.\0006\000\040\000l\000o\000g\000i\000n\000\050\000\051}{subsection.6.1.3}% 32
\BOOKMARK [3][-]{subsubsection.6.1.3.7}{\376\377\0006\000.\0001\000.\0003\000.\0007\000\040\000r\000e\000g\000i\000s\000t\000e\000r\000R\000e\000s\000e\000r\000v\000a\000t\000i\000o\000n\000\050\000\051}{subsection.6.1.3}% 33
\BOOKMARK [3][-]{subsubsection.6.1.3.8}{\376\377\0006\000.\0001\000.\0003\000.\0008\000\040\000r\000e\000g\000i\000s\000t\000e\000r\000U\000s\000e\000r\000\050\000\051}{subsection.6.1.3}% 34
\BOOKMARK [3][-]{subsubsection.6.1.3.9}{\376\377\0006\000.\0001\000.\0003\000.\0009\000\040\000r\000e\000g\000i\000s\000t\000e\000r\000V\000a\000n\000\050\000\051}{subsection.6.1.3}% 35
\BOOKMARK [3][-]{subsubsection.6.1.3.10}{\376\377\0006\000.\0001\000.\0003\000.\0001\0000\000\040\000s\000e\000a\000r\000c\000h\000V\000a\000n\000s\000\050\000\051}{subsection.6.1.3}% 36
\BOOKMARK [1][-]{section.6.2}{\376\377\0006\000.\0002\000\040\000e\000s\000.\000d\000e\000u\000s\000t\000o\000.\000b\000s\000p\000q\0002\0001\000e\0001\000.\000c\000l\000i\000e\000n\000t\000.\000m\000a\000i\000n\000.\000A\000i\000r\000B\000V\000C\000l\000i\000e\000n\000t\000\040\000C\000l\000a\000s\000s\000\040\000R\000e\000f\000e\000r\000e\000n\000c\000e}{chapter.6}% 37
\BOOKMARK [2][-]{subsection.6.2.1}{\376\377\0006\000.\0002\000.\0001\000\040\000D\000e\000t\000a\000i\000l\000e\000d\000\040\000D\000e\000s\000c\000r\000i\000p\000t\000i\000o\000n}{section.6.2}% 38
\BOOKMARK [2][-]{subsection.6.2.2}{\376\377\0006\000.\0002\000.\0002\000\040\000M\000e\000m\000b\000e\000r\000\040\000F\000u\000n\000c\000t\000i\000o\000n\000\040\000D\000o\000c\000u\000m\000e\000n\000t\000a\000t\000i\000o\000n}{section.6.2}% 39
\BOOKMARK [3][-]{subsubsection.6.2.2.1}{\376\377\0006\000.\0002\000.\0002\000.\0001\000\040\000m\000a\000i\000n\000\050\000\051}{subsection.6.2.2}% 40
\BOOKMARK [1][-]{section.6.3}{\376\377\0006\000.\0003\000\040\000e\000s\000.\000d\000e\000u\000s\000t\000o\000.\000b\000s\000p\000q\0002\0001\000e\0001\000.\000s\000e\000r\000v\000e\000r\000.\000A\000i\000r\000B\000V\000S\000e\000r\000v\000i\000c\000e\000\040\000C\000l\000a\000s\000s\000\040\000R\000e\000f\000e\000r\000e\000n\000c\000e}{chapter.6}% 41
\BOOKMARK [2][-]{subsection.6.3.1}{\376\377\0006\000.\0003\000.\0001\000\040\000D\000e\000t\000a\000i\000l\000e\000d\000\040\000D\000e\000s\000c\000r\000i\000p\000t\000i\000o\000n}{section.6.3}% 42
\BOOKMARK [2][-]{subsection.6.3.2}{\376\377\0006\000.\0003\000.\0002\000\040\000C\000o\000n\000s\000t\000r\000u\000c\000t\000o\000r\000\040\000\046\000\040\000D\000e\000s\000t\000r\000u\000c\000t\000o\000r\000\040\000D\000o\000c\000u\000m\000e\000n\000t\000a\000t\000i\000o\000n}{section.6.3}% 43
\BOOKMARK [3][-]{subsubsection.6.3.2.1}{\376\377\0006\000.\0003\000.\0002\000.\0001\000\040\000A\000i\000r\000B\000V\000S\000e\000r\000v\000i\000c\000e\000\050\000\051}{subsection.6.3.2}% 44
\BOOKMARK [2][-]{subsection.6.3.3}{\376\377\0006\000.\0003\000.\0003\000\040\000M\000e\000m\000b\000e\000r\000\040\000F\000u\000n\000c\000t\000i\000o\000n\000\040\000D\000o\000c\000u\000m\000e\000n\000t\000a\000t\000i\000o\000n}{section.6.3}% 45
\BOOKMARK [3][-]{subsubsection.6.3.3.1}{\376\377\0006\000.\0003\000.\0003\000.\0001\000\040\000c\000a\000n\000c\000e\000l\000R\000e\000s\000e\000r\000v\000a\000t\000i\000o\000n\000\050\000\051}{subsection.6.3.3}% 46
\BOOKMARK [3][-]{subsubsection.6.3.3.2}{\376\377\0006\000.\0003\000.\0003\000.\0002\000\040\000d\000e\000l\000e\000t\000e\000U\000s\000e\000r\000\050\000\051}{subsection.6.3.3}% 47
\BOOKMARK [3][-]{subsubsection.6.3.3.3}{\376\377\0006\000.\0003\000.\0003\000.\0003\000\040\000d\000e\000l\000e\000t\000e\000V\000a\000n\000\050\000\051}{subsection.6.3.3}% 48
\BOOKMARK [3][-]{subsubsection.6.3.3.4}{\376\377\0006\000.\0003\000.\0003\000.\0004\000\040\000g\000e\000t\000U\000s\000e\000r\000R\000e\000s\000e\000r\000v\000a\000t\000i\000o\000n\000s\000\050\000\051}{subsection.6.3.3}% 49
\BOOKMARK [3][-]{subsubsection.6.3.3.5}{\376\377\0006\000.\0003\000.\0003\000.\0005\000\040\000g\000e\000t\000U\000s\000e\000r\000V\000a\000n\000s\000\050\000\051}{subsection.6.3.3}% 50
\BOOKMARK [3][-]{subsubsection.6.3.3.6}{\376\377\0006\000.\0003\000.\0003\000.\0006\000\040\000l\000o\000g\000i\000n\000\050\000\051}{subsection.6.3.3}% 51
\BOOKMARK [3][-]{subsubsection.6.3.3.7}{\376\377\0006\000.\0003\000.\0003\000.\0007\000\040\000r\000e\000g\000i\000s\000t\000e\000r\000R\000e\000s\000e\000r\000v\000a\000t\000i\000o\000n\000\050\000\051}{subsection.6.3.3}% 52
\BOOKMARK [3][-]{subsubsection.6.3.3.8}{\376\377\0006\000.\0003\000.\0003\000.\0008\000\040\000r\000e\000g\000i\000s\000t\000e\000r\000U\000s\000e\000r\000\050\000\051}{subsection.6.3.3}% 53
\BOOKMARK [3][-]{subsubsection.6.3.3.9}{\376\377\0006\000.\0003\000.\0003\000.\0009\000\040\000r\000e\000g\000i\000s\000t\000e\000r\000V\000a\000n\000\050\000\051}{subsection.6.3.3}% 54
\BOOKMARK [3][-]{subsubsection.6.3.3.10}{\376\377\0006\000.\0003\000.\0003\000.\0001\0000\000\040\000s\000e\000a\000r\000c\000h\000V\000a\000n\000s\000\050\000\051}{subsection.6.3.3}% 55
\BOOKMARK [3][-]{subsubsection.6.3.3.11}{\376\377\0006\000.\0003\000.\0003\000.\0001\0001\000\040\000s\000e\000a\000r\000c\000h\000V\000a\000n\000s\000B\000y\000L\000o\000c\000a\000t\000i\000o\000n\000\050\000\051}{subsection.6.3.3}% 56
\BOOKMARK [1][-]{section.6.4}{\376\377\0006\000.\0004\000\040\000e\000s\000.\000d\000e\000u\000s\000t\000o\000.\000b\000s\000p\000q\0002\0001\000e\0001\000.\000s\000e\000r\000v\000e\000r\000.\000A\000i\000r\000B\000V\000S\000e\000r\000v\000i\000c\000e\000T\000e\000s\000t\000\040\000C\000l\000a\000s\000s\000\040\000R\000e\000f\000e\000r\000e\000n\000c\000e}{chapter.6}% 57
\BOOKMARK [2][-]{subsection.6.4.1}{\376\377\0006\000.\0004\000.\0001\000\040\000D\000e\000t\000a\000i\000l\000e\000d\000\040\000D\000e\000s\000c\000r\000i\000p\000t\000i\000o\000n}{section.6.4}% 58
\BOOKMARK [2][-]{subsection.6.4.2}{\376\377\0006\000.\0004\000.\0002\000\040\000M\000e\000m\000b\000e\000r\000\040\000F\000u\000n\000c\000t\000i\000o\000n\000\040\000D\000o\000c\000u\000m\000e\000n\000t\000a\000t\000i\000o\000n}{section.6.4}% 59
\BOOKMARK [3][-]{subsubsection.6.4.2.1}{\376\377\0006\000.\0004\000.\0002\000.\0001\000\040\000g\000e\000t\000U\000s\000e\000r\000R\000e\000s\000e\000r\000v\000a\000t\000i\000o\000n\000s\000T\000e\000s\000t\000\050\000\051}{subsection.6.4.2}% 60
\BOOKMARK [3][-]{subsubsection.6.4.2.2}{\376\377\0006\000.\0004\000.\0002\000.\0002\000\040\000g\000e\000t\000U\000s\000e\000r\000V\000a\000n\000s\000\050\000\051}{subsection.6.4.2}% 61
\BOOKMARK [3][-]{subsubsection.6.4.2.3}{\376\377\0006\000.\0004\000.\0002\000.\0003\000\040\000l\000o\000g\000i\000n\000T\000e\000s\000t\000\050\000\051}{subsection.6.4.2}% 62
\BOOKMARK [3][-]{subsubsection.6.4.2.4}{\376\377\0006\000.\0004\000.\0002\000.\0004\000\040\000s\000e\000a\000r\000c\000h\000V\000a\000n\000s\000T\000e\000s\000t\000\050\000\051}{subsection.6.4.2}% 63
\BOOKMARK [3][-]{subsubsection.6.4.2.5}{\376\377\0006\000.\0004\000.\0002\000.\0005\000\040\000s\000e\000t\000U\000p\000\050\000\051}{subsection.6.4.2}% 64
\BOOKMARK [3][-]{subsubsection.6.4.2.6}{\376\377\0006\000.\0004\000.\0002\000.\0006\000\040\000t\000e\000a\000r\000D\000o\000w\000n\000\050\000\051}{subsection.6.4.2}% 65
\BOOKMARK [1][-]{section.6.5}{\376\377\0006\000.\0005\000\040\000e\000s\000.\000d\000e\000u\000s\000t\000o\000.\000b\000s\000p\000q\0002\0001\000e\0001\000.\000s\000e\000r\000v\000e\000r\000.\000d\000t\000o\000.\000A\000s\000s\000e\000m\000b\000l\000e\000r\000\040\000C\000l\000a\000s\000s\000\040\000R\000e\000f\000e\000r\000e\000n\000c\000e}{chapter.6}% 66
\BOOKMARK [2][-]{subsection.6.5.1}{\376\377\0006\000.\0005\000.\0001\000\040\000D\000e\000t\000a\000i\000l\000e\000d\000\040\000D\000e\000s\000c\000r\000i\000p\000t\000i\000o\000n}{section.6.5}% 67
\BOOKMARK [2][-]{subsection.6.5.2}{\376\377\0006\000.\0005\000.\0002\000\040\000M\000e\000m\000b\000e\000r\000\040\000F\000u\000n\000c\000t\000i\000o\000n\000\040\000D\000o\000c\000u\000m\000e\000n\000t\000a\000t\000i\000o\000n}{section.6.5}% 68
\BOOKMARK [3][-]{subsubsection.6.5.2.1}{\376\377\0006\000.\0005\000.\0002\000.\0001\000\040\000a\000s\000s\000e\000m\000b\000l\000e\000R\000e\000s\000e\000r\000v\000a\000t\000i\000o\000n\000\050\000\051}{subsection.6.5.2}% 69
\BOOKMARK [3][-]{subsubsection.6.5.2.2}{\376\377\0006\000.\0005\000.\0002\000.\0002\000\040\000a\000s\000s\000e\000m\000b\000l\000e\000R\000e\000v\000i\000e\000w\000\050\000\051}{subsection.6.5.2}% 70
\BOOKMARK [3][-]{subsubsection.6.5.2.3}{\376\377\0006\000.\0005\000.\0002\000.\0003\000\040\000a\000s\000s\000e\000m\000b\000l\000e\000U\000s\000e\000r\000\050\000\051}{subsection.6.5.2}% 71
\BOOKMARK [3][-]{subsubsection.6.5.2.4}{\376\377\0006\000.\0005\000.\0002\000.\0004\000\040\000a\000s\000s\000e\000m\000b\000l\000e\000V\000a\000n\000\050\000\051}{subsection.6.5.2}% 72
\BOOKMARK [3][-]{subsubsection.6.5.2.5}{\376\377\0006\000.\0005\000.\0002\000.\0005\000\040\000d\000i\000s\000a\000s\000s\000e\000m\000b\000l\000e\000R\000e\000s\000e\000r\000v\000a\000t\000i\000o\000n\000\050\000\051}{subsection.6.5.2}% 73
\BOOKMARK [3][-]{subsubsection.6.5.2.6}{\376\377\0006\000.\0005\000.\0002\000.\0006\000\040\000d\000i\000s\000a\000s\000s\000e\000m\000b\000l\000e\000R\000e\000v\000i\000e\000w\000\050\000\051}{subsection.6.5.2}% 74
\BOOKMARK [3][-]{subsubsection.6.5.2.7}{\376\377\0006\000.\0005\000.\0002\000.\0007\000\040\000d\000i\000s\000a\000s\000s\000e\000m\000b\000l\000e\000U\000s\000e\000r\000\050\000\051}{subsection.6.5.2}% 75
\BOOKMARK [3][-]{subsubsection.6.5.2.8}{\376\377\0006\000.\0005\000.\0002\000.\0008\000\040\000d\000i\000s\000a\000s\000s\000e\000m\000b\000l\000e\000V\000a\000n\000\050\000\051}{subsection.6.5.2}% 76
\BOOKMARK [1][-]{section.6.6}{\376\377\0006\000.\0006\000\040\000e\000s\000.\000d\000e\000u\000s\000t\000o\000.\000b\000s\000p\000q\0002\0001\000e\0001\000.\000c\000l\000i\000e\000n\000t\000.\000g\000u\000i\000.\000C\000a\000n\000c\000e\000l\000R\000e\000s\000e\000r\000v\000a\000t\000i\000o\000n\000W\000i\000n\000d\000o\000w\000\040\000C\000l\000a\000s\000s\000\040\000R\000e\000f\000e\000r\000e\000n\000c\000e}{chapter.6}% 77
\BOOKMARK [2][-]{subsection.6.6.1}{\376\377\0006\000.\0006\000.\0001\000\040\000D\000e\000t\000a\000i\000l\000e\000d\000\040\000D\000e\000s\000c\000r\000i\000p\000t\000i\000o\000n}{section.6.6}% 78
\BOOKMARK [2][-]{subsection.6.6.2}{\376\377\0006\000.\0006\000.\0002\000\040\000C\000o\000n\000s\000t\000r\000u\000c\000t\000o\000r\000\040\000\046\000\040\000D\000e\000s\000t\000r\000u\000c\000t\000o\000r\000\040\000D\000o\000c\000u\000m\000e\000n\000t\000a\000t\000i\000o\000n}{section.6.6}% 79
\BOOKMARK [3][-]{subsubsection.6.6.2.1}{\376\377\0006\000.\0006\000.\0002\000.\0001\000\040\000C\000a\000n\000c\000e\000l\000R\000e\000s\000e\000r\000v\000a\000t\000i\000o\000n\000W\000i\000n\000d\000o\000w\000\050\000\051}{subsection.6.6.2}% 80
\BOOKMARK [1][-]{section.6.7}{\376\377\0006\000.\0007\000\040\000e\000s\000.\000d\000e\000u\000s\000t\000o\000.\000b\000s\000p\000q\0002\0001\000e\0001\000.\000c\000l\000i\000e\000n\000t\000.\000g\000u\000i\000.\000C\000h\000a\000r\000a\000c\000t\000e\000r\000i\000s\000t\000i\000c\000s\000W\000i\000n\000d\000o\000w\000\040\000C\000l\000a\000s\000s\000\040\000R\000e\000f\000e\000r\000e\000n\000c\000e}{chapter.6}% 81
\BOOKMARK [2][-]{subsection.6.7.1}{\376\377\0006\000.\0007\000.\0001\000\040\000D\000e\000t\000a\000i\000l\000e\000d\000\040\000D\000e\000s\000c\000r\000i\000p\000t\000i\000o\000n}{section.6.7}% 82
\BOOKMARK [2][-]{subsection.6.7.2}{\376\377\0006\000.\0007\000.\0002\000\040\000C\000o\000n\000s\000t\000r\000u\000c\000t\000o\000r\000\040\000\046\000\040\000D\000e\000s\000t\000r\000u\000c\000t\000o\000r\000\040\000D\000o\000c\000u\000m\000e\000n\000t\000a\000t\000i\000o\000n}{section.6.7}% 83
\BOOKMARK [3][-]{subsubsection.6.7.2.1}{\376\377\0006\000.\0007\000.\0002\000.\0001\000\040\000C\000h\000a\000r\000a\000c\000t\000e\000r\000i\000s\000t\000i\000c\000s\000W\000i\000n\000d\000o\000w\000\050\000\051}{subsection.6.7.2}% 84
\BOOKMARK [1][-]{section.6.8}{\376\377\0006\000.\0008\000\040\000e\000s\000.\000d\000e\000u\000s\000t\000o\000.\000b\000s\000p\000q\0002\0001\000e\0001\000.\000c\000l\000i\000e\000n\000t\000.\000c\000o\000n\000t\000r\000o\000l\000l\000e\000r\000.\000C\000o\000n\000t\000r\000o\000l\000l\000e\000r\000\040\000C\000l\000a\000s\000s\000\040\000R\000e\000f\000e\000r\000e\000n\000c\000e}{chapter.6}% 85
\BOOKMARK [2][-]{subsection.6.8.1}{\376\377\0006\000.\0008\000.\0001\000\040\000D\000e\000t\000a\000i\000l\000e\000d\000\040\000D\000e\000s\000c\000r\000i\000p\000t\000i\000o\000n}{section.6.8}% 86
\BOOKMARK [2][-]{subsection.6.8.2}{\376\377\0006\000.\0008\000.\0002\000\040\000C\000o\000n\000s\000t\000r\000u\000c\000t\000o\000r\000\040\000\046\000\040\000D\000e\000s\000t\000r\000u\000c\000t\000o\000r\000\040\000D\000o\000c\000u\000m\000e\000n\000t\000a\000t\000i\000o\000n}{section.6.8}% 87
\BOOKMARK [3][-]{subsubsection.6.8.2.1}{\376\377\0006\000.\0008\000.\0002\000.\0001\000\040\000C\000o\000n\000t\000r\000o\000l\000l\000e\000r\000\050\000\051}{subsection.6.8.2}% 88
\BOOKMARK [2][-]{subsection.6.8.3}{\376\377\0006\000.\0008\000.\0003\000\040\000M\000e\000m\000b\000e\000r\000\040\000F\000u\000n\000c\000t\000i\000o\000n\000\040\000D\000o\000c\000u\000m\000e\000n\000t\000a\000t\000i\000o\000n}{section.6.8}% 89
\BOOKMARK [3][-]{subsubsection.6.8.3.1}{\376\377\0006\000.\0008\000.\0003\000.\0001\000\040\000c\000a\000n\000c\000e\000l\000R\000e\000s\000e\000r\000v\000a\000t\000i\000o\000n\000\050\000\051}{subsection.6.8.3}% 90
\BOOKMARK [3][-]{subsubsection.6.8.3.2}{\376\377\0006\000.\0008\000.\0003\000.\0002\000\040\000e\000r\000a\000s\000e\000U\000s\000e\000r\000\050\000\051}{subsection.6.8.3}% 91
\BOOKMARK [3][-]{subsubsection.6.8.3.3}{\376\377\0006\000.\0008\000.\0003\000.\0003\000\040\000e\000r\000a\000s\000e\000V\000a\000n\000\050\000\051}{subsection.6.8.3}% 92
\BOOKMARK [3][-]{subsubsection.6.8.3.4}{\376\377\0006\000.\0008\000.\0003\000.\0004\000\040\000g\000e\000t\000M\000y\000R\000e\000s\000e\000r\000v\000a\000t\000i\000o\000n\000s\000\050\000\051}{subsection.6.8.3}% 93
\BOOKMARK [3][-]{subsubsection.6.8.3.5}{\376\377\0006\000.\0008\000.\0003\000.\0005\000\040\000g\000e\000t\000M\000y\000V\000a\000n\000s\000\050\000\051}{subsection.6.8.3}% 94
\BOOKMARK [3][-]{subsubsection.6.8.3.6}{\376\377\0006\000.\0008\000.\0003\000.\0006\000\040\000g\000e\000t\000R\000e\000s\000o\000u\000r\000c\000e\000b\000u\000n\000d\000l\000e\000\050\000\051}{subsection.6.8.3}% 95
\BOOKMARK [3][-]{subsubsection.6.8.3.7}{\376\377\0006\000.\0008\000.\0003\000.\0007\000\040\000l\000o\000g\000i\000n\000U\000s\000e\000r\000\050\000\051}{subsection.6.8.3}% 96
\BOOKMARK [3][-]{subsubsection.6.8.3.8}{\376\377\0006\000.\0008\000.\0003\000.\0008\000\040\000r\000e\000g\000i\000s\000t\000e\000r\000R\000e\000s\000e\000r\000v\000a\000t\000i\000o\000n\000\050\000\051}{subsection.6.8.3}% 97
\BOOKMARK [3][-]{subsubsection.6.8.3.9}{\376\377\0006\000.\0008\000.\0003\000.\0009\000\040\000r\000e\000g\000i\000s\000t\000e\000r\000U\000s\000e\000r\000s\000\050\000\051}{subsection.6.8.3}% 98
\BOOKMARK [3][-]{subsubsection.6.8.3.10}{\376\377\0006\000.\0008\000.\0003\000.\0001\0000\000\040\000r\000e\000g\000i\000s\000t\000e\000r\000V\000a\000n\000\050\000\051}{subsection.6.8.3}% 99
\BOOKMARK [3][-]{subsubsection.6.8.3.11}{\376\377\0006\000.\0008\000.\0003\000.\0001\0001\000\040\000s\000e\000a\000r\000c\000h\000V\000a\000n\000s\000\050\000\051}{subsection.6.8.3}% 100
\BOOKMARK [3][-]{subsubsection.6.8.3.12}{\376\377\0006\000.\0008\000.\0003\000.\0001\0002\000\040\000s\000e\000t\000L\000o\000c\000a\000l\000e\000\050\000\051}{subsection.6.8.3}% 101
\BOOKMARK [1][-]{section.6.9}{\376\377\0006\000.\0009\000\040\000e\000s\000.\000d\000e\000u\000s\000t\000o\000.\000b\000s\000p\000q\0002\0001\000e\0001\000.\000c\000l\000i\000e\000n\000t\000.\000c\000o\000n\000t\000r\000o\000l\000l\000e\000r\000.\000C\000o\000n\000t\000r\000o\000l\000l\000e\000r\000T\000e\000s\000t\000\040\000C\000l\000a\000s\000s\000\040\000R\000e\000f\000e\000r\000e\000n\000c\000e}{chapter.6}% 102
\BOOKMARK [2][-]{subsection.6.9.1}{\376\377\0006\000.\0009\000.\0001\000\040\000D\000e\000t\000a\000i\000l\000e\000d\000\040\000D\000e\000s\000c\000r\000i\000p\000t\000i\000o\000n}{section.6.9}% 103
\BOOKMARK [2][-]{subsection.6.9.2}{\376\377\0006\000.\0009\000.\0002\000\040\000M\000e\000m\000b\000e\000r\000\040\000F\000u\000n\000c\000t\000i\000o\000n\000\040\000D\000o\000c\000u\000m\000e\000n\000t\000a\000t\000i\000o\000n}{section.6.9}% 104
\BOOKMARK [3][-]{subsubsection.6.9.2.1}{\376\377\0006\000.\0009\000.\0002\000.\0001\000\040\000g\000e\000t\000M\000y\000R\000e\000s\000e\000r\000v\000a\000t\000i\000o\000n\000s\000\050\000\051}{subsection.6.9.2}% 105
\BOOKMARK [3][-]{subsubsection.6.9.2.2}{\376\377\0006\000.\0009\000.\0002\000.\0002\000\040\000g\000e\000t\000M\000y\000V\000a\000n\000s\000T\000e\000s\000t\000\050\000\051}{subsection.6.9.2}% 106
\BOOKMARK [3][-]{subsubsection.6.9.2.3}{\376\377\0006\000.\0009\000.\0002\000.\0003\000\040\000l\000o\000g\000i\000n\000U\000s\000e\000r\000T\000e\000s\000t\000\050\000\051}{subsection.6.9.2}% 107
\BOOKMARK [3][-]{subsubsection.6.9.2.4}{\376\377\0006\000.\0009\000.\0002\000.\0004\000\040\000s\000e\000a\000r\000c\000h\000V\000a\000n\000s\000T\000e\000s\000t\000\050\000\051}{subsection.6.9.2}% 108
\BOOKMARK [3][-]{subsubsection.6.9.2.5}{\376\377\0006\000.\0009\000.\0002\000.\0005\000\040\000s\000e\000t\000U\000p\000\050\000\051}{subsection.6.9.2}% 109
\BOOKMARK [3][-]{subsubsection.6.9.2.6}{\376\377\0006\000.\0009\000.\0002\000.\0006\000\040\000t\000e\000a\000r\000D\000o\000w\000n\000\050\000\051}{subsection.6.9.2}% 110
\BOOKMARK [1][-]{section.6.10}{\376\377\0006\000.\0001\0000\000\040\000e\000s\000.\000d\000e\000u\000s\000t\000o\000.\000b\000s\000p\000q\0002\0001\000e\0001\000.\000s\000e\000r\000v\000e\000r\000.\000d\000a\000o\000.\000D\000B\000M\000a\000n\000a\000g\000e\000r\000\040\000C\000l\000a\000s\000s\000\040\000R\000e\000f\000e\000r\000e\000n\000c\000e}{chapter.6}% 111
\BOOKMARK [2][-]{subsection.6.10.1}{\376\377\0006\000.\0001\0000\000.\0001\000\040\000D\000e\000t\000a\000i\000l\000e\000d\000\040\000D\000e\000s\000c\000r\000i\000p\000t\000i\000o\000n}{section.6.10}% 112
\BOOKMARK [2][-]{subsection.6.10.2}{\376\377\0006\000.\0001\0000\000.\0002\000\040\000M\000e\000m\000b\000e\000r\000\040\000F\000u\000n\000c\000t\000i\000o\000n\000\040\000D\000o\000c\000u\000m\000e\000n\000t\000a\000t\000i\000o\000n}{section.6.10}% 113
\BOOKMARK [3][-]{subsubsection.6.10.2.1}{\376\377\0006\000.\0001\0000\000.\0002\000.\0001\000\040\000d\000e\000l\000e\000t\000e\000R\000e\000s\000e\000r\000v\000a\000t\000i\000o\000n\000\050\000\051}{subsection.6.10.2}% 114
\BOOKMARK [3][-]{subsubsection.6.10.2.2}{\376\377\0006\000.\0001\0000\000.\0002\000.\0002\000\040\000d\000e\000l\000e\000t\000e\000U\000s\000e\000r\000\050\000\051}{subsection.6.10.2}% 115
\BOOKMARK [3][-]{subsubsection.6.10.2.3}{\376\377\0006\000.\0001\0000\000.\0002\000.\0003\000\040\000d\000e\000l\000e\000t\000e\000V\000a\000n\000\050\000\051}{subsection.6.10.2}% 116
\BOOKMARK [3][-]{subsubsection.6.10.2.4}{\376\377\0006\000.\0001\0000\000.\0002\000.\0004\000\040\000g\000e\000t\000I\000n\000s\000t\000a\000n\000c\000e\000\050\000\051}{subsection.6.10.2}% 117
\BOOKMARK [3][-]{subsubsection.6.10.2.5}{\376\377\0006\000.\0001\0000\000.\0002\000.\0005\000\040\000g\000e\000t\000R\000e\000s\000e\000r\000v\000a\000t\000i\000o\000n\000s\000B\000y\000U\000s\000e\000r\000\050\000\051}{subsection.6.10.2}% 118
\BOOKMARK [3][-]{subsubsection.6.10.2.6}{\376\377\0006\000.\0001\0000\000.\0002\000.\0006\000\040\000g\000e\000t\000U\000s\000e\000r\000\050\000\051}{subsection.6.10.2}% 119
\BOOKMARK [3][-]{subsubsection.6.10.2.7}{\376\377\0006\000.\0001\0000\000.\0002\000.\0007\000\040\000g\000e\000t\000V\000a\000n\000\050\000\051}{subsection.6.10.2}% 120
\BOOKMARK [3][-]{subsubsection.6.10.2.8}{\376\377\0006\000.\0001\0000\000.\0002\000.\0008\000\040\000g\000e\000t\000V\000a\000n\000s\000B\000y\000D\000a\000t\000e\000s\000\050\000\051}{subsection.6.10.2}% 121
\BOOKMARK [3][-]{subsubsection.6.10.2.9}{\376\377\0006\000.\0001\0000\000.\0002\000.\0009\000\040\000g\000e\000t\000V\000a\000n\000s\000B\000y\000L\000o\000c\000a\000t\000i\000o\000n\000\050\000\051}{subsection.6.10.2}% 122
\BOOKMARK [3][-]{subsubsection.6.10.2.10}{\376\377\0006\000.\0001\0000\000.\0002\000.\0001\0000\000\040\000g\000e\000t\000V\000a\000n\000s\000B\000y\000U\000s\000e\000r\000\050\000\051}{subsection.6.10.2}% 123
\BOOKMARK [3][-]{subsubsection.6.10.2.11}{\376\377\0006\000.\0001\0000\000.\0002\000.\0001\0001\000\040\000s\000t\000o\000r\000e\000\050\000\051\000\040\000[\0001\000/\0004\000]}{subsection.6.10.2}% 124
\BOOKMARK [3][-]{subsubsection.6.10.2.12}{\376\377\0006\000.\0001\0000\000.\0002\000.\0001\0002\000\040\000s\000t\000o\000r\000e\000\050\000\051\000\040\000[\0002\000/\0004\000]}{subsection.6.10.2}% 125
\BOOKMARK [3][-]{subsubsection.6.10.2.13}{\376\377\0006\000.\0001\0000\000.\0002\000.\0001\0003\000\040\000s\000t\000o\000r\000e\000\050\000\051\000\040\000[\0003\000/\0004\000]}{subsection.6.10.2}% 126
\BOOKMARK [3][-]{subsubsection.6.10.2.14}{\376\377\0006\000.\0001\0000\000.\0002\000.\0001\0004\000\040\000s\000t\000o\000r\000e\000\050\000\051\000\040\000[\0004\000/\0004\000]}{subsection.6.10.2}% 127
\BOOKMARK [3][-]{subsubsection.6.10.2.15}{\376\377\0006\000.\0001\0000\000.\0002\000.\0001\0005\000\040\000v\000a\000l\000i\000d\000a\000t\000e\000L\000o\000g\000i\000n\000\050\000\051}{subsection.6.10.2}% 128
\BOOKMARK [1][-]{section.6.11}{\376\377\0006\000.\0001\0001\000\040\000e\000s\000.\000d\000e\000u\000s\000t\000o\000.\000b\000s\000p\000q\0002\0001\000e\0001\000.\000s\000e\000r\000v\000e\000r\000.\000d\000a\000o\000.\000D\000B\000M\000a\000n\000a\000g\000e\000r\000T\000e\000s\000t\000\040\000C\000l\000a\000s\000s\000\040\000R\000e\000f\000e\000r\000e\000n\000c\000e}{chapter.6}% 129
\BOOKMARK [2][-]{subsection.6.11.1}{\376\377\0006\000.\0001\0001\000.\0001\000\040\000D\000e\000t\000a\000i\000l\000e\000d\000\040\000D\000e\000s\000c\000r\000i\000p\000t\000i\000o\000n}{section.6.11}% 130
\BOOKMARK [2][-]{subsection.6.11.2}{\376\377\0006\000.\0001\0001\000.\0002\000\040\000M\000e\000m\000b\000e\000r\000\040\000F\000u\000n\000c\000t\000i\000o\000n\000\040\000D\000o\000c\000u\000m\000e\000n\000t\000a\000t\000i\000o\000n}{section.6.11}% 131
\BOOKMARK [3][-]{subsubsection.6.11.2.1}{\376\377\0006\000.\0001\0001\000.\0002\000.\0001\000\040\000g\000e\000t\000R\000e\000s\000e\000r\000v\000a\000t\000i\000o\000n\000s\000B\000y\000U\000s\000e\000r\000\050\000\051}{subsection.6.11.2}% 132
\BOOKMARK [3][-]{subsubsection.6.11.2.2}{\376\377\0006\000.\0001\0001\000.\0002\000.\0002\000\040\000g\000e\000t\000U\000s\000e\000r\000T\000e\000s\000t\000\050\000\051}{subsection.6.11.2}% 133
\BOOKMARK [3][-]{subsubsection.6.11.2.3}{\376\377\0006\000.\0001\0001\000.\0002\000.\0003\000\040\000g\000e\000t\000V\000a\000n\000s\000B\000y\000U\000s\000e\000r\000\050\000\051}{subsection.6.11.2}% 134
\BOOKMARK [3][-]{subsubsection.6.11.2.4}{\376\377\0006\000.\0001\0001\000.\0002\000.\0004\000\040\000s\000e\000a\000r\000c\000h\000V\000a\000n\000T\000e\000s\000t\000\050\000\051}{subsection.6.11.2}% 135
\BOOKMARK [3][-]{subsubsection.6.11.2.5}{\376\377\0006\000.\0001\0001\000.\0002\000.\0005\000\040\000s\000e\000t\000U\000p\000\050\000\051}{subsection.6.11.2}% 136
\BOOKMARK [3][-]{subsubsection.6.11.2.6}{\376\377\0006\000.\0001\0001\000.\0002\000.\0006\000\040\000s\000u\000i\000t\000e\000\050\000\051}{subsection.6.11.2}% 137
\BOOKMARK [3][-]{subsubsection.6.11.2.7}{\376\377\0006\000.\0001\0001\000.\0002\000.\0007\000\040\000t\000e\000a\000r\000D\000o\000w\000n\000\050\000\051}{subsection.6.11.2}% 138
\BOOKMARK [3][-]{subsubsection.6.11.2.8}{\376\377\0006\000.\0001\0001\000.\0002\000.\0008\000\040\000v\000a\000l\000i\000d\000a\000t\000e\000U\000s\000e\000r\000T\000e\000s\000t\000\050\000\051}{subsection.6.11.2}% 139
\BOOKMARK [2][-]{subsection.6.11.3}{\376\377\0006\000.\0001\0001\000.\0003\000\040\000M\000e\000m\000b\000e\000r\000\040\000D\000a\000t\000a\000\040\000D\000o\000c\000u\000m\000e\000n\000t\000a\000t\000i\000o\000n}{section.6.11}% 140
\BOOKMARK [3][-]{subsubsection.6.11.3.1}{\376\377\0006\000.\0001\0001\000.\0003\000.\0001\000\040\000r\000u\000l\000e}{subsection.6.11.3}% 141
\BOOKMARK [1][-]{section.6.12}{\376\377\0006\000.\0001\0002\000\040\000e\000s\000.\000d\000e\000u\000s\000t\000o\000.\000b\000s\000p\000q\0002\0001\000e\0001\000.\000c\000l\000i\000e\000n\000t\000.\000g\000u\000i\000.\000I\000n\000i\000t\000i\000a\000l\000W\000i\000n\000d\000o\000w\000\040\000C\000l\000a\000s\000s\000\040\000R\000e\000f\000e\000r\000e\000n\000c\000e}{chapter.6}% 142
\BOOKMARK [2][-]{subsection.6.12.1}{\376\377\0006\000.\0001\0002\000.\0001\000\040\000D\000e\000t\000a\000i\000l\000e\000d\000\040\000D\000e\000s\000c\000r\000i\000p\000t\000i\000o\000n}{section.6.12}% 143
\BOOKMARK [2][-]{subsection.6.12.2}{\376\377\0006\000.\0001\0002\000.\0002\000\040\000C\000o\000n\000s\000t\000r\000u\000c\000t\000o\000r\000\040\000\046\000\040\000D\000e\000s\000t\000r\000u\000c\000t\000o\000r\000\040\000D\000o\000c\000u\000m\000e\000n\000t\000a\000t\000i\000o\000n}{section.6.12}% 144
\BOOKMARK [3][-]{subsubsection.6.12.2.1}{\376\377\0006\000.\0001\0002\000.\0002\000.\0001\000\040\000I\000n\000i\000t\000i\000a\000l\000W\000i\000n\000d\000o\000w\000\050\000\051}{subsection.6.12.2}% 145
\BOOKMARK [1][-]{section.6.13}{\376\377\0006\000.\0001\0003\000\040\000e\000s\000.\000d\000e\000u\000s\000t\000o\000.\000b\000s\000p\000q\0002\0001\000e\0001\000.\000c\000l\000i\000e\000n\000t\000.\000g\000u\000i\000.\000L\000o\000g\000I\000n\000W\000i\000n\000d\000o\000w\000\040\000C\000l\000a\000s\000s\000\040\000R\000e\000f\000e\000r\000e\000n\000c\000e}{chapter.6}% 146
\BOOKMARK [2][-]{subsection.6.13.1}{\376\377\0006\000.\0001\0003\000.\0001\000\040\000D\000e\000t\000a\000i\000l\000e\000d\000\040\000D\000e\000s\000c\000r\000i\000p\000t\000i\000o\000n}{section.6.13}% 147
\BOOKMARK [2][-]{subsection.6.13.2}{\376\377\0006\000.\0001\0003\000.\0002\000\040\000C\000o\000n\000s\000t\000r\000u\000c\000t\000o\000r\000\040\000\046\000\040\000D\000e\000s\000t\000r\000u\000c\000t\000o\000r\000\040\000D\000o\000c\000u\000m\000e\000n\000t\000a\000t\000i\000o\000n}{section.6.13}% 148
\BOOKMARK [3][-]{subsubsection.6.13.2.1}{\376\377\0006\000.\0001\0003\000.\0002\000.\0001\000\040\000L\000o\000g\000I\000n\000W\000i\000n\000d\000o\000w\000\050\000\051}{subsection.6.13.2}% 149
\BOOKMARK [1][-]{section.6.14}{\376\377\0006\000.\0001\0004\000\040\000e\000s\000.\000d\000e\000u\000s\000t\000o\000.\000b\000s\000p\000q\0002\0001\000e\0001\000.\000c\000l\000i\000e\000n\000t\000.\000g\000u\000i\000.\000M\000a\000i\000n\000W\000i\000n\000d\000o\000w\000\040\000C\000l\000a\000s\000s\000\040\000R\000e\000f\000e\000r\000e\000n\000c\000e}{chapter.6}% 150
\BOOKMARK [2][-]{subsection.6.14.1}{\376\377\0006\000.\0001\0004\000.\0001\000\040\000D\000e\000t\000a\000i\000l\000e\000d\000\040\000D\000e\000s\000c\000r\000i\000p\000t\000i\000o\000n}{section.6.14}% 151
\BOOKMARK [2][-]{subsection.6.14.2}{\376\377\0006\000.\0001\0004\000.\0002\000\040\000C\000o\000n\000s\000t\000r\000u\000c\000t\000o\000r\000\040\000\046\000\040\000D\000e\000s\000t\000r\000u\000c\000t\000o\000r\000\040\000D\000o\000c\000u\000m\000e\000n\000t\000a\000t\000i\000o\000n}{section.6.14}% 152
\BOOKMARK [3][-]{subsubsection.6.14.2.1}{\376\377\0006\000.\0001\0004\000.\0002\000.\0001\000\040\000M\000a\000i\000n\000W\000i\000n\000d\000o\000w\000\050\000\051}{subsection.6.14.2}% 153
\BOOKMARK [1][-]{section.6.15}{\376\377\0006\000.\0001\0005\000\040\000e\000s\000.\000d\000e\000u\000s\000t\000o\000.\000b\000s\000p\000q\0002\0001\000e\0001\000.\000c\000l\000i\000e\000n\000t\000.\000g\000u\000i\000.\000R\000e\000g\000i\000s\000t\000e\000r\000U\000s\000e\000r\000W\000i\000n\000d\000o\000w\000\040\000C\000l\000a\000s\000s\000\040\000R\000e\000f\000e\000r\000e\000n\000c\000e}{chapter.6}% 154
\BOOKMARK [2][-]{subsection.6.15.1}{\376\377\0006\000.\0001\0005\000.\0001\000\040\000D\000e\000t\000a\000i\000l\000e\000d\000\040\000D\000e\000s\000c\000r\000i\000p\000t\000i\000o\000n}{section.6.15}% 155
\BOOKMARK [2][-]{subsection.6.15.2}{\376\377\0006\000.\0001\0005\000.\0002\000\040\000C\000o\000n\000s\000t\000r\000u\000c\000t\000o\000r\000\040\000\046\000\040\000D\000e\000s\000t\000r\000u\000c\000t\000o\000r\000\040\000D\000o\000c\000u\000m\000e\000n\000t\000a\000t\000i\000o\000n}{section.6.15}% 156
\BOOKMARK [3][-]{subsubsection.6.15.2.1}{\376\377\0006\000.\0001\0005\000.\0002\000.\0001\000\040\000R\000e\000g\000i\000s\000t\000e\000r\000U\000s\000e\000r\000W\000i\000n\000d\000o\000w\000\050\000\051\000\040\000[\0001\000/\0002\000]}{subsection.6.15.2}% 157
\BOOKMARK [3][-]{subsubsection.6.15.2.2}{\376\377\0006\000.\0001\0005\000.\0002\000.\0002\000\040\000R\000e\000g\000i\000s\000t\000e\000r\000U\000s\000e\000r\000W\000i\000n\000d\000o\000w\000\050\000\051\000\040\000[\0002\000/\0002\000]}{subsection.6.15.2}% 158
\BOOKMARK [1][-]{section.6.16}{\376\377\0006\000.\0001\0006\000\040\000e\000s\000.\000d\000e\000u\000s\000t\000o\000.\000b\000s\000p\000q\0002\0001\000e\0001\000.\000c\000l\000i\000e\000n\000t\000.\000g\000u\000i\000.\000R\000e\000g\000i\000s\000t\000e\000r\000V\000a\000n\000W\000i\000n\000d\000o\000w\000\040\000C\000l\000a\000s\000s\000\040\000R\000e\000f\000e\000r\000e\000n\000c\000e}{chapter.6}% 159
\BOOKMARK [2][-]{subsection.6.16.1}{\376\377\0006\000.\0001\0006\000.\0001\000\040\000D\000e\000t\000a\000i\000l\000e\000d\000\040\000D\000e\000s\000c\000r\000i\000p\000t\000i\000o\000n}{section.6.16}% 160
\BOOKMARK [2][-]{subsection.6.16.2}{\376\377\0006\000.\0001\0006\000.\0002\000\040\000C\000o\000n\000s\000t\000r\000u\000c\000t\000o\000r\000\040\000\046\000\040\000D\000e\000s\000t\000r\000u\000c\000t\000o\000r\000\040\000D\000o\000c\000u\000m\000e\000n\000t\000a\000t\000i\000o\000n}{section.6.16}% 161
\BOOKMARK [3][-]{subsubsection.6.16.2.1}{\376\377\0006\000.\0001\0006\000.\0002\000.\0001\000\040\000R\000e\000g\000i\000s\000t\000e\000r\000V\000a\000n\000W\000i\000n\000d\000o\000w\000\050\000\051}{subsection.6.16.2}% 162
\BOOKMARK [1][-]{section.6.17}{\376\377\0006\000.\0001\0007\000\040\000e\000s\000.\000d\000e\000u\000s\000t\000o\000.\000b\000s\000p\000q\0002\0001\000e\0001\000.\000c\000l\000i\000e\000n\000t\000.\000g\000u\000i\000.\000R\000e\000m\000o\000v\000e\000A\000c\000c\000o\000u\000n\000t\000W\000i\000n\000d\000o\000w\000\040\000C\000l\000a\000s\000s\000\040\000R\000e\000f\000e\000r\000e\000n\000c\000e}{chapter.6}% 163
\BOOKMARK [2][-]{subsection.6.17.1}{\376\377\0006\000.\0001\0007\000.\0001\000\040\000D\000e\000t\000a\000i\000l\000e\000d\000\040\000D\000e\000s\000c\000r\000i\000p\000t\000i\000o\000n}{section.6.17}% 164
\BOOKMARK [2][-]{subsection.6.17.2}{\376\377\0006\000.\0001\0007\000.\0002\000\040\000C\000o\000n\000s\000t\000r\000u\000c\000t\000o\000r\000\040\000\046\000\040\000D\000e\000s\000t\000r\000u\000c\000t\000o\000r\000\040\000D\000o\000c\000u\000m\000e\000n\000t\000a\000t\000i\000o\000n}{section.6.17}% 165
\BOOKMARK [3][-]{subsubsection.6.17.2.1}{\376\377\0006\000.\0001\0007\000.\0002\000.\0001\000\040\000R\000e\000m\000o\000v\000e\000A\000c\000c\000o\000u\000n\000t\000W\000i\000n\000d\000o\000w\000\050\000\051}{subsection.6.17.2}% 166
\BOOKMARK [1][-]{section.6.18}{\376\377\0006\000.\0001\0008\000\040\000e\000s\000.\000d\000e\000u\000s\000t\000o\000.\000b\000s\000p\000q\0002\0001\000e\0001\000.\000c\000l\000i\000e\000n\000t\000.\000g\000u\000i\000.\000R\000e\000m\000o\000v\000e\000V\000a\000n\000W\000i\000n\000d\000o\000w\000\040\000C\000l\000a\000s\000s\000\040\000R\000e\000f\000e\000r\000e\000n\000c\000e}{chapter.6}% 167
\BOOKMARK [2][-]{subsection.6.18.1}{\376\377\0006\000.\0001\0008\000.\0001\000\040\000D\000e\000t\000a\000i\000l\000e\000d\000\040\000D\000e\000s\000c\000r\000i\000p\000t\000i\000o\000n}{section.6.18}% 168
\BOOKMARK [2][-]{subsection.6.18.2}{\376\377\0006\000.\0001\0008\000.\0002\000\040\000C\000o\000n\000s\000t\000r\000u\000c\000t\000o\000r\000\040\000\046\000\040\000D\000e\000s\000t\000r\000u\000c\000t\000o\000r\000\040\000D\000o\000c\000u\000m\000e\000n\000t\000a\000t\000i\000o\000n}{section.6.18}% 169
\BOOKMARK [3][-]{subsubsection.6.18.2.1}{\376\377\0006\000.\0001\0008\000.\0002\000.\0001\000\040\000R\000e\000m\000o\000v\000e\000V\000a\000n\000W\000i\000n\000d\000o\000w\000\050\000\051}{subsection.6.18.2}% 170
\BOOKMARK [1][-]{section.6.19}{\376\377\0006\000.\0001\0009\000\040\000e\000s\000.\000d\000e\000u\000s\000t\000o\000.\000b\000s\000p\000q\0002\0001\000e\0001\000.\000s\000e\000r\000v\000e\000r\000.\000d\000a\000t\000a\000.\000R\000e\000s\000e\000r\000v\000a\000t\000i\000o\000n\000\040\000C\000l\000a\000s\000s\000\040\000R\000e\000f\000e\000r\000e\000n\000c\000e}{chapter.6}% 171
\BOOKMARK [2][-]{subsection.6.19.1}{\376\377\0006\000.\0001\0009\000.\0001\000\040\000D\000e\000t\000a\000i\000l\000e\000d\000\040\000D\000e\000s\000c\000r\000i\000p\000t\000i\000o\000n}{section.6.19}% 172
\BOOKMARK [2][-]{subsection.6.19.2}{\376\377\0006\000.\0001\0009\000.\0002\000\040\000C\000o\000n\000s\000t\000r\000u\000c\000t\000o\000r\000\040\000\046\000\040\000D\000e\000s\000t\000r\000u\000c\000t\000o\000r\000\040\000D\000o\000c\000u\000m\000e\000n\000t\000a\000t\000i\000o\000n}{section.6.19}% 173
\BOOKMARK [3][-]{subsubsection.6.19.2.1}{\376\377\0006\000.\0001\0009\000.\0002\000.\0001\000\040\000R\000e\000s\000e\000r\000v\000a\000t\000i\000o\000n\000\050\000\051\000\040\000[\0001\000/\0002\000]}{subsection.6.19.2}% 174
\BOOKMARK [3][-]{subsubsection.6.19.2.2}{\376\377\0006\000.\0001\0009\000.\0002\000.\0002\000\040\000R\000e\000s\000e\000r\000v\000a\000t\000i\000o\000n\000\050\000\051\000\040\000[\0002\000/\0002\000]}{subsection.6.19.2}% 175
\BOOKMARK [2][-]{subsection.6.19.3}{\376\377\0006\000.\0001\0009\000.\0003\000\040\000M\000e\000m\000b\000e\000r\000\040\000F\000u\000n\000c\000t\000i\000o\000n\000\040\000D\000o\000c\000u\000m\000e\000n\000t\000a\000t\000i\000o\000n}{section.6.19}% 176
\BOOKMARK [3][-]{subsubsection.6.19.3.1}{\376\377\0006\000.\0001\0009\000.\0003\000.\0001\000\040\000g\000e\000t\000B\000o\000o\000k\000i\000n\000g\000D\000a\000t\000e\000\050\000\051}{subsection.6.19.3}% 177
\BOOKMARK [3][-]{subsubsection.6.19.3.2}{\376\377\0006\000.\0001\0009\000.\0003\000.\0002\000\040\000g\000e\000t\000C\000o\000d\000e\000\050\000\051}{subsection.6.19.3}% 178
\BOOKMARK [3][-]{subsubsection.6.19.3.3}{\376\377\0006\000.\0001\0009\000.\0003\000.\0003\000\040\000g\000e\000t\000D\000u\000r\000a\000t\000i\000o\000n\000\050\000\051}{subsection.6.19.3}% 179
\BOOKMARK [3][-]{subsubsection.6.19.3.4}{\376\377\0006\000.\0001\0009\000.\0003\000.\0004\000\040\000g\000e\000t\000V\000a\000n\000\050\000\051}{subsection.6.19.3}% 180
\BOOKMARK [3][-]{subsubsection.6.19.3.5}{\376\377\0006\000.\0001\0009\000.\0003\000.\0005\000\040\000g\000e\000t\000V\000a\000n\000R\000e\000n\000t\000e\000r\000\050\000\051}{subsection.6.19.3}% 181
\BOOKMARK [3][-]{subsubsection.6.19.3.6}{\376\377\0006\000.\0001\0009\000.\0003\000.\0006\000\040\000s\000e\000t\000B\000o\000o\000k\000i\000n\000g\000D\000a\000t\000e\000\050\000\051}{subsection.6.19.3}% 182
\BOOKMARK [3][-]{subsubsection.6.19.3.7}{\376\377\0006\000.\0001\0009\000.\0003\000.\0007\000\040\000s\000e\000t\000C\000o\000d\000e\000\050\000\051}{subsection.6.19.3}% 183
\BOOKMARK [3][-]{subsubsection.6.19.3.8}{\376\377\0006\000.\0001\0009\000.\0003\000.\0008\000\040\000s\000e\000t\000D\000u\000r\000a\000t\000i\000o\000n\000\050\000\051}{subsection.6.19.3}% 184
\BOOKMARK [3][-]{subsubsection.6.19.3.9}{\376\377\0006\000.\0001\0009\000.\0003\000.\0009\000\040\000s\000e\000t\000V\000a\000n\000\050\000\051}{subsection.6.19.3}% 185
\BOOKMARK [3][-]{subsubsection.6.19.3.10}{\376\377\0006\000.\0001\0009\000.\0003\000.\0001\0000\000\040\000s\000e\000t\000V\000a\000n\000R\000e\000n\000t\000e\000r\000\050\000\051}{subsection.6.19.3}% 186
\BOOKMARK [1][-]{section.6.20}{\376\377\0006\000.\0002\0000\000\040\000e\000s\000.\000d\000e\000u\000s\000t\000o\000.\000b\000s\000p\000q\0002\0001\000e\0001\000.\000s\000e\000r\000i\000a\000l\000i\000z\000a\000t\000i\000o\000n\000.\000R\000e\000s\000e\000r\000v\000a\000t\000i\000o\000n\000D\000a\000t\000a\000\040\000C\000l\000a\000s\000s\000\040\000R\000e\000f\000e\000r\000e\000n\000c\000e}{chapter.6}% 187
\BOOKMARK [2][-]{subsection.6.20.1}{\376\377\0006\000.\0002\0000\000.\0001\000\040\000D\000e\000t\000a\000i\000l\000e\000d\000\040\000D\000e\000s\000c\000r\000i\000p\000t\000i\000o\000n}{section.6.20}% 188
\BOOKMARK [2][-]{subsection.6.20.2}{\376\377\0006\000.\0002\0000\000.\0002\000\040\000C\000o\000n\000s\000t\000r\000u\000c\000t\000o\000r\000\040\000\046\000\040\000D\000e\000s\000t\000r\000u\000c\000t\000o\000r\000\040\000D\000o\000c\000u\000m\000e\000n\000t\000a\000t\000i\000o\000n}{section.6.20}% 189
\BOOKMARK [3][-]{subsubsection.6.20.2.1}{\376\377\0006\000.\0002\0000\000.\0002\000.\0001\000\040\000R\000e\000s\000e\000r\000v\000a\000t\000i\000o\000n\000D\000a\000t\000a\000\050\000\051\000\040\000[\0001\000/\0003\000]}{subsection.6.20.2}% 190
\BOOKMARK [3][-]{subsubsection.6.20.2.2}{\376\377\0006\000.\0002\0000\000.\0002\000.\0002\000\040\000R\000e\000s\000e\000r\000v\000a\000t\000i\000o\000n\000D\000a\000t\000a\000\050\000\051\000\040\000[\0002\000/\0003\000]}{subsection.6.20.2}% 191
\BOOKMARK [3][-]{subsubsection.6.20.2.3}{\376\377\0006\000.\0002\0000\000.\0002\000.\0003\000\040\000R\000e\000s\000e\000r\000v\000a\000t\000i\000o\000n\000D\000a\000t\000a\000\050\000\051\000\040\000[\0003\000/\0003\000]}{subsection.6.20.2}% 192
\BOOKMARK [2][-]{subsection.6.20.3}{\376\377\0006\000.\0002\0000\000.\0003\000\040\000M\000e\000m\000b\000e\000r\000\040\000F\000u\000n\000c\000t\000i\000o\000n\000\040\000D\000o\000c\000u\000m\000e\000n\000t\000a\000t\000i\000o\000n}{section.6.20}% 193
\BOOKMARK [3][-]{subsubsection.6.20.3.1}{\376\377\0006\000.\0002\0000\000.\0003\000.\0001\000\040\000g\000e\000t\000B\000o\000o\000k\000i\000n\000g\000D\000a\000t\000e\000\050\000\051}{subsection.6.20.3}% 194
\BOOKMARK [3][-]{subsubsection.6.20.3.2}{\376\377\0006\000.\0002\0000\000.\0003\000.\0002\000\040\000g\000e\000t\000C\000o\000d\000e\000\050\000\051}{subsection.6.20.3}% 195
\BOOKMARK [3][-]{subsubsection.6.20.3.3}{\376\377\0006\000.\0002\0000\000.\0003\000.\0003\000\040\000g\000e\000t\000D\000u\000r\000a\000t\000i\000o\000n\000\050\000\051}{subsection.6.20.3}% 196
\BOOKMARK [3][-]{subsubsection.6.20.3.4}{\376\377\0006\000.\0002\0000\000.\0003\000.\0004\000\040\000g\000e\000t\000V\000a\000n\000\050\000\051}{subsection.6.20.3}% 197
\BOOKMARK [3][-]{subsubsection.6.20.3.5}{\376\377\0006\000.\0002\0000\000.\0003\000.\0005\000\040\000g\000e\000t\000V\000a\000n\000R\000e\000n\000t\000e\000r\000\050\000\051}{subsection.6.20.3}% 198
\BOOKMARK [3][-]{subsubsection.6.20.3.6}{\376\377\0006\000.\0002\0000\000.\0003\000.\0006\000\040\000s\000e\000t\000B\000o\000o\000k\000i\000n\000g\000D\000a\000t\000e\000\050\000\051}{subsection.6.20.3}% 199
\BOOKMARK [3][-]{subsubsection.6.20.3.7}{\376\377\0006\000.\0002\0000\000.\0003\000.\0007\000\040\000s\000e\000t\000C\000o\000d\000e\000\050\000\051}{subsection.6.20.3}% 200
\BOOKMARK [3][-]{subsubsection.6.20.3.8}{\376\377\0006\000.\0002\0000\000.\0003\000.\0008\000\040\000s\000e\000t\000D\000u\000r\000a\000t\000i\000o\000n\000\050\000\051}{subsection.6.20.3}% 201
\BOOKMARK [3][-]{subsubsection.6.20.3.9}{\376\377\0006\000.\0002\0000\000.\0003\000.\0009\000\040\000s\000e\000t\000V\000a\000n\000\050\000\051}{subsection.6.20.3}% 202
\BOOKMARK [3][-]{subsubsection.6.20.3.10}{\376\377\0006\000.\0002\0000\000.\0003\000.\0001\0000\000\040\000s\000e\000t\000V\000a\000n\000R\000e\000n\000t\000e\000r\000\050\000\051}{subsection.6.20.3}% 203
\BOOKMARK [3][-]{subsubsection.6.20.3.11}{\376\377\0006\000.\0002\0000\000.\0003\000.\0001\0001\000\040\000t\000o\000S\000t\000r\000i\000n\000g\000\050\000\051}{subsection.6.20.3}% 204
\BOOKMARK [1][-]{section.6.21}{\376\377\0006\000.\0002\0001\000\040\000e\000s\000.\000d\000e\000u\000s\000t\000o\000.\000b\000s\000p\000q\0002\0001\000e\0001\000.\000s\000e\000r\000v\000e\000r\000.\000d\000a\000t\000a\000.\000R\000e\000s\000e\000r\000v\000a\000t\000i\000o\000n\000T\000e\000s\000t\000\040\000C\000l\000a\000s\000s\000\040\000R\000e\000f\000e\000r\000e\000n\000c\000e}{chapter.6}% 205
\BOOKMARK [2][-]{subsection.6.21.1}{\376\377\0006\000.\0002\0001\000.\0001\000\040\000D\000e\000t\000a\000i\000l\000e\000d\000\040\000D\000e\000s\000c\000r\000i\000p\000t\000i\000o\000n}{section.6.21}% 206
\BOOKMARK [2][-]{subsection.6.21.2}{\376\377\0006\000.\0002\0001\000.\0002\000\040\000M\000e\000m\000b\000e\000r\000\040\000F\000u\000n\000c\000t\000i\000o\000n\000\040\000D\000o\000c\000u\000m\000e\000n\000t\000a\000t\000i\000o\000n}{section.6.21}% 207
\BOOKMARK [3][-]{subsubsection.6.21.2.1}{\376\377\0006\000.\0002\0001\000.\0002\000.\0001\000\040\000c\000o\000n\000s\000t\000r\000u\000c\000t\000o\000r\000T\000e\000s\000t\000\050\000\051}{subsection.6.21.2}% 208
\BOOKMARK [3][-]{subsubsection.6.21.2.2}{\376\377\0006\000.\0002\0001\000.\0002\000.\0002\000\040\000s\000e\000t\000t\000e\000r\000G\000e\000t\000t\000e\000r\000s\000T\000e\000s\000t\000\050\000\051}{subsection.6.21.2}% 209
\BOOKMARK [3][-]{subsubsection.6.21.2.3}{\376\377\0006\000.\0002\0001\000.\0002\000.\0003\000\040\000s\000e\000t\000U\000p\000\050\000\051}{subsection.6.21.2}% 210
\BOOKMARK [3][-]{subsubsection.6.21.2.4}{\376\377\0006\000.\0002\0001\000.\0002\000.\0004\000\040\000s\000u\000i\000t\000e\000\050\000\051}{subsection.6.21.2}% 211
\BOOKMARK [1][-]{section.6.22}{\376\377\0006\000.\0002\0002\000\040\000e\000s\000.\000d\000e\000u\000s\000t\000o\000.\000b\000s\000p\000q\0002\0001\000e\0001\000.\000s\000e\000r\000v\000e\000r\000.\000d\000a\000t\000a\000.\000R\000e\000v\000i\000e\000w\000\040\000C\000l\000a\000s\000s\000\040\000R\000e\000f\000e\000r\000e\000n\000c\000e}{chapter.6}% 212
\BOOKMARK [2][-]{subsection.6.22.1}{\376\377\0006\000.\0002\0002\000.\0001\000\040\000D\000e\000t\000a\000i\000l\000e\000d\000\040\000D\000e\000s\000c\000r\000i\000p\000t\000i\000o\000n}{section.6.22}% 213
\BOOKMARK [2][-]{subsection.6.22.2}{\376\377\0006\000.\0002\0002\000.\0002\000\040\000C\000o\000n\000s\000t\000r\000u\000c\000t\000o\000r\000\040\000\046\000\040\000D\000e\000s\000t\000r\000u\000c\000t\000o\000r\000\040\000D\000o\000c\000u\000m\000e\000n\000t\000a\000t\000i\000o\000n}{section.6.22}% 214
\BOOKMARK [3][-]{subsubsection.6.22.2.1}{\376\377\0006\000.\0002\0002\000.\0002\000.\0001\000\040\000R\000e\000v\000i\000e\000w\000\050\000\051\000\040\000[\0001\000/\0002\000]}{subsection.6.22.2}% 215
\BOOKMARK [3][-]{subsubsection.6.22.2.2}{\376\377\0006\000.\0002\0002\000.\0002\000.\0002\000\040\000R\000e\000v\000i\000e\000w\000\050\000\051\000\040\000[\0002\000/\0002\000]}{subsection.6.22.2}% 216
\BOOKMARK [2][-]{subsection.6.22.3}{\376\377\0006\000.\0002\0002\000.\0003\000\040\000M\000e\000m\000b\000e\000r\000\040\000F\000u\000n\000c\000t\000i\000o\000n\000\040\000D\000o\000c\000u\000m\000e\000n\000t\000a\000t\000i\000o\000n}{section.6.22}% 217
\BOOKMARK [3][-]{subsubsection.6.22.3.1}{\376\377\0006\000.\0002\0002\000.\0003\000.\0001\000\040\000g\000e\000t\000C\000o\000d\000e\000\050\000\051}{subsection.6.22.3}% 218
\BOOKMARK [3][-]{subsubsection.6.22.3.2}{\376\377\0006\000.\0002\0002\000.\0003\000.\0002\000\040\000g\000e\000t\000C\000o\000m\000m\000e\000n\000t\000\050\000\051}{subsection.6.22.3}% 219
\BOOKMARK [3][-]{subsubsection.6.22.3.3}{\376\377\0006\000.\0002\0002\000.\0003\000.\0003\000\040\000g\000e\000t\000S\000t\000a\000r\000s\000\050\000\051}{subsection.6.22.3}% 220
\BOOKMARK [3][-]{subsubsection.6.22.3.4}{\376\377\0006\000.\0002\0002\000.\0003\000.\0004\000\040\000g\000e\000t\000V\000a\000n\000\050\000\051}{subsection.6.22.3}% 221
\BOOKMARK [3][-]{subsubsection.6.22.3.5}{\376\377\0006\000.\0002\0002\000.\0003\000.\0005\000\040\000s\000e\000t\000C\000o\000d\000e\000\050\000\051}{subsection.6.22.3}% 222
\BOOKMARK [3][-]{subsubsection.6.22.3.6}{\376\377\0006\000.\0002\0002\000.\0003\000.\0006\000\040\000s\000e\000t\000C\000o\000m\000m\000e\000n\000t\000\050\000\051}{subsection.6.22.3}% 223
\BOOKMARK [3][-]{subsubsection.6.22.3.7}{\376\377\0006\000.\0002\0002\000.\0003\000.\0007\000\040\000s\000e\000t\000S\000t\000a\000r\000s\000\050\000\051}{subsection.6.22.3}% 224
\BOOKMARK [3][-]{subsubsection.6.22.3.8}{\376\377\0006\000.\0002\0002\000.\0003\000.\0008\000\040\000s\000e\000t\000V\000a\000n\000\050\000\051}{subsection.6.22.3}% 225
\BOOKMARK [3][-]{subsubsection.6.22.3.9}{\376\377\0006\000.\0002\0002\000.\0003\000.\0009\000\040\000t\000o\000S\000t\000r\000i\000n\000g\000\050\000\051}{subsection.6.22.3}% 226
\BOOKMARK [1][-]{section.6.23}{\376\377\0006\000.\0002\0003\000\040\000e\000s\000.\000d\000e\000u\000s\000t\000o\000.\000b\000s\000p\000q\0002\0001\000e\0001\000.\000s\000e\000r\000i\000a\000l\000i\000z\000a\000t\000i\000o\000n\000.\000R\000e\000v\000i\000e\000w\000D\000a\000t\000a\000\040\000C\000l\000a\000s\000s\000\040\000R\000e\000f\000e\000r\000e\000n\000c\000e}{chapter.6}% 227
\BOOKMARK [2][-]{subsection.6.23.1}{\376\377\0006\000.\0002\0003\000.\0001\000\040\000D\000e\000t\000a\000i\000l\000e\000d\000\040\000D\000e\000s\000c\000r\000i\000p\000t\000i\000o\000n}{section.6.23}% 228
\BOOKMARK [2][-]{subsection.6.23.2}{\376\377\0006\000.\0002\0003\000.\0002\000\040\000C\000o\000n\000s\000t\000r\000u\000c\000t\000o\000r\000\040\000\046\000\040\000D\000e\000s\000t\000r\000u\000c\000t\000o\000r\000\040\000D\000o\000c\000u\000m\000e\000n\000t\000a\000t\000i\000o\000n}{section.6.23}% 229
\BOOKMARK [3][-]{subsubsection.6.23.2.1}{\376\377\0006\000.\0002\0003\000.\0002\000.\0001\000\040\000R\000e\000v\000i\000e\000w\000D\000a\000t\000a\000\050\000\051}{subsection.6.23.2}% 230
\BOOKMARK [2][-]{subsection.6.23.3}{\376\377\0006\000.\0002\0003\000.\0003\000\040\000M\000e\000m\000b\000e\000r\000\040\000F\000u\000n\000c\000t\000i\000o\000n\000\040\000D\000o\000c\000u\000m\000e\000n\000t\000a\000t\000i\000o\000n}{section.6.23}% 231
\BOOKMARK [3][-]{subsubsection.6.23.3.1}{\376\377\0006\000.\0002\0003\000.\0003\000.\0001\000\040\000g\000e\000t\000C\000o\000d\000e\000\050\000\051}{subsection.6.23.3}% 232
\BOOKMARK [3][-]{subsubsection.6.23.3.2}{\376\377\0006\000.\0002\0003\000.\0003\000.\0002\000\040\000g\000e\000t\000C\000o\000m\000m\000e\000n\000t\000\050\000\051}{subsection.6.23.3}% 233
\BOOKMARK [3][-]{subsubsection.6.23.3.3}{\376\377\0006\000.\0002\0003\000.\0003\000.\0003\000\040\000g\000e\000t\000S\000t\000a\000r\000s\000\050\000\051}{subsection.6.23.3}% 234
\BOOKMARK [3][-]{subsubsection.6.23.3.4}{\376\377\0006\000.\0002\0003\000.\0003\000.\0004\000\040\000g\000e\000t\000V\000a\000n\000\050\000\051}{subsection.6.23.3}% 235
\BOOKMARK [3][-]{subsubsection.6.23.3.5}{\376\377\0006\000.\0002\0003\000.\0003\000.\0005\000\040\000s\000e\000t\000C\000o\000d\000e\000\050\000\051}{subsection.6.23.3}% 236
\BOOKMARK [3][-]{subsubsection.6.23.3.6}{\376\377\0006\000.\0002\0003\000.\0003\000.\0006\000\040\000s\000e\000t\000C\000o\000m\000m\000e\000n\000t\000\050\000\051}{subsection.6.23.3}% 237
\BOOKMARK [3][-]{subsubsection.6.23.3.7}{\376\377\0006\000.\0002\0003\000.\0003\000.\0007\000\040\000s\000e\000t\000S\000t\000a\000r\000s\000\050\000\051}{subsection.6.23.3}% 238
\BOOKMARK [3][-]{subsubsection.6.23.3.8}{\376\377\0006\000.\0002\0003\000.\0003\000.\0008\000\040\000s\000e\000t\000V\000a\000n\000\050\000\051}{subsection.6.23.3}% 239
\BOOKMARK [3][-]{subsubsection.6.23.3.9}{\376\377\0006\000.\0002\0003\000.\0003\000.\0009\000\040\000t\000o\000S\000t\000r\000i\000n\000g\000\050\000\051}{subsection.6.23.3}% 240
\BOOKMARK [1][-]{section.6.24}{\376\377\0006\000.\0002\0004\000\040\000e\000s\000.\000d\000e\000u\000s\000t\000o\000.\000b\000s\000p\000q\0002\0001\000e\0001\000.\000s\000e\000r\000v\000e\000r\000.\000d\000a\000t\000a\000.\000R\000e\000v\000i\000e\000w\000T\000e\000s\000t\000\040\000C\000l\000a\000s\000s\000\040\000R\000e\000f\000e\000r\000e\000n\000c\000e}{chapter.6}% 241
\BOOKMARK [2][-]{subsection.6.24.1}{\376\377\0006\000.\0002\0004\000.\0001\000\040\000D\000e\000t\000a\000i\000l\000e\000d\000\040\000D\000e\000s\000c\000r\000i\000p\000t\000i\000o\000n}{section.6.24}% 242
\BOOKMARK [2][-]{subsection.6.24.2}{\376\377\0006\000.\0002\0004\000.\0002\000\040\000M\000e\000m\000b\000e\000r\000\040\000F\000u\000n\000c\000t\000i\000o\000n\000\040\000D\000o\000c\000u\000m\000e\000n\000t\000a\000t\000i\000o\000n}{section.6.24}% 243
\BOOKMARK [3][-]{subsubsection.6.24.2.1}{\376\377\0006\000.\0002\0004\000.\0002\000.\0001\000\040\000c\000o\000n\000s\000t\000r\000u\000c\000t\000o\000r\000T\000e\000s\000t\000\050\000\051}{subsection.6.24.2}% 244
\BOOKMARK [3][-]{subsubsection.6.24.2.2}{\376\377\0006\000.\0002\0004\000.\0002\000.\0002\000\040\000s\000e\000t\000t\000e\000r\000G\000e\000t\000t\000e\000r\000s\000T\000e\000s\000t\000\050\000\051}{subsection.6.24.2}% 245
\BOOKMARK [3][-]{subsubsection.6.24.2.3}{\376\377\0006\000.\0002\0004\000.\0002\000.\0003\000\040\000s\000e\000t\000U\000p\000\050\000\051}{subsection.6.24.2}% 246
\BOOKMARK [3][-]{subsubsection.6.24.2.4}{\376\377\0006\000.\0002\0004\000.\0002\000.\0004\000\040\000s\000u\000i\000t\000e\000\050\000\051}{subsection.6.24.2}% 247
\BOOKMARK [1][-]{section.6.25}{\376\377\0006\000.\0002\0005\000\040\000e\000s\000.\000d\000e\000u\000s\000t\000o\000.\000b\000s\000p\000q\0002\0001\000e\0001\000.\000c\000l\000i\000e\000n\000t\000.\000g\000u\000i\000.\000S\000e\000a\000r\000c\000h\000W\000i\000n\000d\000o\000w\000\040\000C\000l\000a\000s\000s\000\040\000R\000e\000f\000e\000r\000e\000n\000c\000e}{chapter.6}% 248
\BOOKMARK [2][-]{subsection.6.25.1}{\376\377\0006\000.\0002\0005\000.\0001\000\040\000D\000e\000t\000a\000i\000l\000e\000d\000\040\000D\000e\000s\000c\000r\000i\000p\000t\000i\000o\000n}{section.6.25}% 249
\BOOKMARK [2][-]{subsection.6.25.2}{\376\377\0006\000.\0002\0005\000.\0002\000\040\000C\000o\000n\000s\000t\000r\000u\000c\000t\000o\000r\000\040\000\046\000\040\000D\000e\000s\000t\000r\000u\000c\000t\000o\000r\000\040\000D\000o\000c\000u\000m\000e\000n\000t\000a\000t\000i\000o\000n}{section.6.25}% 250
\BOOKMARK [3][-]{subsubsection.6.25.2.1}{\376\377\0006\000.\0002\0005\000.\0002\000.\0001\000\040\000S\000e\000a\000r\000c\000h\000W\000i\000n\000d\000o\000w\000\050\000\051}{subsection.6.25.2}% 251
\BOOKMARK [1][-]{section.6.26}{\376\377\0006\000.\0002\0006\000\040\000e\000s\000.\000d\000e\000u\000s\000t\000o\000.\000b\000s\000p\000q\0002\0001\000e\0001\000.\000s\000e\000r\000v\000e\000r\000.\000d\000a\000t\000a\000.\000U\000s\000e\000r\000\040\000C\000l\000a\000s\000s\000\040\000R\000e\000f\000e\000r\000e\000n\000c\000e}{chapter.6}% 252
\BOOKMARK [2][-]{subsection.6.26.1}{\376\377\0006\000.\0002\0006\000.\0001\000\040\000D\000e\000t\000a\000i\000l\000e\000d\000\040\000D\000e\000s\000c\000r\000i\000p\000t\000i\000o\000n}{section.6.26}% 253
\BOOKMARK [2][-]{subsection.6.26.2}{\376\377\0006\000.\0002\0006\000.\0002\000\040\000C\000o\000n\000s\000t\000r\000u\000c\000t\000o\000r\000\040\000\046\000\040\000D\000e\000s\000t\000r\000u\000c\000t\000o\000r\000\040\000D\000o\000c\000u\000m\000e\000n\000t\000a\000t\000i\000o\000n}{section.6.26}% 254
\BOOKMARK [3][-]{subsubsection.6.26.2.1}{\376\377\0006\000.\0002\0006\000.\0002\000.\0001\000\040\000U\000s\000e\000r\000\050\000\051\000\040\000[\0001\000/\0002\000]}{subsection.6.26.2}% 255
\BOOKMARK [3][-]{subsubsection.6.26.2.2}{\376\377\0006\000.\0002\0006\000.\0002\000.\0002\000\040\000U\000s\000e\000r\000\050\000\051\000\040\000[\0002\000/\0002\000]}{subsection.6.26.2}% 256
\BOOKMARK [2][-]{subsection.6.26.3}{\376\377\0006\000.\0002\0006\000.\0003\000\040\000M\000e\000m\000b\000e\000r\000\040\000F\000u\000n\000c\000t\000i\000o\000n\000\040\000D\000o\000c\000u\000m\000e\000n\000t\000a\000t\000i\000o\000n}{section.6.26}% 257
\BOOKMARK [3][-]{subsubsection.6.26.3.1}{\376\377\0006\000.\0002\0006\000.\0003\000.\0001\000\040\000a\000d\000d\000S\000t\000a\000r\000\050\000\051}{subsection.6.26.3}% 258
\BOOKMARK [3][-]{subsubsection.6.26.3.2}{\376\377\0006\000.\0002\0006\000.\0003\000.\0002\000\040\000e\000q\000u\000a\000l\000s\000\050\000\051}{subsection.6.26.3}% 259
\BOOKMARK [3][-]{subsubsection.6.26.3.3}{\376\377\0006\000.\0002\0006\000.\0003\000.\0003\000\040\000g\000e\000t\000D\000n\000i\000\050\000\051}{subsection.6.26.3}% 260
\BOOKMARK [3][-]{subsubsection.6.26.3.4}{\376\377\0006\000.\0002\0006\000.\0003\000.\0004\000\040\000g\000e\000t\000E\000m\000a\000i\000l\000\050\000\051}{subsection.6.26.3}% 261
\BOOKMARK [3][-]{subsubsection.6.26.3.5}{\376\377\0006\000.\0002\0006\000.\0003\000.\0005\000\040\000g\000e\000t\000N\000a\000m\000e\000\050\000\051}{subsection.6.26.3}% 262
\BOOKMARK [3][-]{subsubsection.6.26.3.6}{\376\377\0006\000.\0002\0006\000.\0003\000.\0006\000\040\000g\000e\000t\000P\000a\000s\000s\000w\000o\000r\000d\000\050\000\051}{subsection.6.26.3}% 263
\BOOKMARK [3][-]{subsubsection.6.26.3.7}{\376\377\0006\000.\0002\0006\000.\0003\000.\0007\000\040\000g\000e\000t\000S\000t\000a\000r\000s\000\050\000\051}{subsection.6.26.3}% 264
\BOOKMARK [3][-]{subsubsection.6.26.3.8}{\376\377\0006\000.\0002\0006\000.\0003\000.\0008\000\040\000g\000e\000t\000S\000t\000a\000r\000s\000A\000v\000e\000r\000a\000g\000e\000\050\000\051}{subsection.6.26.3}% 265
\BOOKMARK [3][-]{subsubsection.6.26.3.9}{\376\377\0006\000.\0002\0006\000.\0003\000.\0009\000\040\000s\000e\000t\000D\000n\000i\000\050\000\051}{subsection.6.26.3}% 266
\BOOKMARK [3][-]{subsubsection.6.26.3.10}{\376\377\0006\000.\0002\0006\000.\0003\000.\0001\0000\000\040\000s\000e\000t\000E\000m\000a\000i\000l\000\050\000\051}{subsection.6.26.3}% 267
\BOOKMARK [3][-]{subsubsection.6.26.3.11}{\376\377\0006\000.\0002\0006\000.\0003\000.\0001\0001\000\040\000s\000e\000t\000N\000a\000m\000e\000\050\000\051}{subsection.6.26.3}% 268
\BOOKMARK [3][-]{subsubsection.6.26.3.12}{\376\377\0006\000.\0002\0006\000.\0003\000.\0001\0002\000\040\000s\000e\000t\000P\000a\000s\000s\000w\000o\000r\000d\000\050\000\051}{subsection.6.26.3}% 269
\BOOKMARK [3][-]{subsubsection.6.26.3.13}{\376\377\0006\000.\0002\0006\000.\0003\000.\0001\0003\000\040\000s\000e\000t\000S\000t\000a\000r\000s\000\050\000\051}{subsection.6.26.3}% 270
\BOOKMARK [1][-]{section.6.27}{\376\377\0006\000.\0002\0007\000\040\000e\000s\000.\000d\000e\000u\000s\000t\000o\000.\000b\000s\000p\000q\0002\0001\000e\0001\000.\000s\000e\000r\000i\000a\000l\000i\000z\000a\000t\000i\000o\000n\000.\000U\000s\000e\000r\000D\000a\000t\000a\000\040\000C\000l\000a\000s\000s\000\040\000R\000e\000f\000e\000r\000e\000n\000c\000e}{chapter.6}% 271
\BOOKMARK [2][-]{subsection.6.27.1}{\376\377\0006\000.\0002\0007\000.\0001\000\040\000D\000e\000t\000a\000i\000l\000e\000d\000\040\000D\000e\000s\000c\000r\000i\000p\000t\000i\000o\000n}{section.6.27}% 272
\BOOKMARK [2][-]{subsection.6.27.2}{\376\377\0006\000.\0002\0007\000.\0002\000\040\000C\000o\000n\000s\000t\000r\000u\000c\000t\000o\000r\000\040\000\046\000\040\000D\000e\000s\000t\000r\000u\000c\000t\000o\000r\000\040\000D\000o\000c\000u\000m\000e\000n\000t\000a\000t\000i\000o\000n}{section.6.27}% 273
\BOOKMARK [3][-]{subsubsection.6.27.2.1}{\376\377\0006\000.\0002\0007\000.\0002\000.\0001\000\040\000U\000s\000e\000r\000D\000a\000t\000a\000\050\000\051\000\040\000[\0001\000/\0002\000]}{subsection.6.27.2}% 274
\BOOKMARK [3][-]{subsubsection.6.27.2.2}{\376\377\0006\000.\0002\0007\000.\0002\000.\0002\000\040\000U\000s\000e\000r\000D\000a\000t\000a\000\050\000\051\000\040\000[\0002\000/\0002\000]}{subsection.6.27.2}% 275
\BOOKMARK [2][-]{subsection.6.27.3}{\376\377\0006\000.\0002\0007\000.\0003\000\040\000M\000e\000m\000b\000e\000r\000\040\000F\000u\000n\000c\000t\000i\000o\000n\000\040\000D\000o\000c\000u\000m\000e\000n\000t\000a\000t\000i\000o\000n}{section.6.27}% 276
\BOOKMARK [3][-]{subsubsection.6.27.3.1}{\376\377\0006\000.\0002\0007\000.\0003\000.\0001\000\040\000g\000e\000t\000D\000n\000i\000\050\000\051}{subsection.6.27.3}% 277
\BOOKMARK [3][-]{subsubsection.6.27.3.2}{\376\377\0006\000.\0002\0007\000.\0003\000.\0002\000\040\000g\000e\000t\000E\000m\000a\000i\000l\000\050\000\051}{subsection.6.27.3}% 278
\BOOKMARK [3][-]{subsubsection.6.27.3.3}{\376\377\0006\000.\0002\0007\000.\0003\000.\0003\000\040\000g\000e\000t\000N\000a\000m\000e\000\050\000\051}{subsection.6.27.3}% 279
\BOOKMARK [3][-]{subsubsection.6.27.3.4}{\376\377\0006\000.\0002\0007\000.\0003\000.\0004\000\040\000g\000e\000t\000P\000a\000s\000s\000w\000o\000r\000d\000\050\000\051}{subsection.6.27.3}% 280
\BOOKMARK [3][-]{subsubsection.6.27.3.5}{\376\377\0006\000.\0002\0007\000.\0003\000.\0005\000\040\000g\000e\000t\000S\000t\000a\000r\000s\000\050\000\051}{subsection.6.27.3}% 281
\BOOKMARK [3][-]{subsubsection.6.27.3.6}{\376\377\0006\000.\0002\0007\000.\0003\000.\0006\000\040\000s\000e\000t\000D\000n\000i\000\050\000\051}{subsection.6.27.3}% 282
\BOOKMARK [3][-]{subsubsection.6.27.3.7}{\376\377\0006\000.\0002\0007\000.\0003\000.\0007\000\040\000s\000e\000t\000E\000m\000a\000i\000l\000\050\000\051}{subsection.6.27.3}% 283
\BOOKMARK [3][-]{subsubsection.6.27.3.8}{\376\377\0006\000.\0002\0007\000.\0003\000.\0008\000\040\000s\000e\000t\000N\000a\000m\000e\000\050\000\051}{subsection.6.27.3}% 284
\BOOKMARK [3][-]{subsubsection.6.27.3.9}{\376\377\0006\000.\0002\0007\000.\0003\000.\0009\000\040\000s\000e\000t\000P\000a\000s\000s\000w\000o\000r\000d\000\050\000\051}{subsection.6.27.3}% 285
\BOOKMARK [3][-]{subsubsection.6.27.3.10}{\376\377\0006\000.\0002\0007\000.\0003\000.\0001\0000\000\040\000s\000e\000t\000S\000t\000a\000r\000s\000\050\000\051}{subsection.6.27.3}% 286
\BOOKMARK [3][-]{subsubsection.6.27.3.11}{\376\377\0006\000.\0002\0007\000.\0003\000.\0001\0001\000\040\000t\000o\000S\000t\000r\000i\000n\000g\000\050\000\051}{subsection.6.27.3}% 287
\BOOKMARK [1][-]{section.6.28}{\376\377\0006\000.\0002\0008\000\040\000e\000s\000.\000d\000e\000u\000s\000t\000o\000.\000b\000s\000p\000q\0002\0001\000e\0001\000.\000s\000e\000r\000v\000e\000r\000.\000d\000a\000t\000a\000.\000U\000s\000e\000r\000T\000e\000s\000t\000\040\000C\000l\000a\000s\000s\000\040\000R\000e\000f\000e\000r\000e\000n\000c\000e}{chapter.6}% 288
\BOOKMARK [2][-]{subsection.6.28.1}{\376\377\0006\000.\0002\0008\000.\0001\000\040\000D\000e\000t\000a\000i\000l\000e\000d\000\040\000D\000e\000s\000c\000r\000i\000p\000t\000i\000o\000n}{section.6.28}% 289
\BOOKMARK [2][-]{subsection.6.28.2}{\376\377\0006\000.\0002\0008\000.\0002\000\040\000M\000e\000m\000b\000e\000r\000\040\000F\000u\000n\000c\000t\000i\000o\000n\000\040\000D\000o\000c\000u\000m\000e\000n\000t\000a\000t\000i\000o\000n}{section.6.28}% 290
\BOOKMARK [3][-]{subsubsection.6.28.2.1}{\376\377\0006\000.\0002\0008\000.\0002\000.\0001\000\040\000c\000o\000n\000s\000t\000r\000u\000c\000t\000o\000r\000T\000e\000s\000t\000\050\000\051}{subsection.6.28.2}% 291
\BOOKMARK [3][-]{subsubsection.6.28.2.2}{\376\377\0006\000.\0002\0008\000.\0002\000.\0002\000\040\000s\000e\000t\000t\000e\000r\000G\000e\000t\000t\000e\000r\000s\000T\000e\000s\000t\000\050\000\051}{subsection.6.28.2}% 292
\BOOKMARK [3][-]{subsubsection.6.28.2.3}{\376\377\0006\000.\0002\0008\000.\0002\000.\0003\000\040\000s\000e\000t\000U\000p\000\050\000\051}{subsection.6.28.2}% 293
\BOOKMARK [3][-]{subsubsection.6.28.2.4}{\376\377\0006\000.\0002\0008\000.\0002\000.\0004\000\040\000s\000u\000i\000t\000e\000\050\000\051}{subsection.6.28.2}% 294
\BOOKMARK [1][-]{section.6.29}{\376\377\0006\000.\0002\0009\000\040\000e\000s\000.\000d\000e\000u\000s\000t\000o\000.\000b\000s\000p\000q\0002\0001\000e\0001\000.\000s\000e\000r\000v\000e\000r\000.\000d\000a\000t\000a\000.\000V\000a\000n\000\040\000C\000l\000a\000s\000s\000\040\000R\000e\000f\000e\000r\000e\000n\000c\000e}{chapter.6}% 295
\BOOKMARK [2][-]{subsection.6.29.1}{\376\377\0006\000.\0002\0009\000.\0001\000\040\000D\000e\000t\000a\000i\000l\000e\000d\000\040\000D\000e\000s\000c\000r\000i\000p\000t\000i\000o\000n}{section.6.29}% 296
\BOOKMARK [2][-]{subsection.6.29.2}{\376\377\0006\000.\0002\0009\000.\0002\000\040\000C\000o\000n\000s\000t\000r\000u\000c\000t\000o\000r\000\040\000\046\000\040\000D\000e\000s\000t\000r\000u\000c\000t\000o\000r\000\040\000D\000o\000c\000u\000m\000e\000n\000t\000a\000t\000i\000o\000n}{section.6.29}% 297
\BOOKMARK [3][-]{subsubsection.6.29.2.1}{\376\377\0006\000.\0002\0009\000.\0002\000.\0001\000\040\000V\000a\000n\000\050\000\051\000\040\000[\0001\000/\0002\000]}{subsection.6.29.2}% 298
\BOOKMARK [3][-]{subsubsection.6.29.2.2}{\376\377\0006\000.\0002\0009\000.\0002\000.\0002\000\040\000V\000a\000n\000\050\000\051\000\040\000[\0002\000/\0002\000]}{subsection.6.29.2}% 299
\BOOKMARK [2][-]{subsection.6.29.3}{\376\377\0006\000.\0002\0009\000.\0003\000\040\000M\000e\000m\000b\000e\000r\000\040\000F\000u\000n\000c\000t\000i\000o\000n\000\040\000D\000o\000c\000u\000m\000e\000n\000t\000a\000t\000i\000o\000n}{section.6.29}% 300
\BOOKMARK [3][-]{subsubsection.6.29.3.1}{\376\377\0006\000.\0002\0009\000.\0003\000.\0001\000\040\000e\000q\000u\000a\000l\000s\000\050\000\051}{subsection.6.29.3}% 301
\BOOKMARK [3][-]{subsubsection.6.29.3.2}{\376\377\0006\000.\0002\0009\000.\0003\000.\0002\000\040\000g\000e\000t\000B\000r\000a\000n\000d\000\050\000\051}{subsection.6.29.3}% 302
\BOOKMARK [3][-]{subsubsection.6.29.3.3}{\376\377\0006\000.\0002\0009\000.\0003\000.\0003\000\040\000g\000e\000t\000C\000a\000p\000a\000c\000i\000t\000y\000\050\000\051}{subsection.6.29.3}% 303
\BOOKMARK [3][-]{subsubsection.6.29.3.4}{\376\377\0006\000.\0002\0009\000.\0003\000.\0004\000\040\000g\000e\000t\000L\000i\000c\000e\000n\000s\000e\000P\000l\000a\000t\000e\000\050\000\051}{subsection.6.29.3}% 304
\BOOKMARK [3][-]{subsubsection.6.29.3.5}{\376\377\0006\000.\0002\0009\000.\0003\000.\0005\000\040\000g\000e\000t\000L\000o\000c\000a\000t\000i\000o\000n\000\050\000\051}{subsection.6.29.3}% 305
\BOOKMARK [3][-]{subsubsection.6.29.3.6}{\376\377\0006\000.\0002\0009\000.\0003\000.\0006\000\040\000g\000e\000t\000M\000o\000d\000e\000l\000\050\000\051}{subsection.6.29.3}% 306
\BOOKMARK [3][-]{subsubsection.6.29.3.7}{\376\377\0006\000.\0002\0009\000.\0003\000.\0007\000\040\000g\000e\000t\000P\000r\000i\000c\000e\000P\000e\000r\000D\000a\000y\000\050\000\051}{subsection.6.29.3}% 307
\BOOKMARK [3][-]{subsubsection.6.29.3.8}{\376\377\0006\000.\0002\0009\000.\0003\000.\0008\000\040\000g\000e\000t\000S\000t\000a\000t\000u\000s\000\050\000\051}{subsection.6.29.3}% 308
\BOOKMARK [3][-]{subsubsection.6.29.3.9}{\376\377\0006\000.\0002\0009\000.\0003\000.\0009\000\040\000g\000e\000t\000U\000s\000e\000r\000\050\000\051}{subsection.6.29.3}% 309
\BOOKMARK [3][-]{subsubsection.6.29.3.10}{\376\377\0006\000.\0002\0009\000.\0003\000.\0001\0000\000\040\000h\000a\000s\000K\000i\000t\000c\000h\000e\000n\000\050\000\051}{subsection.6.29.3}% 310
\BOOKMARK [3][-]{subsubsection.6.29.3.11}{\376\377\0006\000.\0002\0009\000.\0003\000.\0001\0001\000\040\000h\000a\000s\000S\000h\000o\000w\000e\000r\000\050\000\051}{subsection.6.29.3}% 311
\BOOKMARK [3][-]{subsubsection.6.29.3.12}{\376\377\0006\000.\0002\0009\000.\0003\000.\0001\0002\000\040\000i\000s\000O\000f\000f\000R\000o\000a\000d\000\050\000\051}{subsection.6.29.3}% 312
\BOOKMARK [3][-]{subsubsection.6.29.3.13}{\376\377\0006\000.\0002\0009\000.\0003\000.\0001\0003\000\040\000s\000e\000t\000B\000r\000a\000n\000d\000\050\000\051}{subsection.6.29.3}% 313
\BOOKMARK [3][-]{subsubsection.6.29.3.14}{\376\377\0006\000.\0002\0009\000.\0003\000.\0001\0004\000\040\000s\000e\000t\000C\000a\000p\000a\000c\000i\000t\000y\000\050\000\051}{subsection.6.29.3}% 314
\BOOKMARK [3][-]{subsubsection.6.29.3.15}{\376\377\0006\000.\0002\0009\000.\0003\000.\0001\0005\000\040\000s\000e\000t\000K\000i\000t\000c\000h\000e\000n\000\050\000\051}{subsection.6.29.3}% 315
\BOOKMARK [3][-]{subsubsection.6.29.3.16}{\376\377\0006\000.\0002\0009\000.\0003\000.\0001\0006\000\040\000s\000e\000t\000L\000i\000c\000e\000n\000s\000e\000P\000l\000a\000t\000e\000\050\000\051}{subsection.6.29.3}% 316
\BOOKMARK [3][-]{subsubsection.6.29.3.17}{\376\377\0006\000.\0002\0009\000.\0003\000.\0001\0007\000\040\000s\000e\000t\000L\000o\000c\000a\000t\000i\000o\000n\000\050\000\051}{subsection.6.29.3}% 317
\BOOKMARK [3][-]{subsubsection.6.29.3.18}{\376\377\0006\000.\0002\0009\000.\0003\000.\0001\0008\000\040\000s\000e\000t\000M\000o\000d\000e\000l\000\050\000\051}{subsection.6.29.3}% 318
\BOOKMARK [3][-]{subsubsection.6.29.3.19}{\376\377\0006\000.\0002\0009\000.\0003\000.\0001\0009\000\040\000s\000e\000t\000O\000f\000f\000R\000o\000a\000d\000\050\000\051}{subsection.6.29.3}% 319
\BOOKMARK [3][-]{subsubsection.6.29.3.20}{\376\377\0006\000.\0002\0009\000.\0003\000.\0002\0000\000\040\000s\000e\000t\000P\000r\000i\000c\000e\000P\000e\000r\000D\000a\000y\000\050\000\051}{subsection.6.29.3}% 320
\BOOKMARK [3][-]{subsubsection.6.29.3.21}{\376\377\0006\000.\0002\0009\000.\0003\000.\0002\0001\000\040\000s\000e\000t\000S\000h\000o\000w\000e\000r\000\050\000\051}{subsection.6.29.3}% 321
\BOOKMARK [3][-]{subsubsection.6.29.3.22}{\376\377\0006\000.\0002\0009\000.\0003\000.\0002\0002\000\040\000s\000e\000t\000S\000t\000a\000t\000u\000s\000\050\000\051}{subsection.6.29.3}% 322
\BOOKMARK [3][-]{subsubsection.6.29.3.23}{\376\377\0006\000.\0002\0009\000.\0003\000.\0002\0003\000\040\000s\000e\000t\000U\000s\000e\000r\000\050\000\051}{subsection.6.29.3}% 323
\BOOKMARK [3][-]{subsubsection.6.29.3.24}{\376\377\0006\000.\0002\0009\000.\0003\000.\0002\0004\000\040\000t\000o\000S\000t\000r\000i\000n\000g\000\050\000\051}{subsection.6.29.3}% 324
\BOOKMARK [1][-]{section.6.30}{\376\377\0006\000.\0003\0000\000\040\000e\000s\000.\000d\000e\000u\000s\000t\000o\000.\000b\000s\000p\000q\0002\0001\000e\0001\000.\000s\000e\000r\000i\000a\000l\000i\000z\000a\000t\000i\000o\000n\000.\000V\000a\000n\000D\000a\000t\000a\000\040\000C\000l\000a\000s\000s\000\040\000R\000e\000f\000e\000r\000e\000n\000c\000e}{chapter.6}% 325
\BOOKMARK [2][-]{subsection.6.30.1}{\376\377\0006\000.\0003\0000\000.\0001\000\040\000D\000e\000t\000a\000i\000l\000e\000d\000\040\000D\000e\000s\000c\000r\000i\000p\000t\000i\000o\000n}{section.6.30}% 326
\BOOKMARK [2][-]{subsection.6.30.2}{\376\377\0006\000.\0003\0000\000.\0002\000\040\000C\000o\000n\000s\000t\000r\000u\000c\000t\000o\000r\000\040\000\046\000\040\000D\000e\000s\000t\000r\000u\000c\000t\000o\000r\000\040\000D\000o\000c\000u\000m\000e\000n\000t\000a\000t\000i\000o\000n}{section.6.30}% 327
\BOOKMARK [3][-]{subsubsection.6.30.2.1}{\376\377\0006\000.\0003\0000\000.\0002\000.\0001\000\040\000V\000a\000n\000D\000a\000t\000a\000\050\000\051\000\040\000[\0001\000/\0002\000]}{subsection.6.30.2}% 328
\BOOKMARK [3][-]{subsubsection.6.30.2.2}{\376\377\0006\000.\0003\0000\000.\0002\000.\0002\000\040\000V\000a\000n\000D\000a\000t\000a\000\050\000\051\000\040\000[\0002\000/\0002\000]}{subsection.6.30.2}% 329
\BOOKMARK [2][-]{subsection.6.30.3}{\376\377\0006\000.\0003\0000\000.\0003\000\040\000M\000e\000m\000b\000e\000r\000\040\000F\000u\000n\000c\000t\000i\000o\000n\000\040\000D\000o\000c\000u\000m\000e\000n\000t\000a\000t\000i\000o\000n}{section.6.30}% 330
\BOOKMARK [3][-]{subsubsection.6.30.3.1}{\376\377\0006\000.\0003\0000\000.\0003\000.\0001\000\040\000g\000e\000t\000B\000r\000a\000n\000d\000\050\000\051}{subsection.6.30.3}% 331
\BOOKMARK [3][-]{subsubsection.6.30.3.2}{\376\377\0006\000.\0003\0000\000.\0003\000.\0002\000\040\000g\000e\000t\000C\000a\000p\000a\000c\000i\000t\000y\000\050\000\051}{subsection.6.30.3}% 332
\BOOKMARK [3][-]{subsubsection.6.30.3.3}{\376\377\0006\000.\0003\0000\000.\0003\000.\0003\000\040\000g\000e\000t\000L\000i\000c\000e\000n\000s\000e\000P\000l\000a\000t\000e\000\050\000\051}{subsection.6.30.3}% 333
\BOOKMARK [3][-]{subsubsection.6.30.3.4}{\376\377\0006\000.\0003\0000\000.\0003\000.\0004\000\040\000g\000e\000t\000L\000o\000c\000a\000t\000i\000o\000n\000\050\000\051}{subsection.6.30.3}% 334
\BOOKMARK [3][-]{subsubsection.6.30.3.5}{\376\377\0006\000.\0003\0000\000.\0003\000.\0005\000\040\000g\000e\000t\000M\000o\000d\000e\000l\000\050\000\051}{subsection.6.30.3}% 335
\BOOKMARK [3][-]{subsubsection.6.30.3.6}{\376\377\0006\000.\0003\0000\000.\0003\000.\0006\000\040\000g\000e\000t\000P\000r\000i\000c\000e\000P\000e\000r\000D\000a\000y\000\050\000\051}{subsection.6.30.3}% 336
\BOOKMARK [3][-]{subsubsection.6.30.3.7}{\376\377\0006\000.\0003\0000\000.\0003\000.\0007\000\040\000g\000e\000t\000U\000s\000e\000r\000\050\000\051}{subsection.6.30.3}% 337
\BOOKMARK [3][-]{subsubsection.6.30.3.8}{\376\377\0006\000.\0003\0000\000.\0003\000.\0008\000\040\000h\000a\000s\000K\000i\000t\000c\000h\000e\000n\000\050\000\051}{subsection.6.30.3}% 338
\BOOKMARK [3][-]{subsubsection.6.30.3.9}{\376\377\0006\000.\0003\0000\000.\0003\000.\0009\000\040\000h\000a\000s\000S\000h\000o\000w\000e\000r\000\050\000\051}{subsection.6.30.3}% 339
\BOOKMARK [3][-]{subsubsection.6.30.3.10}{\376\377\0006\000.\0003\0000\000.\0003\000.\0001\0000\000\040\000i\000s\000O\000f\000f\000R\000o\000a\000d\000\050\000\051}{subsection.6.30.3}% 340
\BOOKMARK [3][-]{subsubsection.6.30.3.11}{\376\377\0006\000.\0003\0000\000.\0003\000.\0001\0001\000\040\000s\000e\000t\000B\000r\000a\000n\000d\000\050\000\051}{subsection.6.30.3}% 341
\BOOKMARK [3][-]{subsubsection.6.30.3.12}{\376\377\0006\000.\0003\0000\000.\0003\000.\0001\0002\000\040\000s\000e\000t\000C\000a\000p\000a\000c\000i\000t\000y\000\050\000\051}{subsection.6.30.3}% 342
\BOOKMARK [3][-]{subsubsection.6.30.3.13}{\376\377\0006\000.\0003\0000\000.\0003\000.\0001\0003\000\040\000s\000e\000t\000K\000i\000t\000c\000h\000e\000n\000\050\000\051}{subsection.6.30.3}% 343
\BOOKMARK [3][-]{subsubsection.6.30.3.14}{\376\377\0006\000.\0003\0000\000.\0003\000.\0001\0004\000\040\000s\000e\000t\000L\000i\000c\000e\000n\000s\000e\000P\000l\000a\000t\000e\000\050\000\051}{subsection.6.30.3}% 344
\BOOKMARK [3][-]{subsubsection.6.30.3.15}{\376\377\0006\000.\0003\0000\000.\0003\000.\0001\0005\000\040\000s\000e\000t\000L\000o\000c\000a\000t\000i\000o\000n\000\050\000\051}{subsection.6.30.3}% 345
\BOOKMARK [3][-]{subsubsection.6.30.3.16}{\376\377\0006\000.\0003\0000\000.\0003\000.\0001\0006\000\040\000s\000e\000t\000M\000o\000d\000e\000l\000\050\000\051}{subsection.6.30.3}% 346
\BOOKMARK [3][-]{subsubsection.6.30.3.17}{\376\377\0006\000.\0003\0000\000.\0003\000.\0001\0007\000\040\000s\000e\000t\000O\000f\000f\000R\000o\000a\000d\000\050\000\051}{subsection.6.30.3}% 347
\BOOKMARK [3][-]{subsubsection.6.30.3.18}{\376\377\0006\000.\0003\0000\000.\0003\000.\0001\0008\000\040\000s\000e\000t\000P\000r\000i\000c\000e\000P\000e\000r\000D\000a\000y\000\050\000\051}{subsection.6.30.3}% 348
\BOOKMARK [3][-]{subsubsection.6.30.3.19}{\376\377\0006\000.\0003\0000\000.\0003\000.\0001\0009\000\040\000s\000e\000t\000S\000h\000o\000w\000e\000r\000\050\000\051}{subsection.6.30.3}% 349
\BOOKMARK [3][-]{subsubsection.6.30.3.20}{\376\377\0006\000.\0003\0000\000.\0003\000.\0002\0000\000\040\000s\000e\000t\000U\000s\000e\000r\000\050\000\051}{subsection.6.30.3}% 350
\BOOKMARK [3][-]{subsubsection.6.30.3.21}{\376\377\0006\000.\0003\0000\000.\0003\000.\0002\0001\000\040\000t\000o\000S\000t\000r\000i\000n\000g\000\050\000\051}{subsection.6.30.3}% 351
\BOOKMARK [1][-]{section.6.31}{\376\377\0006\000.\0003\0001\000\040\000e\000s\000.\000d\000e\000u\000s\000t\000o\000.\000b\000s\000p\000q\0002\0001\000e\0001\000.\000s\000e\000r\000v\000e\000r\000.\000d\000a\000t\000a\000.\000V\000a\000n\000T\000e\000s\000t\000\040\000C\000l\000a\000s\000s\000\040\000R\000e\000f\000e\000r\000e\000n\000c\000e}{chapter.6}% 352
\BOOKMARK [2][-]{subsection.6.31.1}{\376\377\0006\000.\0003\0001\000.\0001\000\040\000D\000e\000t\000a\000i\000l\000e\000d\000\040\000D\000e\000s\000c\000r\000i\000p\000t\000i\000o\000n}{section.6.31}% 353
\BOOKMARK [2][-]{subsection.6.31.2}{\376\377\0006\000.\0003\0001\000.\0002\000\040\000M\000e\000m\000b\000e\000r\000\040\000F\000u\000n\000c\000t\000i\000o\000n\000\040\000D\000o\000c\000u\000m\000e\000n\000t\000a\000t\000i\000o\000n}{section.6.31}% 354
\BOOKMARK [3][-]{subsubsection.6.31.2.1}{\376\377\0006\000.\0003\0001\000.\0002\000.\0001\000\040\000c\000o\000n\000s\000t\000r\000u\000c\000t\000o\000r\000T\000e\000s\000t\000\050\000\051}{subsection.6.31.2}% 355
\BOOKMARK [3][-]{subsubsection.6.31.2.2}{\376\377\0006\000.\0003\0001\000.\0002\000.\0002\000\040\000s\000e\000t\000t\000e\000r\000G\000e\000t\000t\000e\000r\000s\000T\000e\000s\000t\000\050\000\051}{subsection.6.31.2}% 356
\BOOKMARK [3][-]{subsubsection.6.31.2.3}{\376\377\0006\000.\0003\0001\000.\0002\000.\0003\000\040\000s\000e\000t\000U\000p\000\050\000\051}{subsection.6.31.2}% 357
\BOOKMARK [3][-]{subsubsection.6.31.2.4}{\376\377\0006\000.\0003\0001\000.\0002\000.\0004\000\040\000s\000u\000i\000t\000e\000\050\000\051}{subsection.6.31.2}% 358
\BOOKMARK [0][-]{chapter.7}{\376\377\0007\000\040\000F\000i\000l\000e\000\040\000D\000o\000c\000u\000m\000e\000n\000t\000a\000t\000i\000o\000n}{}% 359
\BOOKMARK [1][-]{section.7.1}{\376\377\0007\000.\0001\000\040\000s\000r\000c\000/\000m\000a\000i\000n\000/\000j\000a\000v\000a\000/\000e\000s\000/\000d\000e\000u\000s\000t\000o\000/\000b\000s\000p\000q\0002\0001\000e\0001\000/\000c\000l\000i\000e\000n\000t\000/\000c\000o\000n\000t\000r\000o\000l\000l\000e\000r\000/\000C\000o\000n\000t\000r\000o\000l\000l\000e\000r\000.\000j\000a\000v\000a\000\040\000F\000i\000l\000e\000\040\000R\000e\000f\000e\000r\000e\000n\000c\000e}{chapter.7}% 360
\BOOKMARK [1][-]{section.7.2}{\376\377\0007\000.\0002\000\040\000s\000r\000c\000/\000m\000a\000i\000n\000/\000j\000a\000v\000a\000/\000e\000s\000/\000d\000e\000u\000s\000t\000o\000/\000b\000s\000p\000q\0002\0001\000e\0001\000/\000c\000l\000i\000e\000n\000t\000/\000g\000u\000i\000/\000C\000a\000n\000c\000e\000l\000R\000e\000s\000e\000r\000v\000a\000t\000i\000o\000n\000W\000i\000n\000d\000o\000w\000.\000j\000a\000v\000a\000\040\000F\000i\000l\000e\000\040\000R\000e\000f\000e\000r\000e\000n\000c\000e}{chapter.7}% 361
\BOOKMARK [1][-]{section.7.3}{\376\377\0007\000.\0003\000\040\000s\000r\000c\000/\000m\000a\000i\000n\000/\000j\000a\000v\000a\000/\000e\000s\000/\000d\000e\000u\000s\000t\000o\000/\000b\000s\000p\000q\0002\0001\000e\0001\000/\000c\000l\000i\000e\000n\000t\000/\000g\000u\000i\000/\000C\000h\000a\000r\000a\000c\000t\000e\000r\000i\000s\000t\000i\000c\000s\000W\000i\000n\000d\000o\000w\000.\000j\000a\000v\000a\000\040\000F\000i\000l\000e\000\040\000R\000e\000f\000e\000r\000e\000n\000c\000e}{chapter.7}% 362
\BOOKMARK [1][-]{section.7.4}{\376\377\0007\000.\0004\000\040\000s\000r\000c\000/\000m\000a\000i\000n\000/\000j\000a\000v\000a\000/\000e\000s\000/\000d\000e\000u\000s\000t\000o\000/\000b\000s\000p\000q\0002\0001\000e\0001\000/\000c\000l\000i\000e\000n\000t\000/\000g\000u\000i\000/\000I\000n\000i\000t\000i\000a\000l\000W\000i\000n\000d\000o\000w\000.\000j\000a\000v\000a\000\040\000F\000i\000l\000e\000\040\000R\000e\000f\000e\000r\000e\000n\000c\000e}{chapter.7}% 363
\BOOKMARK [1][-]{section.7.5}{\376\377\0007\000.\0005\000\040\000s\000r\000c\000/\000m\000a\000i\000n\000/\000j\000a\000v\000a\000/\000e\000s\000/\000d\000e\000u\000s\000t\000o\000/\000b\000s\000p\000q\0002\0001\000e\0001\000/\000c\000l\000i\000e\000n\000t\000/\000g\000u\000i\000/\000L\000o\000g\000I\000n\000W\000i\000n\000d\000o\000w\000.\000j\000a\000v\000a\000\040\000F\000i\000l\000e\000\040\000R\000e\000f\000e\000r\000e\000n\000c\000e}{chapter.7}% 364
\BOOKMARK [1][-]{section.7.6}{\376\377\0007\000.\0006\000\040\000s\000r\000c\000/\000m\000a\000i\000n\000/\000j\000a\000v\000a\000/\000e\000s\000/\000d\000e\000u\000s\000t\000o\000/\000b\000s\000p\000q\0002\0001\000e\0001\000/\000c\000l\000i\000e\000n\000t\000/\000g\000u\000i\000/\000M\000a\000i\000n\000W\000i\000n\000d\000o\000w\000.\000j\000a\000v\000a\000\040\000F\000i\000l\000e\000\040\000R\000e\000f\000e\000r\000e\000n\000c\000e}{chapter.7}% 365
\BOOKMARK [1][-]{section.7.7}{\376\377\0007\000.\0007\000\040\000s\000r\000c\000/\000m\000a\000i\000n\000/\000j\000a\000v\000a\000/\000e\000s\000/\000d\000e\000u\000s\000t\000o\000/\000b\000s\000p\000q\0002\0001\000e\0001\000/\000c\000l\000i\000e\000n\000t\000/\000g\000u\000i\000/\000R\000e\000g\000i\000s\000t\000e\000r\000U\000s\000e\000r\000W\000i\000n\000d\000o\000w\000.\000j\000a\000v\000a\000\040\000F\000i\000l\000e\000\040\000R\000e\000f\000e\000r\000e\000n\000c\000e}{chapter.7}% 366
\BOOKMARK [1][-]{section.7.8}{\376\377\0007\000.\0008\000\040\000s\000r\000c\000/\000m\000a\000i\000n\000/\000j\000a\000v\000a\000/\000e\000s\000/\000d\000e\000u\000s\000t\000o\000/\000b\000s\000p\000q\0002\0001\000e\0001\000/\000c\000l\000i\000e\000n\000t\000/\000g\000u\000i\000/\000R\000e\000g\000i\000s\000t\000e\000r\000V\000a\000n\000W\000i\000n\000d\000o\000w\000.\000j\000a\000v\000a\000\040\000F\000i\000l\000e\000\040\000R\000e\000f\000e\000r\000e\000n\000c\000e}{chapter.7}% 367
\BOOKMARK [1][-]{section.7.9}{\376\377\0007\000.\0009\000\040\000s\000r\000c\000/\000m\000a\000i\000n\000/\000j\000a\000v\000a\000/\000e\000s\000/\000d\000e\000u\000s\000t\000o\000/\000b\000s\000p\000q\0002\0001\000e\0001\000/\000c\000l\000i\000e\000n\000t\000/\000g\000u\000i\000/\000R\000e\000m\000o\000v\000e\000A\000c\000c\000o\000u\000n\000t\000W\000i\000n\000d\000o\000w\000.\000j\000a\000v\000a\000\040\000F\000i\000l\000e\000\040\000R\000e\000f\000e\000r\000e\000n\000c\000e}{chapter.7}% 368
\BOOKMARK [1][-]{section.7.10}{\376\377\0007\000.\0001\0000\000\040\000s\000r\000c\000/\000m\000a\000i\000n\000/\000j\000a\000v\000a\000/\000e\000s\000/\000d\000e\000u\000s\000t\000o\000/\000b\000s\000p\000q\0002\0001\000e\0001\000/\000c\000l\000i\000e\000n\000t\000/\000g\000u\000i\000/\000R\000e\000m\000o\000v\000e\000V\000a\000n\000W\000i\000n\000d\000o\000w\000.\000j\000a\000v\000a\000\040\000F\000i\000l\000e\000\040\000R\000e\000f\000e\000r\000e\000n\000c\000e}{chapter.7}% 369
\BOOKMARK [1][-]{section.7.11}{\376\377\0007\000.\0001\0001\000\040\000s\000r\000c\000/\000m\000a\000i\000n\000/\000j\000a\000v\000a\000/\000e\000s\000/\000d\000e\000u\000s\000t\000o\000/\000b\000s\000p\000q\0002\0001\000e\0001\000/\000c\000l\000i\000e\000n\000t\000/\000g\000u\000i\000/\000S\000e\000a\000r\000c\000h\000W\000i\000n\000d\000o\000w\000.\000j\000a\000v\000a\000\040\000F\000i\000l\000e\000\040\000R\000e\000f\000e\000r\000e\000n\000c\000e}{chapter.7}% 370
\BOOKMARK [1][-]{section.7.12}{\376\377\0007\000.\0001\0002\000\040\000s\000r\000c\000/\000m\000a\000i\000n\000/\000j\000a\000v\000a\000/\000e\000s\000/\000d\000e\000u\000s\000t\000o\000/\000b\000s\000p\000q\0002\0001\000e\0001\000/\000c\000l\000i\000e\000n\000t\000/\000m\000a\000i\000n\000/\000A\000i\000r\000B\000V\000C\000l\000i\000e\000n\000t\000.\000j\000a\000v\000a\000\040\000F\000i\000l\000e\000\040\000R\000e\000f\000e\000r\000e\000n\000c\000e}{chapter.7}% 371
\BOOKMARK [1][-]{section.7.13}{\376\377\0007\000.\0001\0003\000\040\000s\000r\000c\000/\000m\000a\000i\000n\000/\000j\000a\000v\000a\000/\000e\000s\000/\000d\000e\000u\000s\000t\000o\000/\000b\000s\000p\000q\0002\0001\000e\0001\000/\000s\000e\000r\000i\000a\000l\000i\000z\000a\000t\000i\000o\000n\000/\000R\000e\000s\000e\000r\000v\000a\000t\000i\000o\000n\000D\000a\000t\000a\000.\000j\000a\000v\000a\000\040\000F\000i\000l\000e\000\040\000R\000e\000f\000e\000r\000e\000n\000c\000e}{chapter.7}% 372
\BOOKMARK [1][-]{section.7.14}{\376\377\0007\000.\0001\0004\000\040\000s\000r\000c\000/\000m\000a\000i\000n\000/\000j\000a\000v\000a\000/\000e\000s\000/\000d\000e\000u\000s\000t\000o\000/\000b\000s\000p\000q\0002\0001\000e\0001\000/\000s\000e\000r\000i\000a\000l\000i\000z\000a\000t\000i\000o\000n\000/\000R\000e\000v\000i\000e\000w\000D\000a\000t\000a\000.\000j\000a\000v\000a\000\040\000F\000i\000l\000e\000\040\000R\000e\000f\000e\000r\000e\000n\000c\000e}{chapter.7}% 373
\BOOKMARK [1][-]{section.7.15}{\376\377\0007\000.\0001\0005\000\040\000s\000r\000c\000/\000m\000a\000i\000n\000/\000j\000a\000v\000a\000/\000e\000s\000/\000d\000e\000u\000s\000t\000o\000/\000b\000s\000p\000q\0002\0001\000e\0001\000/\000s\000e\000r\000i\000a\000l\000i\000z\000a\000t\000i\000o\000n\000/\000U\000s\000e\000r\000D\000a\000t\000a\000.\000j\000a\000v\000a\000\040\000F\000i\000l\000e\000\040\000R\000e\000f\000e\000r\000e\000n\000c\000e}{chapter.7}% 374
\BOOKMARK [1][-]{section.7.16}{\376\377\0007\000.\0001\0006\000\040\000s\000r\000c\000/\000m\000a\000i\000n\000/\000j\000a\000v\000a\000/\000e\000s\000/\000d\000e\000u\000s\000t\000o\000/\000b\000s\000p\000q\0002\0001\000e\0001\000/\000s\000e\000r\000i\000a\000l\000i\000z\000a\000t\000i\000o\000n\000/\000V\000a\000n\000D\000a\000t\000a\000.\000j\000a\000v\000a\000\040\000F\000i\000l\000e\000\040\000R\000e\000f\000e\000r\000e\000n\000c\000e}{chapter.7}% 375
\BOOKMARK [1][-]{section.7.17}{\376\377\0007\000.\0001\0007\000\040\000s\000r\000c\000/\000m\000a\000i\000n\000/\000j\000a\000v\000a\000/\000e\000s\000/\000d\000e\000u\000s\000t\000o\000/\000b\000s\000p\000q\0002\0001\000e\0001\000/\000s\000e\000r\000v\000e\000r\000/\000A\000i\000r\000B\000V\000S\000e\000r\000v\000i\000c\000e\000.\000j\000a\000v\000a\000\040\000F\000i\000l\000e\000\040\000R\000e\000f\000e\000r\000e\000n\000c\000e}{chapter.7}% 376
\BOOKMARK [1][-]{section.7.18}{\376\377\0007\000.\0001\0008\000\040\000s\000r\000c\000/\000m\000a\000i\000n\000/\000j\000a\000v\000a\000/\000e\000s\000/\000d\000e\000u\000s\000t\000o\000/\000b\000s\000p\000q\0002\0001\000e\0001\000/\000s\000e\000r\000v\000e\000r\000/\000d\000a\000o\000/\000D\000B\000M\000a\000n\000a\000g\000e\000r\000.\000j\000a\000v\000a\000\040\000F\000i\000l\000e\000\040\000R\000e\000f\000e\000r\000e\000n\000c\000e}{chapter.7}% 377
\BOOKMARK [1][-]{section.7.19}{\376\377\0007\000.\0001\0009\000\040\000s\000r\000c\000/\000m\000a\000i\000n\000/\000j\000a\000v\000a\000/\000e\000s\000/\000d\000e\000u\000s\000t\000o\000/\000b\000s\000p\000q\0002\0001\000e\0001\000/\000s\000e\000r\000v\000e\000r\000/\000d\000a\000t\000a\000/\000R\000e\000s\000e\000r\000v\000a\000t\000i\000o\000n\000.\000j\000a\000v\000a\000\040\000F\000i\000l\000e\000\040\000R\000e\000f\000e\000r\000e\000n\000c\000e}{chapter.7}% 378
\BOOKMARK [1][-]{section.7.20}{\376\377\0007\000.\0002\0000\000\040\000s\000r\000c\000/\000m\000a\000i\000n\000/\000j\000a\000v\000a\000/\000e\000s\000/\000d\000e\000u\000s\000t\000o\000/\000b\000s\000p\000q\0002\0001\000e\0001\000/\000s\000e\000r\000v\000e\000r\000/\000d\000a\000t\000a\000/\000R\000e\000v\000i\000e\000w\000.\000j\000a\000v\000a\000\040\000F\000i\000l\000e\000\040\000R\000e\000f\000e\000r\000e\000n\000c\000e}{chapter.7}% 379
\BOOKMARK [1][-]{section.7.21}{\376\377\0007\000.\0002\0001\000\040\000s\000r\000c\000/\000m\000a\000i\000n\000/\000j\000a\000v\000a\000/\000e\000s\000/\000d\000e\000u\000s\000t\000o\000/\000b\000s\000p\000q\0002\0001\000e\0001\000/\000s\000e\000r\000v\000e\000r\000/\000d\000a\000t\000a\000/\000U\000s\000e\000r\000.\000j\000a\000v\000a\000\040\000F\000i\000l\000e\000\040\000R\000e\000f\000e\000r\000e\000n\000c\000e}{chapter.7}% 380
\BOOKMARK [1][-]{section.7.22}{\376\377\0007\000.\0002\0002\000\040\000s\000r\000c\000/\000m\000a\000i\000n\000/\000j\000a\000v\000a\000/\000e\000s\000/\000d\000e\000u\000s\000t\000o\000/\000b\000s\000p\000q\0002\0001\000e\0001\000/\000s\000e\000r\000v\000e\000r\000/\000d\000a\000t\000a\000/\000V\000a\000n\000.\000j\000a\000v\000a\000\040\000F\000i\000l\000e\000\040\000R\000e\000f\000e\000r\000e\000n\000c\000e}{chapter.7}% 381
\BOOKMARK [1][-]{section.7.23}{\376\377\0007\000.\0002\0003\000\040\000s\000r\000c\000/\000m\000a\000i\000n\000/\000j\000a\000v\000a\000/\000e\000s\000/\000d\000e\000u\000s\000t\000o\000/\000b\000s\000p\000q\0002\0001\000e\0001\000/\000s\000e\000r\000v\000e\000r\000/\000d\000t\000o\000/\000A\000s\000s\000e\000m\000b\000l\000e\000r\000.\000j\000a\000v\000a\000\040\000F\000i\000l\000e\000\040\000R\000e\000f\000e\000r\000e\000n\000c\000e}{chapter.7}% 382
\BOOKMARK [1][-]{section.7.24}{\376\377\0007\000.\0002\0004\000\040\000s\000r\000c\000/\000m\000a\000i\000n\000/\000j\000a\000v\000a\000/\000e\000s\000/\000d\000e\000u\000s\000t\000o\000/\000b\000s\000p\000q\0002\0001\000e\0001\000/\000s\000e\000r\000v\000e\000r\000/\000r\000e\000m\000o\000t\000e\000/\000A\000i\000r\000B\000V\000.\000j\000a\000v\000a\000\040\000F\000i\000l\000e\000\040\000R\000e\000f\000e\000r\000e\000n\000c\000e}{chapter.7}% 383
\BOOKMARK [1][-]{section.7.25}{\376\377\0007\000.\0002\0005\000\040\000s\000r\000c\000/\000t\000e\000s\000t\000/\000j\000a\000v\000a\000/\000e\000s\000/\000d\000e\000u\000s\000t\000o\000/\000b\000s\000p\000q\0002\0001\000e\0001\000/\000c\000l\000i\000e\000n\000t\000/\000c\000o\000n\000t\000r\000o\000l\000l\000e\000r\000/\000C\000o\000n\000t\000r\000o\000l\000l\000e\000r\000T\000e\000s\000t\000.\000j\000a\000v\000a\000\040\000F\000i\000l\000e\000\040\000R\000e\000f\000e\000r\000e\000n\000c\000e}{chapter.7}% 384
\BOOKMARK [1][-]{section.7.26}{\376\377\0007\000.\0002\0006\000\040\000s\000r\000c\000/\000t\000e\000s\000t\000/\000j\000a\000v\000a\000/\000e\000s\000/\000d\000e\000u\000s\000t\000o\000/\000b\000s\000p\000q\0002\0001\000e\0001\000/\000s\000e\000r\000v\000e\000r\000/\000A\000i\000r\000B\000V\000S\000e\000r\000v\000i\000c\000e\000T\000e\000s\000t\000.\000j\000a\000v\000a\000\040\000F\000i\000l\000e\000\040\000R\000e\000f\000e\000r\000e\000n\000c\000e}{chapter.7}% 385
\BOOKMARK [1][-]{section.7.27}{\376\377\0007\000.\0002\0007\000\040\000s\000r\000c\000/\000t\000e\000s\000t\000/\000j\000a\000v\000a\000/\000e\000s\000/\000d\000e\000u\000s\000t\000o\000/\000b\000s\000p\000q\0002\0001\000e\0001\000/\000s\000e\000r\000v\000e\000r\000/\000d\000a\000o\000/\000D\000B\000M\000a\000n\000a\000g\000e\000r\000T\000e\000s\000t\000.\000j\000a\000v\000a\000\040\000F\000i\000l\000e\000\040\000R\000e\000f\000e\000r\000e\000n\000c\000e}{chapter.7}% 386
\BOOKMARK [1][-]{section.7.28}{\376\377\0007\000.\0002\0008\000\040\000s\000r\000c\000/\000t\000e\000s\000t\000/\000j\000a\000v\000a\000/\000e\000s\000/\000d\000e\000u\000s\000t\000o\000/\000b\000s\000p\000q\0002\0001\000e\0001\000/\000s\000e\000r\000v\000e\000r\000/\000d\000a\000t\000a\000/\000R\000e\000s\000e\000r\000v\000a\000t\000i\000o\000n\000T\000e\000s\000t\000.\000j\000a\000v\000a\000\040\000F\000i\000l\000e\000\040\000R\000e\000f\000e\000r\000e\000n\000c\000e}{chapter.7}% 387
\BOOKMARK [1][-]{section.7.29}{\376\377\0007\000.\0002\0009\000\040\000s\000r\000c\000/\000t\000e\000s\000t\000/\000j\000a\000v\000a\000/\000e\000s\000/\000d\000e\000u\000s\000t\000o\000/\000b\000s\000p\000q\0002\0001\000e\0001\000/\000s\000e\000r\000v\000e\000r\000/\000d\000a\000t\000a\000/\000R\000e\000v\000i\000e\000w\000T\000e\000s\000t\000.\000j\000a\000v\000a\000\040\000F\000i\000l\000e\000\040\000R\000e\000f\000e\000r\000e\000n\000c\000e}{chapter.7}% 388
\BOOKMARK [1][-]{section.7.30}{\376\377\0007\000.\0003\0000\000\040\000s\000r\000c\000/\000t\000e\000s\000t\000/\000j\000a\000v\000a\000/\000e\000s\000/\000d\000e\000u\000s\000t\000o\000/\000b\000s\000p\000q\0002\0001\000e\0001\000/\000s\000e\000r\000v\000e\000r\000/\000d\000a\000t\000a\000/\000U\000s\000e\000r\000T\000e\000s\000t\000.\000j\000a\000v\000a\000\040\000F\000i\000l\000e\000\040\000R\000e\000f\000e\000r\000e\000n\000c\000e}{chapter.7}% 389
\BOOKMARK [1][-]{section.7.31}{\376\377\0007\000.\0003\0001\000\040\000s\000r\000c\000/\000t\000e\000s\000t\000/\000j\000a\000v\000a\000/\000e\000s\000/\000d\000e\000u\000s\000t\000o\000/\000b\000s\000p\000q\0002\0001\000e\0001\000/\000s\000e\000r\000v\000e\000r\000/\000d\000a\000t\000a\000/\000V\000a\000n\000T\000e\000s\000t\000.\000j\000a\000v\000a\000\040\000F\000i\000l\000e\000\040\000R\000e\000f\000e\000r\000e\000n\000c\000e}{chapter.7}% 390
\BOOKMARK [0][-]{section*.121}{\376\377\000I\000n\000d\000e\000x}{}% 391
